<?xml version="1.0" encoding="UTF-8"?>
<testsuite name="Sanity limpieza y aprovisionamiento de recursos" tests="1" skipped="0" failures="1" errors="0" timestamp="2022-05-24T22:50:40" hostname="22LAP5CD1195RQX" time="81.034">
  <properties/>
  <testcase name="se requiere realizar la reconexion de una linea" classname="Sanity limpieza y aprovisionamiento de recursos" time="81.034">
    <failure message="org.openqa.selenium.NoSuchElementException: Unable to locate element: #j_id135\:j_id157&#10;For documentation on this error, please visit: https://www.seleniumhq.org/exceptions/no_such_element.html&#10;Build info: version: '3.141.59', revision: 'e82be7d358', time: '2018-11-14T08:17:03'&#10;System info: host: '22LAP5CD1195RQX', ip: '192.168.10.25', os.name: 'Windows 10', os.arch: 'amd64', os.version: '10.0', java.version: '1.8.0_291'&#10;Driver info: org.openqa.selenium.firefox.FirefoxDriver&#10;Capabilities {acceptInsecureCerts: true, browserName: firefox, browserVersion: 72.0.2, javascriptEnabled: true, moz:accessibilityChecks: false, moz:buildID: 20200117190643, moz:geckodriverVersion: 0.29.0, moz:headless: false, moz:processID: 26800, moz:profile: C:\Users\nriosa\AppData\Loc..., moz:shutdownTimeout: 60000, moz:useNonSpecCompliantPointerOrigin: false, moz:webdriverClick: true, pageLoadStrategy: normal, platform: WINDOWS, platformName: WINDOWS, platformVersion: 10.0, rotatable: false, setWindowRect: true, strictFileInteractability: false, timeouts: {implicit: 0, pageLoad: 300000, script: 30000}, unhandledPromptBehavior: dismiss and notify}&#10;Session ID: 76ec6fd9-fbae-4e25-ae1e-97d6888c6a6f&#10;*** Element info: {Using=id, value=j_id135:j_id157}" type="org.openqa.selenium.NoSuchElementException">org.openqa.selenium.NoSuchElementException: Unable to locate element: #j_id135\:j_id157
For documentation on this error, please visit: https://www.seleniumhq.org/exceptions/no_such_element.html
Build info: version: '3.141.59', revision: 'e82be7d358', time: '2018-11-14T08:17:03'
System info: host: '22LAP5CD1195RQX', ip: '192.168.10.25', os.name: 'Windows 10', os.arch: 'amd64', os.version: '10.0', java.version: '1.8.0_291'
Driver info: org.openqa.selenium.firefox.FirefoxDriver
Capabilities {acceptInsecureCerts: true, browserName: firefox, browserVersion: 72.0.2, javascriptEnabled: true, moz:accessibilityChecks: false, moz:buildID: 20200117190643, moz:geckodriverVersion: 0.29.0, moz:headless: false, moz:processID: 26800, moz:profile: C:\Users\nriosa\AppData\Loc..., moz:shutdownTimeout: 60000, moz:useNonSpecCompliantPointerOrigin: false, moz:webdriverClick: true, pageLoadStrategy: normal, platform: WINDOWS, platformName: WINDOWS, platformVersion: 10.0, rotatable: false, setWindowRect: true, strictFileInteractability: false, timeouts: {implicit: 0, pageLoad: 300000, script: 30000}, unhandledPromptBehavior: dismiss and notify}
Session ID: 76ec6fd9-fbae-4e25-ae1e-97d6888c6a6f
*** Element info: {Using=id, value=j_id135:j_id157}
	at sun.reflect.NativeConstructorAccessorImpl.newInstance0(Native Method)
	at sun.reflect.NativeConstructorAccessorImpl.newInstance(NativeConstructorAccessorImpl.java:62)
	at sun.reflect.DelegatingConstructorAccessorImpl.newInstance(DelegatingConstructorAccessorImpl.java:45)
	at java.lang.reflect.Constructor.newInstance(Constructor.java:423)
	at org.openqa.selenium.remote.http.W3CHttpResponseCodec.createException(W3CHttpResponseCodec.java:187)
	at org.openqa.selenium.remote.http.W3CHttpResponseCodec.decode(W3CHttpResponseCodec.java:122)
	at org.openqa.selenium.remote.http.W3CHttpResponseCodec.decode(W3CHttpResponseCodec.java:49)
	at org.openqa.selenium.remote.HttpCommandExecutor.execute(HttpCommandExecutor.java:158)
	at org.openqa.selenium.remote.service.DriverCommandExecutor.execute(DriverCommandExecutor.java:83)
	at org.openqa.selenium.remote.RemoteWebDriver.execute(RemoteWebDriver.java:552)
	at org.openqa.selenium.remote.RemoteWebDriver.findElement(RemoteWebDriver.java:323)
	at org.openqa.selenium.remote.RemoteWebDriver.findElementById(RemoteWebDriver.java:372)
	at org.openqa.selenium.By$ById.findElement(By.java:188)
	at org.openqa.selenium.remote.RemoteWebDriver.findElement(RemoteWebDriver.java:315)
	at net.thucydides.core.webdriver.WebDriverFacade.findElement(WebDriverFacade.java:222)
	at com.indra.actions.PortabilityPrepaidActions.consultSingleScreen2(PortabilityPrepaidActions.java:428)
	at com.indra.actions.PortabilityPrepaidActions.validateLineTemporal1(PortabilityPrepaidActions.java:411)
	at com.indra.steps_definitions.SanitySteps.seDeberiaVerEnPantallaUnicaLaLineaEnEstadoActivadoLaLineaPrepagoPortada(SanitySteps.java:311)
	at ✽.Se deberia ver en pantalla unica la linea en estado activado la linea prepago portada(src/test/resources/features/execute.feature:100)
</failure>
  </testcase>
  <system-out><![CDATA[17:50:41.977 [Test worker] INFO net.serenitybdd.core.webdriver.driverproviders.ProvideNewDriver - Instantiating driver
17:50:41.977 [Test worker] INFO net.serenitybdd.core.webdriver.driverproviders.ProvideNewDriver - Driver capabilities: Capabilities {acceptInsecureCerts: true, browserName: firefox, firefox_profile: org.openqa.selenium.firefox..., headless: false, loggingPrefs: org.openqa.selenium.logging..., marionette: true, moz:firefoxOptions: {}, platform: ANY, version: }
17:50:50.764 [Test worker] DEBUG net.serenitybdd.core.photography.Darkroom - Opening darkroom
17:50:50.766 [Darkroom Processing Line] DEBUG net.serenitybdd.core.photography.DarkroomProcessingLine - Darkroom processing line starting up
17:50:51.110 [Test worker] DEBUG net.serenitybdd.core.photography.Darkroom - Send negative for processing for C:\Users\nriosa\Desktop\SanitySemillas\SanitySemilla2\target\site\serenity\8a6c552499fef698e1b57ab10a498f752a43ff0b2becb28712565b39c41ecb96.png
17:50:52.135 [Test worker] DEBUG net.serenitybdd.core.photography.Darkroom - Send negative for processing for C:\Users\nriosa\Desktop\SanitySemillas\SanitySemilla2\target\site\serenity\d1f7553147769a75b87043926a8b3b0bf936fafaf394c13940c8b35f79332bae.png
17:50:55.661 [Test worker] DEBUG net.serenitybdd.core.photography.Darkroom - Send negative for processing for C:\Users\nriosa\Desktop\SanitySemillas\SanitySemilla2\target\site\serenity\90d5e24bb27c597af57642a285344ac39cd586a8c11fc1f610a1ed72421cfd05.png
17:50:55.832 [Test worker] DEBUG net.serenitybdd.core.photography.Darkroom - Send negative for processing for C:\Users\nriosa\Desktop\SanitySemillas\SanitySemilla2\target\site\serenity\90d5e24bb27c597af57642a285344ac39cd586a8c11fc1f610a1ed72421cfd05.png
17:50:56.005 [Test worker] DEBUG net.serenitybdd.core.photography.Darkroom - Send negative for processing for C:\Users\nriosa\Desktop\SanitySemillas\SanitySemilla2\target\site\serenity\90d5e24bb27c597af57642a285344ac39cd586a8c11fc1f610a1ed72421cfd05.png
17:50:57.752 [Test worker] DEBUG net.serenitybdd.core.photography.Darkroom - Send negative for processing for C:\Users\nriosa\Desktop\SanitySemillas\SanitySemilla2\target\site\serenity\90d5e24bb27c597af57642a285344ac39cd586a8c11fc1f610a1ed72421cfd05.png
aca esta el msisdn *****3045984556
Update PORT_IN_ACK_RECIBIDO - Exitoso
Update PORT_ID - Exitoso
USSDWP417C515F05
17:51:00.998 [Test worker] DEBUG net.serenitybdd.core.photography.Darkroom - Send negative for processing for C:\Users\nriosa\Desktop\SanitySemillas\SanitySemilla2\target\site\serenity\90d5e24bb27c597af57642a285344ac39cd586a8c11fc1f610a1ed72421cfd05.png
17:51:05.166 [Test worker] DEBUG org.apache.http.impl.conn.BasicClientConnectionManager - Get connection for route {}->http://10.69.60.56:8080
17:51:05.173 [Test worker] DEBUG org.apache.http.impl.conn.DefaultClientConnectionOperator - Connecting to 10.69.60.56:8080
17:51:05.233 [Test worker] DEBUG org.apache.http.client.protocol.RequestAddCookies - CookieSpec selected: ignoreCookies
17:51:05.234 [Test worker] DEBUG org.apache.http.client.protocol.RequestAuthCache - Auth cache not set in the context
17:51:05.234 [Test worker] DEBUG org.apache.http.client.protocol.RequestTargetAuthentication - Target auth state: UNCHALLENGED
17:51:05.234 [Test worker] DEBUG org.apache.http.client.protocol.RequestProxyAuthentication - Proxy auth state: UNCHALLENGED
17:51:05.234 [Test worker] DEBUG org.apache.http.impl.client.DefaultHttpClient - Attempt 1 to execute request
17:51:05.235 [Test worker] DEBUG org.apache.http.impl.conn.DefaultClientConnection - Sending request: POST /PortabilidadServiceEAR-HPNPCommunicationsDelegateEJB/NPCRMWSImpl HTTP/1.1
17:51:05.235 [Test worker] DEBUG org.apache.http.wire -  >> "POST /PortabilidadServiceEAR-HPNPCommunicationsDelegateEJB/NPCRMWSImpl HTTP/1.1[\r][\n]"
17:51:05.236 [Test worker] DEBUG org.apache.http.wire -  >> "Accept: */*[\r][\n]"
17:51:05.236 [Test worker] DEBUG org.apache.http.wire -  >> "Content-Type: text/xml;charset=UTF-8[\r][\n]"
17:51:05.236 [Test worker] DEBUG org.apache.http.wire -  >> "Content-Length: 974[\r][\n]"
17:51:05.236 [Test worker] DEBUG org.apache.http.wire -  >> "Host: 10.69.60.56:8080[\r][\n]"
17:51:05.236 [Test worker] DEBUG org.apache.http.wire -  >> "Connection: Keep-Alive[\r][\n]"
17:51:05.236 [Test worker] DEBUG org.apache.http.wire -  >> "User-Agent: Apache-HttpClient/4.5.9 (Java/1.8.0_291)[\r][\n]"
17:51:05.236 [Test worker] DEBUG org.apache.http.wire -  >> "Accept-Encoding: gzip,deflate[\r][\n]"
17:51:05.236 [Test worker] DEBUG org.apache.http.wire -  >> "[\r][\n]"
17:51:05.236 [Test worker] DEBUG org.apache.http.headers - >> POST /PortabilidadServiceEAR-HPNPCommunicationsDelegateEJB/NPCRMWSImpl HTTP/1.1
17:51:05.236 [Test worker] DEBUG org.apache.http.headers - >> Accept: */*
17:51:05.236 [Test worker] DEBUG org.apache.http.headers - >> Content-Type: text/xml;charset=UTF-8
17:51:05.236 [Test worker] DEBUG org.apache.http.headers - >> Content-Length: 974
17:51:05.236 [Test worker] DEBUG org.apache.http.headers - >> Host: 10.69.60.56:8080
17:51:05.236 [Test worker] DEBUG org.apache.http.headers - >> Connection: Keep-Alive
17:51:05.236 [Test worker] DEBUG org.apache.http.headers - >> User-Agent: Apache-HttpClient/4.5.9 (Java/1.8.0_291)
17:51:05.236 [Test worker] DEBUG org.apache.http.headers - >> Accept-Encoding: gzip,deflate
17:51:05.237 [Test worker] DEBUG org.apache.http.wire -  >> "<soapenv:Envelope xmlns:soapenv="http://schemas.xmlsoap.org/soap/envelope/" xmlns:npc="http://NPCRMWS.hp.com/">[\n]"
17:51:05.238 [Test worker] DEBUG org.apache.http.wire -  >> "<soapenv:Header/>[\n]"
17:51:05.238 [Test worker] DEBUG org.apache.http.wire -  >> "<soapenv:Body>[\n]"
17:51:05.238 [Test worker] DEBUG org.apache.http.wire -  >> "<npc:processRequest>[\n]"
17:51:05.238 [Test worker] DEBUG org.apache.http.wire -  >> "<inputXML><![CDATA[<urn:GenericNPMessage xmlns:urn="urn:ngn:mnp">[\n]"
17:51:05.238 [Test worker] DEBUG org.apache.http.wire -  >> "<urn:MessageHeader>[\n]"
17:51:05.238 [Test worker] DEBUG org.apache.http.wire -  >> "<urn:MessageID>132</urn:MessageID>[\n]"
17:51:05.238 [Test worker] DEBUG org.apache.http.wire -  >> "<urn:MessageTimeStamp>2022-03-08T05:43:10.021-05:00</urn:MessageTimeStamp>[\n]"
17:51:05.239 [Test worker] DEBUG org.apache.http.wire -  >> "<urn:LSAID>101</urn:LSAID>[\n]"
17:51:05.239 [Test worker] DEBUG org.apache.http.wire -  >> "<urn:OperatorTrxID>1653431980946</urn:OperatorTrxID>[\n]"
17:51:05.239 [Test worker] DEBUG org.apache.http.wire -  >> "<urn:NPTrxID>84556</urn:NPTrxID>[\n]"
17:51:05.239 [Test worker] DEBUG org.apache.http.wire -  >> "<urn:ClearingHouseID>1</urn:ClearingHouseID>[\n]"
17:51:05.239 [Test worker] DEBUG org.apache.http.wire -  >> "</urn:MessageHeader><urn:MessageContent>[\n]"
17:51:05.239 [Test worker] DEBUG org.apache.http.wire -  >> "<urn:GenServiceActivationRequest>[\n]"
17:51:05.239 [Test worker] DEBUG org.apache.http.wire -  >> "<urn:TNList>[\n]"
17:51:05.239 [Test worker] DEBUG org.apache.http.wire -  >> "<urn:NumberFrom>3045984556</urn:NumberFrom>[\n]"
17:51:05.239 [Test worker] DEBUG org.apache.http.wire -  >> "<urn:NumberTo>3045984556</urn:NumberTo>[\n]"
17:51:05.239 [Test worker] DEBUG org.apache.http.wire -  >> "<urn:PortID>00002201108240184556</urn:PortID>[\n]"
17:51:05.239 [Test worker] DEBUG org.apache.http.wire -  >> "</urn:TNList>[\n]"
17:51:05.239 [Test worker] DEBUG org.apache.http.wire -  >> "<urn:DonorID>104</urn:DonorID>[\n]"
17:51:05.239 [Test worker] DEBUG org.apache.http.wire -  >> "<urn:RecipientID>102</urn:RecipientID>[\n]"
17:51:05.239 [Test worker] DEBUG org.apache.http.wire -  >> "</urn:GenServiceActivationRequest>[\n]"
17:51:05.239 [Test worker] DEBUG org.apache.http.wire -  >> "</urn:MessageContent>[\n]"
17:51:05.239 [Test worker] DEBUG org.apache.http.wire -  >> "</urn:GenericNPMessage>]]]]><![CDATA[></inputXML>[\n]"
17:51:05.239 [Test worker] DEBUG org.apache.http.wire -  >> "</npc:processRequest>[\n]"
17:51:05.239 [Test worker] DEBUG org.apache.http.wire -  >> "</soapenv:Body>[\n]"
17:51:05.239 [Test worker] DEBUG org.apache.http.wire -  >> "</soapenv:Envelope>"
17:51:05.621 [Test worker] DEBUG org.apache.http.wire -  << "HTTP/1.1 200 OK[\r][\n]"
17:51:05.623 [Test worker] DEBUG org.apache.http.wire -  << "Server: Apache-Coyote/1.1[\r][\n]"
17:51:05.623 [Test worker] DEBUG org.apache.http.wire -  << "X-Powered-By: Servlet 2.4; JBoss-4.2.3.GA (build: SVNTag=JBoss_4_2_3_GA date=200807181417)/JBossWeb-2.0[\r][\n]"
17:51:05.623 [Test worker] DEBUG org.apache.http.wire -  << "Content-Type: text/xml;charset=UTF-8[\r][\n]"
17:51:05.623 [Test worker] DEBUG org.apache.http.wire -  << "Transfer-Encoding: chunked[\r][\n]"
17:51:05.623 [Test worker] DEBUG org.apache.http.wire -  << "Date: Tue, 24 May 2022 22:51:42 GMT[\r][\n]"
17:51:05.623 [Test worker] DEBUG org.apache.http.wire -  << "[\r][\n]"
17:51:05.623 [Test worker] DEBUG org.apache.http.impl.conn.DefaultClientConnection - Receiving response: HTTP/1.1 200 OK
17:51:05.623 [Test worker] DEBUG org.apache.http.headers - << HTTP/1.1 200 OK
17:51:05.623 [Test worker] DEBUG org.apache.http.headers - << Server: Apache-Coyote/1.1
17:51:05.623 [Test worker] DEBUG org.apache.http.headers - << X-Powered-By: Servlet 2.4; JBoss-4.2.3.GA (build: SVNTag=JBoss_4_2_3_GA date=200807181417)/JBossWeb-2.0
17:51:05.623 [Test worker] DEBUG org.apache.http.headers - << Content-Type: text/xml;charset=UTF-8
17:51:05.623 [Test worker] DEBUG org.apache.http.headers - << Transfer-Encoding: chunked
17:51:05.623 [Test worker] DEBUG org.apache.http.headers - << Date: Tue, 24 May 2022 22:51:42 GMT
17:51:05.629 [Test worker] DEBUG org.apache.http.impl.client.DefaultHttpClient - Connection can be kept alive indefinitely
17:51:05.673 [Test worker] DEBUG io.restassured.internal.RequestSpecificationImpl$RestAssuredHttpBuilder - Parsing response as: text/xml;charset=UTF-8
17:51:05.673 [Test worker] DEBUG io.restassured.internal.RequestSpecificationImpl$RestAssuredHttpBuilder - Parsed data to instance of: class org.apache.http.conn.EofSensorInputStream
17:51:05.716 [Test worker] DEBUG org.apache.http.wire -  << "ef[\r][\n]"
17:51:05.716 [Test worker] DEBUG org.apache.http.wire -  << "<env:Envelope xmlns:env='http://schemas.xmlsoap.org/soap/envelope/'><env:Header></env:Header><env:Body><ns1:processRequestResponse xmlns:ns1="http://NPCRMWS.hp.com/"><return>0</return></ns1:processRequestResponse></env:Body></env:Envelope>"
17:51:05.717 [Test worker] DEBUG org.apache.http.wire -  << "[\r][\n]"
17:51:05.717 [Test worker] DEBUG org.apache.http.wire -  << "0[\r][\n]"
17:51:05.717 [Test worker] DEBUG org.apache.http.wire -  << "[\r][\n]"
17:51:05.717 [Test worker] DEBUG org.apache.http.impl.conn.BasicClientConnectionManager - Releasing connection org.apache.http.impl.conn.ManagedClientConnectionImpl@4a3f5180
17:51:05.717 [Test worker] DEBUG org.apache.http.impl.conn.BasicClientConnectionManager - Connection can be kept alive indefinitely
null
17:51:06.236 [Test worker] DEBUG net.serenitybdd.core.photography.Darkroom - Send negative for processing for C:\Users\nriosa\Desktop\SanitySemillas\SanitySemilla2\target\site\serenity\90d5e24bb27c597af57642a285344ac39cd586a8c11fc1f610a1ed72421cfd05.png
conexion iniciada
comando ejecutado
comando no logro ejecucion
comando no ejecutado
comando no ejecutado
comando no ejecutado
17:51:07.176 [Test worker] DEBUG net.serenitybdd.core.photography.Darkroom - Send negative for processing for C:\Users\nriosa\Desktop\SanitySemillas\SanitySemilla2\target\site\serenity\90d5e24bb27c597af57642a285344ac39cd586a8c11fc1f610a1ed72421cfd05.png
17:51:08.168 [Test worker] DEBUG net.serenitybdd.core.photography.Darkroom - Send negative for processing for C:\Users\nriosa\Desktop\SanitySemillas\SanitySemilla2\target\site\serenity\90d5e24bb27c597af57642a285344ac39cd586a8c11fc1f610a1ed72421cfd05.png
17:51:08.730 [Test worker] DEBUG net.serenitybdd.core.photography.Darkroom - Send negative for processing for C:\Users\nriosa\Desktop\SanitySemillas\SanitySemilla2\target\site\serenity\af7c6775cff514a33f5651bf7aafdd0b472d65b345f136e6c13b2bbc3d6b587e.png
17:51:09.316 [Test worker] DEBUG net.serenitybdd.core.photography.Darkroom - Send negative for processing for C:\Users\nriosa\Desktop\SanitySemillas\SanitySemilla2\target\site\serenity\24c29a0be3f348760d71d0a96d0406538f54b19af4e3b00139db1d07d24d2af6.png
17:51:09.877 [Test worker] DEBUG net.serenitybdd.core.photography.Darkroom - Send negative for processing for C:\Users\nriosa\Desktop\SanitySemillas\SanitySemilla2\target\site\serenity\82255d70a50ce83fef72b7a60c4c2cca75ef3c074cf0aeb7dc961049f6f9dbfe.png
17:51:10.975 [Test worker] DEBUG net.serenitybdd.core.photography.Darkroom - Send negative for processing for C:\Users\nriosa\Desktop\SanitySemillas\SanitySemilla2\target\site\serenity\31d525f6b595afc8f715427a9e26d277d7bab1fd82a127bab3b6a26aebc1feef.png
17:51:11.627 [Test worker] DEBUG net.serenitybdd.core.photography.Darkroom - Send negative for processing for C:\Users\nriosa\Desktop\SanitySemillas\SanitySemilla2\target\site\serenity\e9b1c211366b77cc0062c7beb06f4bff9b53ab6cb5b291428731d010d19fe088.png
17:51:57.900 [Test worker] DEBUG net.serenitybdd.core.photography.Darkroom - Send negative for processing for C:\Users\nriosa\Desktop\SanitySemillas\SanitySemilla2\target\site\serenity\e9c5c991abe857123299af30b99f2ef9d7199fc79bb32626a2bb947b4d3e66b4.png
17:51:57.902 [Darkroom Processing Line] DEBUG net.serenitybdd.core.photography.DarkroomProcessingLine - Processing screenshot image in /var/screenshots/screenshot-57005934737009889
17:51:57.902 [Darkroom Processing Line] DEBUG net.serenitybdd.core.photography.DarkroomProcessingLine - Saving screenshot to C:\Users\nriosa\Desktop\SanitySemillas\SanitySemilla2\target\site\serenity\e9c5c991abe857123299af30b99f2ef9d7199fc79bb32626a2bb947b4d3e66b4.png
17:52:01.795 [Test worker] ERROR net.thucydides.core.steps.ConsoleLoggingListener - ?[91m
           __  _____ _____ ____ _____   _____ _    ___ _     _____ ____  
  _       / / |_   _| ____/ ___|_   _| |  ___/ \  |_ _| |   | ____|  _ \ 
 (_)_____| |    | | |  _| \___ \ | |   | |_ / _ \  | || |   |  _| | | | |
  _|_____| |    | | | |___ ___) || |   |  _/ ___ \ | || |___| |___| |_| |
 (_)     | |    |_| |_____|____/ |_|   |_|/_/   \_\___|_____|_____|____/ 
          \_\                                                            

TEST FAILED WITH ERROR: se requiere realizar la reconexion de una linea
---------------------------------------------------------------------?[0m
17:52:01.798 [Test worker] DEBUG net.thucydides.core.steps.ConsoleLoggingListener - RELATED ISSUES: 
17:52:01.862 [Test worker] ERROR net.thucydides.core.steps.ConsoleLoggingListener - ?[91mTEST FAILED AT STEP Then Se deberia ver en pantalla unica la linea en estado activado la linea prepago portada?[0m
17:52:01.863 [Test worker] ERROR net.thucydides.core.steps.ConsoleLoggingListener - Unable to locate element: #j_id135\:j_id157
]]></system-out>
  <system-err><![CDATA[may 24, 2022 5:50:41 PM org.openqa.selenium.remote.DesiredCapabilities firefox
INFORMACIÓN: Using `new FirefoxOptions()` is preferred to `DesiredCapabilities.firefox()`
may 24, 2022 5:50:41 PM org.openqa.selenium.remote.DesiredCapabilities firefox
INFORMACIÓN: Using `new FirefoxOptions()` is preferred to `DesiredCapabilities.firefox()`
1653432642761	geckodriver	INFO	Listening on 127.0.0.1:20552
1653432643308	mozrunner::runner	INFO	Running command: "C:\\Program Files\\Mozilla Firefox\\firefox.exe" "--marionette" "-foreground" "-no-remote" "-profile" "C:\\Users\\nriosa\\AppData\\Local\\Temp\\rust_mozprofileqkGWv1"
1653432644187	addons.webextension.doh-rollout@mozilla.org	WARN	Loading extension 'doh-rollout@mozilla.org': Reading manifest: Invalid extension permission: networkStatus
1653432644220	addons.webextension.screenshots@mozilla.org	WARN	Loading extension 'screenshots@mozilla.org': Reading manifest: Invalid extension permission: mozillaAddons
1653432644220	addons.webextension.screenshots@mozilla.org	WARN	Loading extension 'screenshots@mozilla.org': Reading manifest: Invalid extension permission: telemetry
1653432644220	addons.webextension.screenshots@mozilla.org	WARN	Loading extension 'screenshots@mozilla.org': Reading manifest: Invalid extension permission: resource://pdf.js/
1653432644220	addons.webextension.screenshots@mozilla.org	WARN	Loading extension 'screenshots@mozilla.org': Reading manifest: Invalid extension permission: about:reader*
JavaScript error: resource://gre/modules/XULStore.jsm, line 66: Error: Can't find profile directory.
1653432647454	Marionette	INFO	Listening on port 59777
1653432647758	Marionette	WARN	TLS certificate errors will be ignored for this session
may 24, 2022 5:50:47 PM org.openqa.selenium.remote.ProtocolHandshake createSession
INFORMACIÓN: Detected dialect: W3C
JavaScript error: http://10.69.60.61:8280/portal/scripts/3.8.16.Final-redhat-1/SHARED/bootstrap-min.js, line 7: Error: Script error for: SHARED/base
http://requirejs.org/docs/errors.html#scripterror
JavaScript error: http://10.69.60.61:8280/portal/scripts/3.8.16.Final-redhat-1/SHARED/bootstrap-min.js, line 7: Error: Script error for: SHARED/navigation
http://requirejs.org/docs/errors.html#scripterror
JavaScript error: http://10.69.60.61:8280/portal/scripts/3.8.16.Final-redhat-1/SHARED/bootstrap-min.js, line 7: Error: Script error for: SHARED/jquery
http://requirejs.org/docs/errors.html#scripterror
JavaScript warning: http://10.69.60.61:8280/portal/CRMPortal/Consultas?portal:windowState=normal&portal:componentId=gtnc323725e-6efe-4037-9f93-1bc06edfa941&portal:resourceID=/org.rf.res/org/richfaces/ui.pack.js&portal:cacheLevel=PAGE&portal:type=resource&portal:portletMode=view, line 10431: unreachable code after return statement
JavaScript warning: http://10.69.60.61:8280/portal/CRMPortal/Consultas?portal:windowState=normal&portal:componentId=gtnc323725e-6efe-4037-9f93-1bc06edfa941&portal:resourceID=/org.rf.res/org/richfaces/ui.pack.js&portal:cacheLevel=PAGE&portal:type=resource&portal:portletMode=view, line 10431: unreachable code after return statement
JavaScript error: http://10.69.60.61:8280/portal/CRMPortal/Consultas, line 1: ReferenceError: setIframeListeners is not defined
JavaScript warning: http://10.69.60.61:8280/portal/CRMPortal/Consultas?portal:windowState=normal&portal:componentId=gtnc323725e-6efe-4037-9f93-1bc06edfa941&portal:resourceID=/org.rf.res/org/richfaces/ui.pack.js&portal:cacheLevel=PAGE&portal:type=resource&portal:portletMode=view, line 10431: unreachable code after return statement
JavaScript warning: http://10.69.60.61:8280/portal/CRMPortal/Consultas?portal:windowState=normal&portal:componentId=gtnc323725e-6efe-4037-9f93-1bc06edfa941&portal:resourceID=/org.rf.res/org/richfaces/ui.pack.js&portal:cacheLevel=PAGE&portal:type=resource&portal:portletMode=view, line 10431: unreachable code after return statement
JavaScript error: http://10.69.60.61:8280/portal/CRMPortal/Consultas, line 1: ReferenceError: setIframeListeners is not defined
JavaScript error: http://10.69.60.61:8280/portal/CRMPortal/Consultas, line 1: ReferenceError: setIframeListeners is not defined
1653432718090	Marionette	INFO	Stopped listening on port 59777
Extension error: [Exception... "Component not initialized"  nsresult: "0xc1f30001 (NS_ERROR_NOT_INITIALIZED)"  location: "JS frame :: moz-extension://6eb63e5d-d6bb-4619-b90e-c070bf3c6722/main.js :: connect :: line 12034"  data: no] undefined 12034
[[Exception stack
connect@moz-extension://6eb63e5d-d6bb-4619-b90e-c070bf3c6722/main.js:12034:23
onPortDisconnected@moz-extension://6eb63e5d-d6bb-4619-b90e-c070bf3c6722/main.js:20120:30
makeConnection/channel<@moz-extension://6eb63e5d-d6bb-4619-b90e-c070bf3c6722/main.js:20093:136
handleDisconnect@moz-extension://6eb63e5d-d6bb-4619-b90e-c070bf3c6722/main.js:12138:14
connect/</<@moz-extension://6eb63e5d-d6bb-4619-b90e-c070bf3c6722/main.js:12020:63
Current stack
applySafeWithoutClone@resource://gre/modules/ExtensionCommon.jsm:606:13
addListener/asyncWithoutClone/<@resource://gre/modules/ExtensionCommon.jsm:2443:39
]]

###!!! [Child][RunMessage] Error: Channel closing: too late to send/recv, messages will be lost


###!!! [Child][MessageChannel::SendAndWait] Error: Channel error: cannot send/recv

]]></system-err>
</testsuite>
