<?xml version="1.0" encoding="UTF-8"?>
<testsuite name="Sanity limpieza y aprovisionamiento de recursos" tests="4" skipped="0" failures="1" errors="0" timestamp="2022-05-18T19:50:08" hostname="22LAP5CD1195R94" time="190.09">
  <properties/>
  <testcase name="se quiere ingresar a la plataforma epos" classname="Sanity limpieza y aprovisionamiento de recursos" time="64.341"/>
  <testcase name="realizar el cargue de inventario" classname="Sanity limpieza y aprovisionamiento de recursos" time="27.837"/>
  <testcase name="realizar la confirmacion de inventario" classname="Sanity limpieza y aprovisionamiento de recursos" time="21.138"/>
  <testcase name="se requiere realizar una activacion prepago" classname="Sanity limpieza y aprovisionamiento de recursos" time="76.756">
    <failure message="java.lang.AssertionError: La activacion fue exitosa&#10;Expected: &quot;ACTIVACION EXITOSA&quot;&#10;     but: was &quot;Ha ocurrido un error&quot;" type="java.lang.AssertionError">java.lang.AssertionError: La activacion fue exitosa
Expected: &quot;ACTIVACION EXITOSA&quot;
     but: was &quot;Ha ocurrido un error&quot;
	at org.hamcrest.MatcherAssert.assertThat(MatcherAssert.java:20)
	at com.indra.actions.PrepaidActivationActions.demographicInformation(PrepaidActivationActions.java:82)
	at com.indra.steps_definitions.SanitySteps.seHaceActivacionDeUnaLineaEnPrepago(SanitySteps.java:112)
	at ✽.Se hace activacion de una linea en prepago(src/test/resources/features/execute.feature:28)
</failure>
  </testcase>
  <system-out><![CDATA[14:50:11.182 [Test worker] DEBUG org.apache.http.impl.conn.BasicClientConnectionManager - Get connection for route {}->http://10.65.45.12:9001
14:50:11.191 [Test worker] DEBUG org.apache.http.impl.conn.DefaultClientConnectionOperator - Connecting to 10.65.45.12:9001
14:50:11.255 [Test worker] DEBUG org.apache.http.client.protocol.RequestAddCookies - CookieSpec selected: ignoreCookies
14:50:11.256 [Test worker] DEBUG org.apache.http.client.protocol.RequestAuthCache - Auth cache not set in the context
14:50:11.256 [Test worker] DEBUG org.apache.http.client.protocol.RequestTargetAuthentication - Target auth state: UNCHALLENGED
14:50:11.256 [Test worker] DEBUG org.apache.http.client.protocol.RequestProxyAuthentication - Proxy auth state: UNCHALLENGED
14:50:11.256 [Test worker] DEBUG org.apache.http.impl.client.DefaultHttpClient - Attempt 1 to execute request
14:50:11.257 [Test worker] DEBUG org.apache.http.impl.conn.DefaultClientConnection - Sending request: POST /gatewaycbs/BcServicesInt HTTP/1.1
14:50:11.257 [Test worker] DEBUG org.apache.http.wire -  >> "POST /gatewaycbs/BcServicesInt HTTP/1.1[\r][\n]"
14:50:11.258 [Test worker] DEBUG org.apache.http.wire -  >> "Accept: */*[\r][\n]"
14:50:11.258 [Test worker] DEBUG org.apache.http.wire -  >> "Content-Type: text/xml;charset=UTF-8[\r][\n]"
14:50:11.258 [Test worker] DEBUG org.apache.http.wire -  >> "Content-Length: 748[\r][\n]"
14:50:11.258 [Test worker] DEBUG org.apache.http.wire -  >> "Host: 10.65.45.12:9001[\r][\n]"
14:50:11.258 [Test worker] DEBUG org.apache.http.wire -  >> "Connection: Keep-Alive[\r][\n]"
14:50:11.258 [Test worker] DEBUG org.apache.http.wire -  >> "User-Agent: Apache-HttpClient/4.5.9 (Java/1.8.0_301)[\r][\n]"
14:50:11.258 [Test worker] DEBUG org.apache.http.wire -  >> "Accept-Encoding: gzip,deflate[\r][\n]"
14:50:11.258 [Test worker] DEBUG org.apache.http.wire -  >> "[\r][\n]"
14:50:11.258 [Test worker] DEBUG org.apache.http.headers - >> POST /gatewaycbs/BcServicesInt HTTP/1.1
14:50:11.258 [Test worker] DEBUG org.apache.http.headers - >> Accept: */*
14:50:11.258 [Test worker] DEBUG org.apache.http.headers - >> Content-Type: text/xml;charset=UTF-8
14:50:11.258 [Test worker] DEBUG org.apache.http.headers - >> Content-Length: 748
14:50:11.258 [Test worker] DEBUG org.apache.http.headers - >> Host: 10.65.45.12:9001
14:50:11.258 [Test worker] DEBUG org.apache.http.headers - >> Connection: Keep-Alive
14:50:11.258 [Test worker] DEBUG org.apache.http.headers - >> User-Agent: Apache-HttpClient/4.5.9 (Java/1.8.0_301)
14:50:11.258 [Test worker] DEBUG org.apache.http.headers - >> Accept-Encoding: gzip,deflate
14:50:11.259 [Test worker] DEBUG org.apache.http.wire -  >> "<soapenv:Envelope xmlns:bcc="http://www.huawei.com/bme/cbsinterface/bccommon" xmlns:bcs="http://www.huawei.com/bme/cbsinterface/bcservices" xmlns:ws="http://ws.web.gatewaycbs.tigo.com.co/" xmlns:soapenv="http://schemas.xmlsoap.org/soap/envelope/">[\n]"
14:50:11.259 [Test worker] DEBUG org.apache.http.wire -  >> "   <soapenv:Header/>[\n]"
14:50:11.259 [Test worker] DEBUG org.apache.http.wire -  >> "   <soapenv:Body>[\n]"
14:50:11.259 [Test worker] DEBUG org.apache.http.wire -  >> "      <ws:queryCustomerInfo>[\n]"
14:50:11.259 [Test worker] DEBUG org.apache.http.wire -  >> "         <!--Optional:-->[\n]"
14:50:11.259 [Test worker] DEBUG org.apache.http.wire -  >> "         <QueryCustomerInfoRequest>[\n]"
14:50:11.259 [Test worker] DEBUG org.apache.http.wire -  >> "            <bcs:QueryObj>[\n]"
14:50:11.260 [Test worker] DEBUG org.apache.http.wire -  >> "               <!--Optional:-->[\n]"
14:50:11.260 [Test worker] DEBUG org.apache.http.wire -  >> "               <bcs:SubAccessCode>[\n]"
14:50:11.260 [Test worker] DEBUG org.apache.http.wire -  >> "                  <!--Optional:-->[\n]"
14:50:11.260 [Test worker] DEBUG org.apache.http.wire -  >> "                  <bcc:PrimaryIdentity>3045981670</bcc:PrimaryIdentity>[\n]"
14:50:11.260 [Test worker] DEBUG org.apache.http.wire -  >> "               </bcs:SubAccessCode>[\n]"
14:50:11.260 [Test worker] DEBUG org.apache.http.wire -  >> "            </bcs:QueryObj>[\n]"
14:50:11.260 [Test worker] DEBUG org.apache.http.wire -  >> "         </QueryCustomerInfoRequest>[\n]"
14:50:11.260 [Test worker] DEBUG org.apache.http.wire -  >> "      </ws:queryCustomerInfo>[\n]"
14:50:11.260 [Test worker] DEBUG org.apache.http.wire -  >> "   </soapenv:Body>[\n]"
14:50:11.260 [Test worker] DEBUG org.apache.http.wire -  >> "</soapenv:Envelope>"
14:50:11.392 [Test worker] DEBUG org.apache.http.wire -  << "HTTP/1.1 200 OK[\r][\n]"
14:50:11.394 [Test worker] DEBUG org.apache.http.wire -  << "Date: Wed, 18 May 2022 19:50:11 GMT[\r][\n]"
14:50:11.394 [Test worker] DEBUG org.apache.http.wire -  << "Transfer-Encoding: chunked[\r][\n]"
14:50:11.394 [Test worker] DEBUG org.apache.http.wire -  << "Content-Type: text/xml; charset=utf-8[\r][\n]"
14:50:11.394 [Test worker] DEBUG org.apache.http.wire -  << "[\r][\n]"
14:50:11.395 [Test worker] DEBUG org.apache.http.impl.conn.DefaultClientConnection - Receiving response: HTTP/1.1 200 OK
14:50:11.395 [Test worker] DEBUG org.apache.http.headers - << HTTP/1.1 200 OK
14:50:11.395 [Test worker] DEBUG org.apache.http.headers - << Date: Wed, 18 May 2022 19:50:11 GMT
14:50:11.395 [Test worker] DEBUG org.apache.http.headers - << Transfer-Encoding: chunked
14:50:11.395 [Test worker] DEBUG org.apache.http.headers - << Content-Type: text/xml; charset=utf-8
14:50:11.400 [Test worker] DEBUG org.apache.http.impl.client.DefaultHttpClient - Connection can be kept alive indefinitely
14:50:11.417 [Test worker] DEBUG io.restassured.internal.RequestSpecificationImpl$RestAssuredHttpBuilder - Parsing response as: text/xml; charset=utf-8
14:50:11.417 [Test worker] DEBUG io.restassured.internal.RequestSpecificationImpl$RestAssuredHttpBuilder - Parsed data to instance of: class org.apache.http.conn.EofSensorInputStream
14:50:11.456 [Test worker] DEBUG org.apache.http.wire -  << "006e[\r][\n]"
14:50:11.456 [Test worker] DEBUG org.apache.http.wire -  << "<?xml version='1.0' encoding='UTF-8'?><S:Envelope xmlns:S="http://schemas.xmlsoap.org/soap/envelope/"><S:Body>"
14:50:11.456 [Test worker] DEBUG org.apache.http.wire -  << "[\r][\n]"
14:50:11.457 [Test worker] DEBUG org.apache.http.wire -  << "0fe8[\r][\n]"
14:50:11.457 [Test worker] DEBUG org.apache.http.wire -  << "<ns4:queryCustomerInfoResponse xmlns:ns2="http://www.huawei.com/bme/cbsinterface/bccommon" xmlns:ns3="http://www.huawei.com/bme/cbsinterface/bcservices" xmlns:ns4="http://ws.web.gatewaycbs.tigo.com.co/" xmlns:ns5="http://www.huawei.com/bme/cbsinterface/cbscommon"><return><ResultHeader><ns5:Version>1</ns5:Version><ns5:ResultCode>0</ns5:ResultCode><ns5:ResultDesc>Operation successfully.</ns5:ResultDesc></ResultHeader><QueryCustomerInfoResult><ns3:Customer><ns3:CustKey>CTA00000266909</ns3:CustKey><ns3:CustInfo><ns2:CustType>1</ns2:CustType><ns2:CustNodeType>1</ns2:CustNodeType><ns2:CustClass>1</ns2:CustClass><ns2:CustCode>CBS100090000000348826</ns2:CustCode><ns2:CustBasicInfo><ns2:DFTWrittenLang>2002</ns2:DFTWrittenLang><ns2:DFTIVRLang>2002</ns2:DFTIVRLang><ns2:DunningFlag>1</ns2:DunningFlag><ns2:CustProperty><ns2:Code>C_Extend_Cust_Int_Attr8</ns2:Code><ns2:Value></ns2:Value></ns2:CustProperty><ns2:CustProperty><ns2:Code>C_CUSTOMER_TAX_RATE</ns2:Code><ns2:Value></ns2:Value></ns2:CustProperty><ns2:CustProperty><ns2:Code>C_Extend_Cust_Int_Attr9</ns2:Code><ns2:Value></ns2:Value></ns2:CustProperty><ns2:CustProperty><ns2:Code>C_CUST_BANKRUPTCY</ns2:Code><ns2:Value>N</ns2:Value></ns2:CustProperty><ns2:CustProperty><ns2:Code>C_Extend_Cust_Int_Attr10</ns2:Code><ns2:Value></ns2:Value></ns2:CustProperty><ns2:CustProperty><ns2:Code>C_Extend_Cust_Int_Attr4</ns2:Code><ns2:Value></ns2:Value></ns2:CustProperty><ns2:CustProperty><ns2:Code>C_Extend_Cust_Int_Attr5</ns2:Code><ns2:Value></ns2:Value></ns2:CustProperty><ns2:CustProperty><ns2:Code>C_Extend_Cust_Int_Attr6</ns2:Code><ns2:Value></ns2:Value></ns2:CustProperty><ns2:CustProperty><ns2:Code>C_Extend_Cust_Int_Attr7</ns2:Code><ns2:Value></ns2:Value></ns2:CustProperty><ns2:CustProperty><ns2:Code>C_LEGAL_CATEGORY</ns2:Code><ns2:Value></ns2:Value></ns2:CustProperty><ns2:CustProperty><ns2:Code>C_CONTRACT_ID</ns2:Code><ns2:Value></ns2:Value></ns2:CustProperty><ns2:CustProperty><ns2:Code>C_Extend_Cust_Int_Attr1</ns2:Code><ns2:Value></ns2:Value></ns2:CustProperty><ns2:CustProperty><ns2:Code>C_Extend_Cust_Int_Attr2</ns2:Code><ns2:Value></ns2:Value></ns2:CustProperty><ns2:CustProperty><ns2:Code>C_NEW_IC</ns2:Code><ns2:Value></ns2:Value></ns2:CustProperty><ns2:CustProperty><ns2:Code>C_Extend_Cust_Int_Attr3</ns2:Code><ns2:Value></ns2:Value></ns2:CustProperty><ns2:CustProperty><ns2:Code>C_REG_FLAG</ns2:Code><ns2:Value>N</ns2:Value></ns2:CustProperty><ns2:CustProperty><ns2:Code>C_NRC</ns2:Code><ns2:Value></ns2:Value></ns2:CustProperty><ns2:CustProperty><ns2:Code>C_CUST_CATEGORY</ns2:Code><ns2:Value></ns2:Value></ns2:CustProperty><ns2:CustProperty><ns2:Code>C_CUST_SALT</ns2:Code><ns2:Value>279FA3B1E9A3710D</ns2:Value></ns2:CustProperty><ns2:CustProperty><ns2:Code>C_EXTERNAL_CUST_ID</ns2:Code><ns2:Value></ns2:Value></ns2:CustProperty><ns2:CustProperty><ns2:Code>C_FRAUD_FLAG</ns2:Code><ns2:Value>N</ns2:Value></ns2:CustProperty><ns2:CustProperty><ns2:Code>C_CUST_MEDIA_FLAG</ns2:Code><ns2:Value>N</ns2:Value></ns2:CustProperty><ns2:CustProperty><ns2:Code>C_TAX_PAYER_IDENTIFICATION_NO</ns2:Code><ns2:Value></ns2:Value></ns2:CustProperty><ns2:CustProperty><ns2:Code>C_CUST_DECEASED</ns2:Code><ns2:Value>N</ns2:Value></ns2:CustProperty><ns2:CustProperty><ns2:Code>C_EVENING_PHONE</ns2:Code><ns2:Value></ns2:Value></ns2:CustProperty><ns2:CustProperty><ns2:Code>C_Extend_Cust_Str_Attr5</ns2:Code><ns2:Value></ns2:Value></ns2:CustProperty><ns2:CustProperty><ns2:Code>C_Extend_Cust_Str_Attr4</ns2:Code><ns2:Value></ns2:Value></ns2:CustProperty><ns2:CustProperty><ns2:Code>C_Extend_Cust_Str_Attr3</ns2:Code><ns2:Value></ns2:Value></ns2:CustProperty><ns2:CustProperty><ns2:Code>C_Extend_Cust_Str_Attr2</ns2:Code><ns2:Value></ns2:Value></ns2:CustProperty><ns2:CustProperty><ns2:Code>C_DAYTIME_PHONE</ns2:Code><ns2:Value></ns2:Value></ns2:CustProperty><ns2:CustProperty><ns2:Code>C_Extend_Cust_Str_Attr9</ns2:Code><ns2:Value></ns2:Value></ns2:CustProperty><ns2:CustProperty><ns2:Code>C_Extend_Cust_Str_Attr8</ns2:Code><ns2:Value></ns2:Value></ns2:CustProperty><ns2:CustProperty><ns2:Code>C_CUST_MARKETING_CONSENT</n"
14:50:11.457 [Test worker] DEBUG org.apache.http.wire -  << "[\r][\n]"
14:50:11.457 [Test worker] DEBUG org.apache.http.wire -  << "0fe8[\r][\n]"
14:50:11.457 [Test worker] DEBUG org.apache.http.wire -  << "s2:Code><ns2:Value>N</ns2:Value></ns2:CustProperty><ns2:CustProperty><ns2:Code>C_Extend_Cust_Str_Attr7</ns2:Code><ns2:Value></ns2:Value></ns2:CustProperty><ns2:CustProperty><ns2:Code>C_Extend_Cust_Str_Attr6</ns2:Code><ns2:Value></ns2:Value></ns2:CustProperty><ns2:CustProperty><ns2:Code>C_OLD_IC</ns2:Code><ns2:Value></ns2:Value></ns2:CustProperty><ns2:CustProperty><ns2:Code>C_Extend_Cust_Str_Attr1</ns2:Code><ns2:Value></ns2:Value></ns2:CustProperty><ns2:CustProperty><ns2:Code>C_Extend_Cust_Str_Attr10</ns2:Code><ns2:Value></ns2:Value></ns2:CustProperty><ns2:CustProperty><ns2:Code>C_CUST_BILLSUM</ns2:Code><ns2:Value>0</ns2:Value></ns2:CustProperty><ns2:CustProperty><ns2:Code>C_CORP_CUST_SEGMENT</ns2:Code><ns2:Value></ns2:Value></ns2:CustProperty><ns2:CustProperty><ns2:Code>C_ACCESSIBILITY_FLAG</ns2:Code><ns2:Value></ns2:Value></ns2:CustProperty><ns2:CustProperty><ns2:Code>C_CUST_BelToAreaID</ns2:Code><ns2:Value>101</ns2:Value></ns2:CustProperty><ns2:CustProperty><ns2:Code>C_CUST_ID</ns2:Code><ns2:Value>100090000000348826</ns2:Value></ns2:CustProperty></ns2:CustBasicInfo></ns3:CustInfo><ns3:IndividualInfo><ns2:IDType>6</ns2:IDType><ns2:IDNumber>697979125</ns2:IDNumber><ns2:FirstName>JAIME IV</ns2:FirstName><ns2:LastName>RAMOS SAN M</ns2:LastName><ns2:HomePhone>3102487364</ns2:HomePhone><ns2:Email>pruebas@gmail.com</ns2:Email><ns2:IndividualProperty><ns2:Code>C_MKT_P_STATUS</ns2:Code><ns2:Value>1</ns2:Value></ns2:IndividualProperty></ns3:IndividualInfo></ns3:Customer><ns3:Subscriber><ns3:SubscriberKey>ACT00002116451</ns3:SubscriberKey><ns3:SubscriberInfo><ns2:SubBasicInfo><ns2:WrittenLang>2021</ns2:WrittenLang><ns2:IVRLang>2021</ns2:IVRLang><ns2:DunningFlag>1</ns2:DunningFlag><ns2:SubProperty><ns2:Code>C_WORK_ADDRESS</ns2:Code><ns2:Value></ns2:Value></ns2:SubProperty><ns2:SubProperty><ns2:Code>C_SUB_SMS_ROMING_RIGHT</ns2:Code><ns2:Value>0</ns2:Value></ns2:SubProperty><ns2:SubProperty><ns2:Code>C_LAST_TRANS_EVENT</ns2:Code><ns2:Value>0</ns2:Value></ns2:SubProperty><ns2:SubProperty><ns2:Code>C_SALES_CHANNEL_ID</ns2:Code><ns2:Value></ns2:Value></ns2:SubProperty><ns2:SubProperty><ns2:Code>C_HANDSET_TYPE</ns2:Code><ns2:Value>-1</ns2:Value></ns2:SubProperty><ns2:SubProperty><ns2:Code>C_SUB_MAX_BALANCE</ns2:Code><ns2:Value>-1</ns2:Value></ns2:SubProperty><ns2:SubProperty><ns2:Code>C_ACCOUNTING_SCENARIO</ns2:Code><ns2:Value></ns2:Value></ns2:SubProperty><ns2:SubProperty><ns2:Code>C_RESUME_DATE</ns2:Code><ns2:Value>19991231190000</ns2:Value></ns2:SubProperty><ns2:SubProperty><ns2:Code>C_BAK_ORG_CHILD_ACCTID</ns2:Code><ns2:Value>0</ns2:Value></ns2:SubProperty><ns2:SubProperty><ns2:Code>C_HANDSET_NETWORK</ns2:Code><ns2:Value></ns2:Value></ns2:SubProperty><ns2:SubProperty><ns2:Code>C_SUB_UNBLOCK</ns2:Code><ns2:Value>0</ns2:Value></ns2:SubProperty><ns2:SubProperty><ns2:Code>C_SUB_LOW_SPENDING_GATE</ns2:Code><ns2:Value>-1</ns2:Value></ns2:SubProperty><ns2:SubProperty><ns2:Code>C_SUB_LOAN_FLAG</ns2:Code><ns2:Value>0</ns2:Value></ns2:SubProperty><ns2:SubProperty><ns2:Code>C_SUB_LASTRECHARGETIME</ns2:Code><ns2:Value>0</ns2:Value></ns2:SubProperty><ns2:SubProperty><ns2:Code>C_SUB_LASTRGADATE</ns2:Code><ns2:Value>19700101000000</ns2:Value></ns2:SubProperty><ns2:SubProperty><ns2:Code>C_SUB_PORT_IN_FLAG</ns2:Code><ns2:Value>0</ns2:Value></ns2:SubProperty><ns2:SubProperty><ns2:Code>C_SUB_NOTIFICATION_TIMES</ns2:Code><ns2:Value></ns2:Value></ns2:SubProperty><ns2:SubProperty><ns2:Code>C_BLACK_FLAG</ns2:Code><ns2:Value>0</ns2:Value></ns2:SubProperty><ns2:SubProperty><ns2:Code>C_SUB_VOICE_ROAM_RIGHT</ns2:Code><ns2:Value></ns2:Value></ns2:SubProperty><ns2:SubProperty><ns2:Code>C_HYBRID_PAY_TYPE</ns2:Code><ns2:Value>-1</ns2:Value></ns2:SubProperty><ns2:SubProperty><ns2:Code>C_SUB_MAX_VALIDITY</ns2:Code><ns2:Value>365</ns2:Value></ns2:SubProperty><ns2:SubProperty><ns2:Code>C_TEST_EXTEND_DAYS</ns2:Code><ns2:Value>0</ns2:Value></ns2:SubProperty><ns2:SubProperty><ns2:Code>C_SUBDISCOUNT</ns2:Code><ns2:Value>O</ns2:Value></ns2:SubProperty><ns2:SubProper"
14:50:11.458 [Test worker] DEBUG org.apache.http.wire -  << "ty><ns2:Code>C_SUB_LASTZONETYPE</ns2:Code><ns2:Value>00</ns2:Value></ns2:SubProperty"
14:50:11.458 [Test worker] DEBUG org.apache.http.wire -  << "[\r][\n]"
14:50:11.458 [Test worker] DEBUG org.apache.http.wire -  << "0fe8[\r][\n]"
14:50:11.458 [Test worker] DEBUG org.apache.http.wire -  << "><ns2:SubProperty><ns2:Code>C_Extend_Sub_Str_Attr4</ns2:Code><ns2:Value></ns2:Value></ns2:SubProperty><ns2:SubProperty><ns2:Code>C_Extend_Sub_Str_Attr3</ns2:Code><ns2:Value></ns2:Value></ns2:SubProperty><ns2:SubProperty><ns2:Code>C_Extend_Sub_Str_Attr6</ns2:Code><ns2:Value></ns2:Value></ns2:SubProperty><ns2:SubProperty><ns2:Code>C_Extend_Sub_Str_Attr5</ns2:Code><ns2:Value></ns2:Value></ns2:SubProperty><ns2:SubProperty><ns2:Code>C_DAILYRENTNOTIFLAG</ns2:Code><ns2:Value>0</ns2:Value></ns2:SubProperty><ns2:SubProperty><ns2:Code>C_TIGO_ZONE</ns2:Code><ns2:Value></ns2:Value></ns2:SubProperty><ns2:SubProperty><ns2:Code>C_Extend_Sub_Str_Attr2</ns2:Code><ns2:Value></ns2:Value></ns2:SubProperty><ns2:SubProperty><ns2:Code>C_Extend_Sub_Str_Attr1</ns2:Code><ns2:Value></ns2:Value></ns2:SubProperty><ns2:SubProperty><ns2:Code>C_PLACA_INFO</ns2:Code><ns2:Value></ns2:Value></ns2:SubProperty><ns2:SubProperty><ns2:Code>C_Extend_Sub_Int_Attr10</ns2:Code><ns2:Value></ns2:Value></ns2:SubProperty><ns2:SubProperty><ns2:Code>C_HANDSET_OS_TYPE</ns2:Code><ns2:Value></ns2:Value></ns2:SubProperty><ns2:SubProperty><ns2:Code>C_SUB_USER_NAME</ns2:Code><ns2:Value>0</ns2:Value></ns2:SubProperty><ns2:SubProperty><ns2:Code>C_TEST_EXPIRE_TIME</ns2:Code><ns2:Value></ns2:Value></ns2:SubProperty><ns2:SubProperty><ns2:Code>C_TEST_EXHAUST_RULE</ns2:Code><ns2:Value>0</ns2:Value></ns2:SubProperty><ns2:SubProperty><ns2:Code>C_Extend_Sub_Str_Attr8</ns2:Code><ns2:Value></ns2:Value></ns2:SubProperty><ns2:SubProperty><ns2:Code>C_Extend_Sub_Str_Attr7</ns2:Code><ns2:Value></ns2:Value></ns2:SubProperty><ns2:SubProperty><ns2:Code>C_SUB_REGISTERED</ns2:Code><ns2:Value>0</ns2:Value></ns2:SubProperty><ns2:SubProperty><ns2:Code>C_Extend_Sub_Str_Attr9</ns2:Code><ns2:Value></ns2:Value></ns2:SubProperty><ns2:SubProperty><ns2:Code>C_LIFECYCLE</ns2:Code><ns2:Value></ns2:Value></ns2:SubProperty><ns2:SubProperty><ns2:Code>C_VOD_VIDEO_RIGHT</ns2:Code><ns2:Value>0</ns2:Value></ns2:SubProperty><ns2:SubProperty><ns2:Code>C_LAST_CHARGE_BEGIN_TIME</ns2:Code><ns2:Value></ns2:Value></ns2:SubProperty><ns2:SubProperty><ns2:Code>C_SUB_LOW_BAL_NOTIFY_DATE</ns2:Code><ns2:Value>19991231190000</ns2:Value></ns2:SubProperty><ns2:SubProperty><ns2:Code>C_GPRS_FORBIDDEN_MAIN_BAL</ns2:Code><ns2:Value>1</ns2:Value></ns2:SubProperty><ns2:SubProperty><ns2:Code>C_LAST_DATA_SESINI</ns2:Code><ns2:Value>19700101030000</ns2:Value></ns2:SubProperty><ns2:SubProperty><ns2:Code>C_CONSUMENOTIFYGATE</ns2:Code><ns2:Value></ns2:Value></ns2:SubProperty><ns2:SubProperty><ns2:Code>C_SUB_LOW_BAL_NOTIFY_TIMES</ns2:Code><ns2:Value>0</ns2:Value></ns2:SubProperty><ns2:SubProperty><ns2:Code>C_FIRST_RECHARGE_FLAG</ns2:Code><ns2:Value>0</ns2:Value></ns2:SubProperty><ns2:SubProperty><ns2:Code>C_SUB_PROB</ns2:Code><ns2:Value></ns2:Value></ns2:SubProperty><ns2:SubProperty><ns2:Code>C_SUB_SALT</ns2:Code><ns2:Value>9FA5EA3773A90866</ns2:Value></ns2:SubProperty><ns2:SubProperty><ns2:Code>C_SUB_SERVICEPROVIDER</ns2:Code><ns2:Value></ns2:Value></ns2:SubProperty><ns2:SubProperty><ns2:Code>C_CALL_COST</ns2:Code><ns2:Value>0000</ns2:Value></ns2:SubProperty><ns2:SubProperty><ns2:Code>C_RNW_PRODUCTSET</ns2:Code><ns2:Value>0</ns2:Value></ns2:SubProperty><ns2:SubProperty><ns2:Code>C_Extend_Sub_Str_Attr10</ns2:Code><ns2:Value></ns2:Value></ns2:SubProperty><ns2:SubProperty><ns2:Code>C_SUB_DOMESIC_ROAM_CALL_RIGHT</ns2:Code><ns2:Value>0</ns2:Value></ns2:SubProperty><ns2:SubProperty><ns2:Code>C_LAST_TRANS_DATE_TIME</ns2:Code><ns2:Value>20000101000000</ns2:Value></ns2:SubProperty><ns2:SubProperty><ns2:Code>C_SUBSCRIBER_INFO_3</ns2:Code><ns2:Value></ns2:Value></ns2:SubProperty><ns2:SubProperty><ns2:Code>C_SUBSCRIBER_INFO_2</ns2:Code><ns2:Value></ns2:Value></ns2:SubProperty><ns2:SubProperty><ns2:Code>C_GPRS_ROAM_DATE</ns2:Code><ns2:Value>19700101000000</ns2:Value></ns2:SubProperty><ns2:SubProperty><ns2:Code>C_SUBSCRIBER_INFO_4</ns2:Code><ns2:Value></ns2:Value></ns2:SubProperty><ns2:SubProperty><ns2:Code>C_STARTTIME_OF_SWITCH_COS</ns2:Code><ns2:Value>-1</ns2:Value></ns2:SubProperty><ns2:SubProperty><ns2:Code>C_SUB_PREBARRING</ns2:"
14:50:11.458 [Test worker] DEBUG org.apache.http.wire -  << "[\r][\n]"
14:50:11.459 [Test worker] DEBUG org.apache.http.wire -  << "006b[\r][\n]"
14:50:11.459 [Test worker] DEBUG org.apache.http.wire -  << "Code><ns2:Value>0</ns2:Value></ns2:SubProperty><ns2:SubProperty><ns2:Code>C_DETAIL</ns2:Code><ns2:Value>0</"
14:50:11.459 [Test worker] DEBUG org.apache.http.wire -  << "[\r][\n]"
14:50:11.459 [Test worker] DEBUG org.apache.http.wire -  << "0fe8[\r][\n]"
14:50:11.459 [Test worker] DEBUG org.apache.http.wire -  << "ns2:Value></ns2:SubProperty><ns2:SubProperty><ns2:Code>C_SUBSCRIBER_INFO_1</ns2:Code><ns2:Value></ns2:Value></ns2:SubProperty><ns2:SubProperty><ns2:Code>C_SUB_BARRED_DAYS</ns2:Code><ns2:Value>0</ns2:Value></ns2:SubProperty><ns2:SubProperty><ns2:Code>C_TIGO_CITY</ns2:Code><ns2:Value>*</ns2:Value></ns2:SubProperty><ns2:SubProperty><ns2:Code>C_TECHNOLOGY</ns2:Code><ns2:Value></ns2:Value></ns2:SubProperty><ns2:SubProperty><ns2:Code>C_Extend_Sub_Int_Attr7</ns2:Code><ns2:Value></ns2:Value></ns2:SubProperty><ns2:SubProperty><ns2:Code>C_Extend_Sub_Int_Attr8</ns2:Code><ns2:Value></ns2:Value></ns2:SubProperty><ns2:SubProperty><ns2:Code>C_Extend_Sub_Int_Attr5</ns2:Code><ns2:Value></ns2:Value></ns2:SubProperty><ns2:SubProperty><ns2:Code>C_Extend_Sub_Int_Attr6</ns2:Code><ns2:Value></ns2:Value></ns2:SubProperty><ns2:SubProperty><ns2:Code>C_Extend_Sub_Int_Attr3</ns2:Code><ns2:Value></ns2:Value></ns2:SubProperty><ns2:SubProperty><ns2:Code>C_Extend_Sub_Int_Attr4</ns2:Code><ns2:Value></ns2:Value></ns2:SubProperty><ns2:SubProperty><ns2:Code>C_HANDSET_BRAND</ns2:Code><ns2:Value></ns2:Value></ns2:SubProperty><ns2:SubProperty><ns2:Code>C_Extend_Sub_Int_Attr1</ns2:Code><ns2:Value></ns2:Value></ns2:SubProperty><ns2:SubProperty><ns2:Code>C_SUB_LASTRECHARGEAMT</ns2:Code><ns2:Value>0</ns2:Value></ns2:SubProperty><ns2:SubProperty><ns2:Code>C_Extend_Sub_Int_Attr2</ns2:Code><ns2:Value></ns2:Value></ns2:SubProperty><ns2:SubProperty><ns2:Code>C_SUBCOS_FOR_EIPIN</ns2:Code><ns2:Value>0</ns2:Value></ns2:SubProperty><ns2:SubProperty><ns2:Code>C_Extend_Sub_Int_Attr9</ns2:Code><ns2:Value></ns2:Value></ns2:SubProperty><ns2:SubProperty><ns2:Code>C_SUB_BLACKLIST_CALL_RIGHT</ns2:Code><ns2:Value>0</ns2:Value></ns2:SubProperty><ns2:SubProperty><ns2:Code>C_SUB_MSCC_FEE_AMOUNT</ns2:Code><ns2:Value>0</ns2:Value></ns2:SubProperty><ns2:SubProperty><ns2:Code>C_BACKUP_DAYS</ns2:Code><ns2:Value>0</ns2:Value></ns2:SubProperty><ns2:SubProperty><ns2:Code>C_IS_PRIMARY_SUBSCRIBER</ns2:Code><ns2:Value>1</ns2:Value></ns2:SubProperty><ns2:SubProperty><ns2:Code>C_NODO_INFO</ns2:Code><ns2:Value></ns2:Value></ns2:SubProperty><ns2:SubProperty><ns2:Code>C_SUB_AUTOTOPUP_LOWBALANCE</ns2:Code><ns2:Value>1</ns2:Value></ns2:SubProperty><ns2:SubProperty><ns2:Code>C_SUB_REGISTERED_RETAILER</ns2:Code><ns2:Value>0</ns2:Value></ns2:SubProperty><ns2:SubProperty><ns2:Code>C_IS_GROUP_MEMBER</ns2:Code><ns2:Value>0</ns2:Value></ns2:SubProperty><ns2:SubProperty><ns2:Code>C_SUB_TSMSUBTYPE</ns2:Code><ns2:Value>-1</ns2:Value></ns2:SubProperty><ns2:SubProperty><ns2:Code>C_DTNotification</ns2:Code><ns2:Value>0</ns2:Value></ns2:SubProperty><ns2:SubProperty><ns2:Code>C_SUB_GPRS_ROAM_RIGHT</ns2:Code><ns2:Value>3</ns2:Value></ns2:SubProperty><ns2:SubProperty><ns2:Code>C_SUB_ZONEINFOS</ns2:Code><ns2:Value>0</ns2:Value></ns2:SubProperty><ns2:SubProperty><ns2:Code>C_ETU_STAGE_PERCENT</ns2:Code><ns2:Value>100</ns2:Value></ns2:SubProperty><ns2:SubProperty><ns2:Code>C_SPEC_NUM_RENT_END_TIME</ns2:Code><ns2:Value>20000101030000</ns2:Value></ns2:SubProperty><ns2:SubProperty><ns2:Code>C_ALLOW_OTHCARRIER_CALLS</ns2:Code><ns2:Value>Y</ns2:Value></ns2:SubProperty><ns2:SubProperty><ns2:Code>C_SUB_LOW_BAL_GATE_1</ns2:Code><ns2:Value>-1</ns2:Value></ns2:SubProperty><ns2:SubProperty><ns2:Code>C_SUB_LOW_BAL_GATE_2</ns2:Code><ns2:Value>-1</ns2:Value></ns2:SubProperty><ns2:SubProperty><ns2:Code>C_SUB_LOW_BAL_GATE_3</ns2:Code><ns2:Value>-1</ns2:Value></ns2:SubProperty><ns2:SubProperty><ns2:Code>C_SUB_LOW_BAL_GATE_4</ns2:Code><ns2:Value>-1</ns2:Value></ns2:SubProperty><ns2:SubProperty><ns2:Code>C_SUB_NOROAM_CALL_RIGHT</ns2:Code><ns2:Value>0</ns2:Value></ns2:SubProperty><ns2:SubProperty><ns2:Code>C_SUB_LOW_BAL_GATE_5</ns2:Code><ns2:Value>-1</ns2:Value></ns2:SubProperty><ns2:SubProperty><ns2:Code>C_SUB_LOAN_STATUS</ns2:Code><ns2:Value>0</ns2:Value></ns2:SubProperty><ns2:SubProperty><ns2:Code>C_SUB_AUTOTOPUP_RECURRING</ns2:Code><ns2:Value>1</ns2:"
14:50:11.459 [Test worker] DEBUG org.apache.http.wire -  << "Value></ns2:SubProperty><ns2:SubProperty><ns2:Code>C_IOD_FLAG</ns2:Code><ns2:Value>0</ns2:Value></ns2:SubProperty><ns2:SubProperty><ns2:Code>C_ETU_BLACKLIST_DATE</ns2:"
14:50:11.459 [Test worker] DEBUG org.apache.http.wire -  << "[\r][\n]"
14:50:11.459 [Test worker] DEBUG org.apache.http.wire -  << "0fe8[\r][\n]"
14:50:11.460 [Test worker] DEBUG org.apache.http.wire -  << "Code><ns2:Value>0</ns2:Value></ns2:SubProperty><ns2:SubProperty><ns2:Code>C_APP_ACTIVE_USAGE</ns2:Code><ns2:Value>0</ns2:Value></ns2:SubProperty><ns2:SubProperty><ns2:Code>C_SUB_BARRINGCODE</ns2:Code><ns2:Value>99999999999</ns2:Value></ns2:SubProperty><ns2:SubProperty><ns2:Code>C_SUB_REFEREE_IDENTIFER</ns2:Code><ns2:Value></ns2:Value></ns2:SubProperty><ns2:SubProperty><ns2:Code>C_SUB_INTERROAM_CALL_RIGHT</ns2:Code><ns2:Value>0</ns2:Value></ns2:SubProperty><ns2:SubProperty><ns2:Code>C_SUB_ID</ns2:Code><ns2:Value>100090000000353322</ns2:Value></ns2:SubProperty></ns2:SubBasicInfo><ns2:UserCustomerKey>CTA00000266909</ns2:UserCustomerKey><ns2:SubIdentity><ns2:SubIdentityType>1</ns2:SubIdentityType><ns2:SubIdentity>3045981670</ns2:SubIdentity><ns2:PrimaryFlag>1</ns2:PrimaryFlag></ns2:SubIdentity><ns2:SubIdentity><ns2:SubIdentityType>2</ns2:SubIdentityType><ns2:SubIdentity>732111324707276</ns2:SubIdentity><ns2:PrimaryFlag>2</ns2:PrimaryFlag></ns2:SubIdentity><ns2:Brand>110</ns2:Brand><ns2:SubClass>1</ns2:SubClass><ns2:NetworkType>1</ns2:NetworkType><ns2:Status>2</ns2:Status><ns2:ConsumptionLimit><ns2:LimitType>C_CL_USAGE_NOROAM</ns2:LimitType><ns2:UnitType>M</ns2:UnitType><ns2:CurrencyID>1032</ns2:CurrencyID><ns2:LimitValue>0</ns2:LimitValue></ns2:ConsumptionLimit><ns3:StatusDetail>000000000000000000000000</ns3:StatusDetail><ns3:ActivationTime>20220518143925</ns3:ActivationTime><ns3:UserCustomer><ns3:CustKey>CTA00000266909</ns3:CustKey><ns3:CustInfo><ns2:CustType>1</ns2:CustType><ns2:CustNodeType>1</ns2:CustNodeType><ns2:CustClass>1</ns2:CustClass><ns2:CustCode>CBS100090000000348826</ns2:CustCode><ns2:CustBasicInfo><ns2:DFTWrittenLang>2002</ns2:DFTWrittenLang><ns2:DFTIVRLang>2002</ns2:DFTIVRLang><ns2:DunningFlag>1</ns2:DunningFlag><ns2:CustProperty><ns2:Code>C_Extend_Cust_Int_Attr8</ns2:Code><ns2:Value></ns2:Value></ns2:CustProperty><ns2:CustProperty><ns2:Code>C_CUSTOMER_TAX_RATE</ns2:Code><ns2:Value></ns2:Value></ns2:CustProperty><ns2:CustProperty><ns2:Code>C_Extend_Cust_Int_Attr9</ns2:Code><ns2:Value></ns2:Value></ns2:CustProperty><ns2:CustProperty><ns2:Code>C_CUST_BANKRUPTCY</ns2:Code><ns2:Value>N</ns2:Value></ns2:CustProperty><ns2:CustProperty><ns2:Code>C_Extend_Cust_Int_Attr10</ns2:Code><ns2:Value></ns2:Value></ns2:CustProperty><ns2:CustProperty><ns2:Code>C_Extend_Cust_Int_Attr4</ns2:Code><ns2:Value></ns2:Value></ns2:CustProperty><ns2:CustProperty><ns2:Code>C_Extend_Cust_Int_Attr5</ns2:Code><ns2:Value></ns2:Value></ns2:CustProperty><ns2:CustProperty><ns2:Code>C_Extend_Cust_Int_Attr6</ns2:Code><ns2:Value></ns2:Value></ns2:CustProperty><ns2:CustProperty><ns2:Code>C_Extend_Cust_Int_Attr7</ns2:Code><ns2:Value></ns2:Value></ns2:CustProperty><ns2:CustProperty><ns2:Code>C_LEGAL_CATEGORY</ns2:Code><ns2:Value></ns2:Value></ns2:CustProperty><ns2:CustProperty><ns2:Code>C_CONTRACT_ID</ns2:Code><ns2:Value></ns2:Value></ns2:CustProperty><ns2:CustProperty><ns2:Code>C_Extend_Cust_Int_Attr1</ns2:Code><ns2:Value></ns2:Value></ns2:CustProperty><ns2:CustProperty><ns2:Code>C_Extend_Cust_Int_Attr2</ns2:Code><ns2:Value></ns2:Value></ns2:CustProperty><ns2:CustProperty><ns2:Code>C_NEW_IC</ns2:Code><ns2:Value></ns2:Value></ns2:CustProperty><ns2:CustProperty><ns2:Code>C_Extend_Cust_Int_Attr3</ns2:Code><ns2:Value></ns2:Value></ns2:CustProperty><ns2:CustProperty><ns2:Code>C_REG_FLAG</ns2:Code><ns2:Value>N</ns2:Value></ns2:CustProperty><ns2:CustProperty><ns2:Code>C_NRC</ns2:Code><ns2:Value></ns2:Value></ns2:CustProperty><ns2:CustProperty><ns2:Code>C_CUST_CATEGORY</ns2:Code><ns2:Value></ns2:Value></ns2:CustProperty><ns2:CustProperty><ns2:Code>C_CUST_SALT</ns2:Code><ns2:Value>279FA3B1E9A3710D</ns2:Value></ns2:CustProperty><ns2:CustProperty><ns2:Code>C_EXTERNAL_CUST_ID</ns2:Code><ns2:Value></ns2:Value></ns2:CustProperty><ns2:CustProperty><ns2:Code>C_FRAUD_FLAG</ns2:Code><ns2:Value>N</ns2:Value></ns2:CustProperty><ns2:CustProperty><ns2:Code>C_CUST_MEDIA_FLAG</ns2:Code><ns2:Value>N</ns2:Value></ns2:CustProperty><ns2:CustProperty><ns2:Code>C_TAX_PAYER_IDENTIFICATION_NO</ns2:Code><ns2:Value></ns2:Value></ns2:CustProperty><ns2:CustPrope"
14:50:11.460 [Test worker] DEBUG org.apache.http.wire -  << "[\r][\n]"
14:50:11.460 [Test worker] DEBUG org.apache.http.wire -  << "0fe8[\r][\n]"
14:50:11.460 [Test worker] DEBUG org.apache.http.wire -  << "rty><ns2:Code>C_CUST_DECEASED</ns2:Code><ns2:Value>N</ns2:Value></ns2:CustProperty><ns2:CustProperty><ns2:Code>C_EVENING_PHONE</ns2:Code><ns2:Value></ns2:Value></ns2:CustProperty><ns2:CustProperty><ns2:Code>C_Extend_Cust_Str_Attr5</ns2:Code><ns2:Value></ns2:Value></ns2:CustProperty><ns2:CustProperty><ns2:Code>C_Extend_Cust_Str_Attr4</ns2:Code><ns2:Value></ns2:Value></ns2:CustProperty><ns2:CustProperty><ns2:Code>C_Extend_Cust_Str_Attr3</ns2:Code><ns2:Value></ns2:Value></ns2:CustProperty><ns2:CustProperty><ns2:Code>C_Extend_Cust_Str_Attr2</ns2:Code><ns2:Value></ns2:Value></ns2:CustProperty><ns2:CustProperty><ns2:Code>C_DAYTIME_PHONE</ns2:Code><ns2:Value></ns2:Value></ns2:CustProperty><ns2:CustProperty><ns2:Code>C_Extend_Cust_Str_Attr9</ns2:Code><ns2:Value></ns2:Value></ns2:CustProperty><ns2:CustProperty><ns2:Code>C_Extend_Cust_Str_Attr8</ns2:Code><ns2:Value></ns2:Value></ns2:CustProperty><ns2:CustProperty><ns2:Code>C_CUST_MARKETING_CONSENT</ns2:Code><ns2:Value>N</ns2:Value></ns2:CustProperty><ns2:CustProperty><ns2:Code>C_Extend_Cust_Str_Attr7</ns2:Code><ns2:Value></ns2:Value></ns2:CustProperty><ns2:CustProperty><ns2:Code>C_Extend_Cust_Str_Attr6</ns2:Code><ns2:Value></ns2:Value></ns2:CustProperty><ns2:CustProperty><ns2:Code>C_OLD_IC</ns2:Code><ns2:Value></ns2:Value></ns2:CustProperty><ns2:CustProperty><ns2:Code>C_Extend_Cust_Str_Attr1</ns2:Code><ns2:Value></ns2:Value></ns2:CustProperty><ns2:CustProperty><ns2:Code>C_Extend_Cust_Str_Attr10</ns2:Code><ns2:Value></ns2:Value></ns2:CustProperty><ns2:CustProperty><ns2:Code>C_CUST_BILLSUM</ns2:Code><ns2:Value>0</ns2:Value></ns2:CustProperty><ns2:CustProperty><ns2:Code>C_CORP_CUST_SEGMENT</ns2:Code><ns2:Value></ns2:Value></ns2:CustProperty><ns2:CustProperty><ns2:Code>C_ACCESSIBILITY_FLAG</ns2:Code><ns2:Value></ns2:Value></ns2:CustProperty><ns2:CustProperty><ns2:Code>C_CUST_BelToAreaID</ns2:Code><ns2:Value>101</ns2:Value></ns2:CustProperty><ns2:CustProperty><ns2:Code>C_CUST_ID</ns2:Code><ns2:Value>100090000000348826</ns2:Value></ns2:CustProperty></ns2:CustBasicInfo></ns3:CustInfo><ns3:IndividualInfo><ns2:IDType>6</ns2:IDType><ns2:IDNumber>697979125</ns2:IDNumber><ns2:FirstName>JAIME IV</ns2:FirstName><ns2:LastName>RAMOS SAN M</ns2:LastName><ns2:HomePhone>3102487364</ns2:HomePhone><ns2:Email>pruebas@gmail.com</ns2:Email><ns2:IndividualProperty><ns2:Code>C_MKT_P_STATUS</ns2:Code><ns2:Value>1</ns2:Value></ns2:IndividualProperty></ns3:IndividualInfo></ns3:UserCustomer></ns3:SubscriberInfo><ns3:PaymentMode>0</ns3:PaymentMode><ns3:PrimaryOffering><ns2:OfferingKey><ns2:OfferingID>110110367</ns2:OfferingID><ns2:PurchaseSeq>209941</ns2:PurchaseSeq></ns2:OfferingKey><ns2:BundledFlag>S</ns2:BundledFlag><ns2:OfferingClass>I</ns2:OfferingClass><ns2:Status>2</ns2:Status><ns2:ProductInst><ns2:ProductID>1010</ns2:ProductID><ns2:PrimaryFlag>A</ns2:PrimaryFlag><ns2:PackageFlag>A</ns2:PackageFlag><ns2:NetworkType>1</ns2:NetworkType><ns2:ProductType>4</ns2:ProductType></ns2:ProductInst><ns2:ProductInst><ns2:ProductID>1014</ns2:ProductID><ns2:PrimaryFlag>A</ns2:PrimaryFlag><ns2:PackageFlag>A</ns2:PackageFlag><ns2:NetworkType>1</ns2:NetworkType><ns2:ProductType>1</ns2:ProductType></ns2:ProductInst><ns2:ProductInst><ns2:ProductID>1042</ns2:ProductID><ns2:PrimaryFlag>A</ns2:PrimaryFlag><ns2:PackageFlag>A</ns2:PackageFlag><ns2:NetworkType>1</ns2:NetworkType><ns2:ProductType>1</ns2:ProductType></ns2:ProductInst><ns2:ProductInst><ns2:ProductID>1011</ns2:ProductID><ns2:PrimaryFlag>A</ns2:PrimaryFlag><ns2:PackageFlag>A</ns2:PackageFlag><ns2:NetworkType>1</ns2:NetworkType><ns2:ProductType>1</ns2:ProductType></ns2:ProductInst><ns2:ProductInst><ns2:ProductID>1822969218</ns2:ProductID><ns2:PrimaryFlag>A</ns2:PrimaryFlag><ns2:PackageFlag>A</ns2:PackageFlag><ns2:NetworkType>1</ns2:NetworkType><ns2:ProductType>1</ns2:ProductType></ns2:ProductInst><ns2:ProductInst><ns2:ProductID>1053</ns2:ProductID><ns2:PrimaryFlag>M</ns2:PrimaryFlag><ns2:PackageFlag>A</ns2:Packag"
14:50:11.460 [Test worker] DEBUG org.apache.http.wire -  << "eFlag><ns2:NetworkType>1</ns2:NetworkType><ns2:ProductType>1</ns2:ProductType></ns2:ProductInst></ns3:PrimaryOffering></ns3:Subscriber>"
14:50:11.460 [Test worker] DEBUG org.apache.http.wire -  << "[\r][\n]"
14:50:11.460 [Test worker] DEBUG org.apache.http.wire -  << "0067[\r][\n]"
14:50:11.460 [Test worker] DEBUG org.apache.http.wire -  << "<ns3:Account><ns3:AcctKey>PRE-8990025658</ns3:AcctKey><ns3:AcctInfo><ns3:AcctCode>CBS100090000000353323"
14:50:11.460 [Test worker] DEBUG org.apache.http.wire -  << "[\r][\n]"
14:50:11.461 [Test worker] DEBUG org.apache.http.wire -  << "0fe8[\r][\n]"
14:50:11.461 [Test worker] DEBUG org.apache.http.wire -  << "</ns3:AcctCode><ns3:UserCustomerKey>CTA00000266909</ns3:UserCustomerKey><ns3:UserCustomer><ns3:CustKey>CTA00000266909</ns3:CustKey><ns3:CustInfo><ns2:CustType>1</ns2:CustType><ns2:CustNodeType>1</ns2:CustNodeType><ns2:CustClass>1</ns2:CustClass><ns2:CustCode>CBS100090000000348826</ns2:CustCode><ns2:CustBasicInfo><ns2:DFTWrittenLang>2002</ns2:DFTWrittenLang><ns2:DFTIVRLang>2002</ns2:DFTIVRLang><ns2:DunningFlag>1</ns2:DunningFlag><ns2:CustProperty><ns2:Code>C_Extend_Cust_Int_Attr8</ns2:Code><ns2:Value></ns2:Value></ns2:CustProperty><ns2:CustProperty><ns2:Code>C_CUSTOMER_TAX_RATE</ns2:Code><ns2:Value></ns2:Value></ns2:CustProperty><ns2:CustProperty><ns2:Code>C_Extend_Cust_Int_Attr9</ns2:Code><ns2:Value></ns2:Value></ns2:CustProperty><ns2:CustProperty><ns2:Code>C_CUST_BANKRUPTCY</ns2:Code><ns2:Value>N</ns2:Value></ns2:CustProperty><ns2:CustProperty><ns2:Code>C_Extend_Cust_Int_Attr10</ns2:Code><ns2:Value></ns2:Value></ns2:CustProperty><ns2:CustProperty><ns2:Code>C_Extend_Cust_Int_Attr4</ns2:Code><ns2:Value></ns2:Value></ns2:CustProperty><ns2:CustProperty><ns2:Code>C_Extend_Cust_Int_Attr5</ns2:Code><ns2:Value></ns2:Value></ns2:CustProperty><ns2:CustProperty><ns2:Code>C_Extend_Cust_Int_Attr6</ns2:Code><ns2:Value></ns2:Value></ns2:CustProperty><ns2:CustProperty><ns2:Code>C_Extend_Cust_Int_Attr7</ns2:Code><ns2:Value></ns2:Value></ns2:CustProperty><ns2:Cus"
14:50:11.471 [Test worker] DEBUG org.apache.http.wire -  << "tProperty><ns2:Code>C_LEGAL_CATEGORY</ns2:Code><ns2:Value></ns2:Value></ns2:CustProperty><ns2:CustProperty><ns2:Code>C_CONTRACT_ID</ns2:Code><ns2:Value></ns2:Value></ns2:CustProperty><ns2:CustProperty><ns2:Code>C_Extend_Cust_Int_Attr1</ns2:Code><ns2:Value></ns2:Value></ns2:CustProperty><ns2:CustProperty><ns2:Code>C_Extend_Cust_Int_Attr2</ns2:Code><ns2:Value></ns2:Value></ns2:CustProperty><ns2:CustProperty><ns2:Code>C_NEW_IC</ns2:Code><ns2:Value></ns2:Value></ns2:CustProperty><ns2:CustProperty><ns2:Code>C_Extend_Cust_Int_Attr3</ns2:Code><ns2:Value></ns2:Value></ns2:CustProperty><ns2:CustProperty><ns2:Code>C_REG_FLAG</ns2:Code><ns2:Value>N</ns2:Value></ns2:CustProperty><ns2:CustProperty><ns2:Code>C_NRC</ns2:Code><ns2:Value></ns2:Value></ns2:CustProperty><ns2:CustProperty><ns2:Code>C_CUST_CATEGORY</ns2:Code><ns2:Value></ns2:Value></ns2:CustProperty><ns2:CustProperty><ns2:Code>C_CUST_SALT</ns2:Code><ns2:Value>279FA3B1E9A3710D</ns2:Value></ns2:CustProperty><ns2:CustProperty><ns2:Code>C_EXTERNAL_CUST_ID</ns2:Code><ns2:Value></ns2:Value></ns2:CustProperty><ns2:CustProperty><ns2:Code>C_FRAUD_FLAG</ns2:Code><ns2:Value>N</ns2:Value></ns2:CustProperty><ns2:CustProperty><ns2:Code>C_CUST_MEDIA_FLAG</ns2:Code><ns2:Value>N</ns2:Value></ns2:CustProperty><ns2:CustProperty><ns2:Code>C_TAX_PAYER_IDENTIFICATION_NO</ns2:Code><ns2:Value></ns2:Value></ns2:CustProperty><ns2:CustProperty><ns2:Code>C_CUST_DECEASED</ns2:Code><ns2:Value>N</ns2:Value></ns2:CustProperty><ns2:CustProperty><ns2:Code>C_EVENING_PHONE</ns2:Code><ns2:Value></ns2:Value></ns2:CustProperty><ns2:CustProperty><ns2:Code>C_Extend_Cust_Str_Attr5</ns2:Code><ns2:Value></ns2:Value></ns2:CustProperty><ns2:CustProperty><ns2:Code>C_Extend_Cust_Str_Attr4</ns2:Code><ns2:Value></ns2:Value></ns2:CustProperty><ns2:CustProperty><ns2:Code>C_Extend_Cust_Str_Attr3</ns2:Code><ns2:Value></ns2:Value></ns2:CustProperty><ns2:CustProperty><ns2:Code>C_Extend_Cust_Str_Attr2</ns2:Code><ns2:Value></ns2:Value></ns2:CustProperty><ns2:CustProperty><ns2:Code>C_DAYTIME_PHONE</ns2:Code><ns2:Value></ns2:Value></ns2:CustProperty><ns2:CustProperty><ns2:Code>C_Extend_Cust_Str_Attr9</ns2:Code><ns2:Value></ns2:Value></ns2:CustProperty><ns2:CustProperty><ns2:Code>C_Extend_Cust_Str_Attr8</ns2:Code><ns2:Value></ns2:Value></ns2:CustProperty><ns2:CustProperty><ns2:Code>C_CUST_MARKETING_CONSENT</ns2:Code><ns2:Value>N</ns2:Value></ns2:CustProperty><ns2:CustProperty><ns2:Code>C_Extend_Cust_Str_Attr7</ns2:Code><ns2:Value></ns2:Value></ns2:CustProperty><ns2:CustProperty><ns2:Code>C_Extend_Cust_Str_Attr6</ns2:Code><ns2:Value></ns2:Value></ns2:CustProperty><ns2:CustProperty><ns2:Code>C_OLD_IC</ns2:Code><ns2:Value></ns2:Value></ns2:CustProperty><ns2:CustProperty><n"
14:50:11.471 [Test worker] DEBUG org.apache.http.wire -  << "[\r][\n]"
14:50:11.471 [Test worker] DEBUG org.apache.http.wire -  << "0fe8[\r][\n]"
14:50:11.471 [Test worker] DEBUG org.apache.http.wire -  << "s2:Code>C_Extend_Cust_Str_Attr1</ns2:Code><ns2:Value></ns2:Value></ns2:CustProperty><ns2:CustProperty><ns2:Code>C_Extend_Cust_Str_Attr10</ns2:Code><ns2:Value></ns2:Value></ns2:CustProperty><ns2:CustProperty><ns2:Code>C_CUST_BILLSUM</ns2:Code><ns2:Value>0</ns2:Value></ns2:CustProperty><ns2:CustProperty><ns2:Code>C_CORP_CUST_SEGMENT</ns2:Code><ns2:Value></ns2:Value></ns2:CustProperty><ns2:CustProperty><ns2:Code>C_ACCESSIBILITY_FLAG</ns2:Code><ns2:Value></ns2:Value></ns2:CustProperty><ns2:CustProperty><ns2:Code>C_CUST_BelToAreaID</ns2:Code><ns2:Value>101</ns2:Value></ns2:CustProperty><ns2:CustProperty><ns2:Code>C_CUST_ID</ns2:Code><ns2:Value>100090000000348826</ns2:Value></ns2:CustProperty></ns2:CustBasicInfo></ns3:CustInfo><ns3:IndividualInfo><ns2:IDType>6</ns2:IDType><ns2:IDNumber>697979125</ns2:IDNumber><ns2:FirstName>JAIME IV</ns2:FirstName><ns2:LastName>RAMOS SAN M</ns2:LastName><ns2:HomePhone>3102487364</ns2:HomePhone><ns2:Email>pruebas@gmail.com</ns2:Email><ns2:IndividualProperty><ns2:Code>C_MKT_P_STATUS</ns2:Code><ns2:Value>1</ns2:Value></ns2:IndividualProperty></ns3:IndividualInfo></ns3:UserCustomer><ns3:RootAcctKey>PRE-8990025658</ns3:RootAcctKey><ns3:AcctBasicInfo><ns2:BillLang>2002</ns2:BillLang><ns2:DunningFlag>1</ns2:DunningFlag><ns2:LateFeeChargeable>N</ns2:LateFeeChargeable><ns2:RedlistFlag>0</ns2:RedlistFlag><ns2:ContactInfo><ns2:FirstName>JAIME IV</ns2:FirstName><ns2:LastName>RAMOS SAN M</ns2:LastName><ns2:AddressKey>fda3d0b5b6f3587de60621cc4e706f1a</ns2:AddressKey><ns2:HomePhone>3104682362</ns2:HomePhone><ns2:MobilePhone>3045981670</ns2:MobilePhone><ns2:Email>pruebit@gmail.com</ns2:Email></ns2:ContactInfo><ns2:AcctProperty><ns2:Code>C_ACCOUNT_INFO_5</ns2:Code><ns2:Value></ns2:Value></ns2:AcctProperty><ns2:AcctProperty><ns2:Code>C_GRP_IND_ACCT</ns2:Code><ns2:Value></ns2:Value></ns2:AcctProperty><ns2:AcctProperty><ns2:Code>C_INIT_BALANCE</ns2:Code><ns2:Value></ns2:Value></ns2:AcctProperty><ns2:AcctProperty><ns2:Code>C_ACCOUNT_INFO_3</ns2:Code><ns2:Value></ns2:Value></ns2:AcctProperty><ns2:AcctProperty><ns2:Code>C_ACCOUNT_INFO_4</ns2:Code><ns2:Value></ns2:Value></ns2:AcctProperty><ns2:AcctProperty><ns2:Code>C_Extend_Acct_Int_Attr1</ns2:Code><ns2:Value></ns2:Value></ns2:AcctProperty><ns2:AcctProperty><ns2:Code>C_Extend_Acct_Int_Attr2</ns2:Code><ns2:Value></ns2:Value></ns2:AcctProperty><ns2:AcctProperty><ns2:Code>C_Extend_Acct_Int_Attr3</ns2:Code><ns2:Value></ns2:Value></ns2:AcctProperty><ns2:AcctProperty><ns2:Code>C_POINT_ACCM_FLAG</ns2:Code><ns2:Value>1</ns2:Value></ns2:AcctProperty><ns2:AcctProperty><ns2:Code>C_RTN</ns2:Code><ns2:Value></ns2:Value></ns2:AcctProperty><ns2:AcctProperty><ns2:Code>C_BILLING_GROUP_NO</ns2:Code><ns2:Value></ns2:Value></ns2:AcctProperty><ns2:AcctProperty><ns2:Code>C_GRACE_PERIOD</ns2:Code><ns2:Value></ns2:Value></ns2:AcctProperty><ns2:AcctProperty><ns2:Code>C_BILL_TYPE</ns2:Code><ns2:Value>T</ns2:Value></ns2:AcctProperty><ns2:AcctProperty><ns2:Code>C_TAX_CORRELATIVE_TYPE</ns2:Code><ns2:Value></ns2:Value></ns2:AcctProperty><ns2:AcctProperty><ns2:Code>C_ACCOUNT_CATEGORY</ns2:Code><ns2:Value>0</ns2:Value></ns2:AcctProperty><ns2:AcctProperty><ns2:Code>C_IS_VPN_ACCT_SUSPEND</ns2:Code><ns2:Value>0</ns2:Value></ns2:AcctProperty><ns2:AcctProperty><ns2:Code>C_BUSINESS_TYPE</ns2:Code><ns2:Value>0</ns2:Value></ns2:AcctProperty><ns2:AcctProperty><ns2:Code>C_Extend_Acct_Int_Attr4</ns2:Code><ns2:Value></ns2:Value></ns2:AcctProperty><ns2:AcctProperty><ns2:Code>C_Extend_Acct_Int_Attr5</ns2:Code><ns2:Value></ns2:Value></ns2:AcctProperty><ns2:AcctProperty><ns2:Code>C_FRAUD_WRITEOFF_FLAG</ns2:Code><ns2:Value>N</ns2:Value></ns2:AcctProperty><ns2:AcctProperty><ns2:Code>C_Extend_Acct_Int_Attr6</ns2:Code><ns2:Value></ns2:Value></ns2:AcctProperty><ns2:AcctProperty><ns2:Code>C_Extend_Acct_Int_Attr7</ns2:Code><ns2:Value></ns2:Value></ns2:AcctProperty><ns2:AcctProperty><ns2:Code>C_IMG_IDX</ns2:Code><ns2:Value></ns2:Value></ns2:AcctProperty><ns2:AcctProperty><ns2:Code>C_Extend_Acct_Int_Attr8</ns2:Code><ns2:Value></ns2:Value></ns2:AcctProperty><ns2:AcctProperty><ns2:Code>C_ACCOUNT_INFO"
14:50:11.473 [Test worker] DEBUG org.apache.http.wire -  << "[\r][\n]"
14:50:11.473 [Test worker] DEBUG org.apache.http.wire -  << "0fe8[\r][\n]"
14:50:11.473 [Test worker] DEBUG org.apache.http.wire -  << "_1</ns2:Code><ns2:Value></ns2:Value></ns2:AcctProperty><ns2:AcctProperty><ns2:Code>C_MCF_SELECTED</ns2:Code><ns2:Value>1</ns2:Value></ns2:AcctProperty><ns2:AcctProperty><ns2:Code>C_Extend_Acct_Int_Attr9</ns2:Code><ns2:Value></ns2:Value></ns2:AcctProperty><ns2:AcctProperty><ns2:Code>C_VERIFICATION_DIGIT</ns2:Code><ns2:Value></ns2:Value></ns2:AcctProperty><ns2:AcctProperty><ns2:Code>C_ACCOUNT_INFO_2</ns2:Code><ns2:Value></ns2:Value></ns2:AcctProperty><ns2:AcctProperty><ns2:Code>C_PRI_SUB_ID</ns2:Code><ns2:Value></ns2:Value></ns2:AcctProperty><ns2:AcctProperty><ns2:Code>C_DVD_IDX</ns2:Code><ns2:Value>N</ns2:Value></ns2:AcctProperty><ns2:AcctProperty><ns2:Code>C_Extend_Acct_Str_Attr1</ns2:Code><ns2:Value></ns2:Value></ns2:AcctProperty><ns2:AcctProperty><ns2:Code>C_POINT_EXCHANGE_FLAG</ns2:Code><ns2:Value>0</ns2:Value></ns2:AcctProperty><ns2:AcctProperty><ns2:Code>C_ACCT_AUTOPAY_FAILCOUNTER</ns2:Code><ns2:Value>0</ns2:Value></ns2:AcctProperty><ns2:AcctProperty><ns2:Code>C_NIT</ns2:Code><ns2:Value></ns2:Value></ns2:AcctProperty><ns2:AcctProperty><ns2:Code>C_CONTRACT_NUMBER</ns2:Code><ns2:Value></ns2:Value></ns2:AcctProperty><ns2:AcctProperty><ns2:Code>C_PAY_INTIME_DATE</ns2:Code><ns2:Value></ns2:Value></ns2:AcctProperty><ns2:AcctProperty><ns2:Code>C_OVER_DRAFT_FOR_PREPAID</ns2:Code><ns2:Value></ns2:Value></ns2:AcctProperty><ns2:AcctProperty><ns2:Code>C_ACCOUNT_TAX_EXEMPTION</ns2:Code><ns2:Value>0</ns2:Value></ns2:AcctProperty><ns2:AcctProperty><ns2:Code>C_ACCT_BILLFLAG</ns2:Code><ns2:Value>0</ns2:Value></ns2:AcctProperty><ns2:AcctProperty><ns2:Code>C_DUNNING_EXCEPTION_LIST</ns2:Code><ns2:Value>0000</ns2:Value></ns2:AcctProperty><ns2:AcctProperty><ns2:Code>C_MARKETING_CATEGORY</ns2:Code><ns2:Value></ns2:Value></ns2:AcctProperty><ns2:AcctProperty><ns2:Code>C_SOCIETY</ns2:Code><ns2:Value></ns2:Value></ns2:AcctProperty><ns2:AcctProperty><ns2:Code>C_DDI_STATUS</ns2:Code><ns2:Value></ns2:Value></ns2:AcctProperty><ns2:AcctProperty><ns2:Code>C_Extend_Acct_Str_Attr10</ns2:Code><ns2:Value></ns2:Value></ns2:AcctProperty><ns2:AcctProperty><ns2:Code>C_Extend_Acct_Str_Attr9</ns2:Code><ns2:Value></ns2:Value></ns2:AcctProperty><ns2:AcctProperty><ns2:Code>C_ECONOMIC_STRATUM</ns2:Code><ns2:Value></ns2:Value></ns2:AcctProperty><ns2:AcctProperty><ns2:Code>C_Extend_Acct_Str_Attr8</ns2:Code><ns2:Value></ns2:Value></ns2:AcctProperty><ns2:AcctProperty><ns2:Code>C_Extend_Acct_Str_Attr7</ns2:Code><ns2:Value></ns2:Value></ns2:AcctProperty><ns2:AcctProperty><ns2:Code>C_Extend_Acct_Str_Attr6</ns2:Code><ns2:Value></ns2:Value></ns2:AcctProperty><ns2:AcctProperty><ns2:Code>C_Extend_Acct_Str_Attr5</ns2:Code><ns2:Value></ns2:Value></ns2:AcctProperty><ns2:AcctProperty><ns2:Code>C_BILL_CONFIRM</ns2:Code><ns2:Value>N</ns2:Value></ns2:AcctProperty><ns2:AcctProperty><ns2:Code>C_Extend_Acct_Str_Attr4</ns2:Code><ns2:Value></ns2:Value></ns2:AcctProperty><ns2:AcctProperty><ns2:Code>C_Extend_Acct_Str_Attr3</ns2:Code><ns2:Value></ns2:Value></ns2:AcctProperty><ns2:AcctProperty><ns2:Code>C_ACCT_STATUS</ns2:Code><ns2:Value>0</ns2:Value></ns2:AcctProperty><ns2:AcctProperty><ns2:Code>C_Extend_Acct_Str_Attr2</ns2:Code><ns2:Value></ns2:Value></ns2:AcctProperty><ns2:AcctProperty><ns2:Code>C_Extend_Acct_Int_Attr10</ns2:Code><ns2:Value></ns2:Value></ns2:AcctProperty><ns2:AcctProperty><ns2:Code>C_ACCOUNT_RELIABILITY</ns2:Code><ns2:Value></ns2:Value></ns2:AcctProperty><ns2:AcctProperty><ns2:Code>C_COLLECTION_CATEGORY</ns2:Code><ns2:Value></ns2:Value></ns2:AcctProperty><ns2:AcctProperty><ns2:Code>C_CITY</ns2:Code><ns2:Value></ns2:Value></ns2:AcctProperty><ns2:AcctProperty><ns2:Code>C_ACCOUNT_MANDATE_CODE</ns2:Code><ns2:Value></ns2:Value></ns2:AcctProperty><ns2:AcctProperty><ns2:Code>C_PROVINCE</ns2:Code><ns2:Value></ns2:Value></ns2:AcctProperty><ns2:AcctProperty><ns2:Code>C_RFC</ns2:Code><ns2:Value></ns2:Value></ns2:AcctProperty><ns2:AcctProperty><ns2:Code>C_CLAIM_FLAG</ns2:Code><ns2:Value>N</ns2:Value></ns2:AcctProperty><ns2:AcctProperty><ns2:Code>C_ROUTEID</ns2:Code><ns2:Value></ns2:Value></ns2:AcctProperty><ns2:AcctProperty><ns2:Code>C_SUC_AUTOPAY_DATE</ns2"
14:50:11.473 [Test worker] DEBUG org.apache.http.wire -  << "[\r][\n]"
14:50:11.473 [Test worker] DEBUG org.apache.http.wire -  << "0080[\r][\n]"
14:50:11.473 [Test worker] DEBUG org.apache.http.wire -  << ":Code><ns2:Value></ns2:V"
14:50:11.473 [Test worker] DEBUG org.apache.http.wire -  << "alue></ns2:AcctProperty><ns2:AcctProperty><ns2:Code>C_POINT_DISTRIBUTE_RATE</ns2:Code><ns2:Value>0</ns2:"
14:50:11.473 [Test worker] DEBUG org.apache.http.wire -  << "[\r][\n]"
14:50:11.473 [Test worker] DEBUG org.apache.http.wire -  << "0925[\r][\n]"
14:50:11.473 [Test worker] DEBUG org.apache.http.wire -  << "Value></ns2:AcctProperty><ns2:AcctProperty><ns2:Code>C_ROAM_ACCT_ORDER_SEND</ns2:Code><ns2:Value>0</ns2:Value></ns2:AcctProperty><ns2:AcctProperty><ns2:Code>C_DD_REFERENCE</ns2:Code><ns2:Value></ns2:Value></ns2:AcctProperty><ns2:AcctProperty><ns2:Code>C_TERRITORY</ns2:Code><ns2:Value></ns2:Value></ns2:AcctProperty><ns2:AcctProperty><ns2:Code>C_CHG_ACCT_STATUS</ns2:Code><ns2:Value>0</ns2:Value></ns2:AcctProperty><ns2:AcctProperty><ns2:Code>C_DUE_DATE_TYPE</ns2:Code><ns2:Value></ns2:Value></ns2:AcctProperty><ns2:AcctProperty><ns2:Code>C_CREDIT_RECALCULATION_FLAG</ns2:Code><ns2:Value>N</ns2:Value></ns2:AcctProperty><ns2:AcctProperty><ns2:Code>C_BUSINESS_UNIT</ns2:Code><ns2:Value></ns2:Value></ns2:AcctProperty><ns2:AcctProperty><ns2:Code>C_OTHER_CARRIER</ns2:Code><ns2:Value>0</ns2:Value></ns2:AcctProperty><ns2:AcctProperty><ns2:Code>C_LATEFEE_FLAG</ns2:Code><ns2:Value>N</ns2:Value></ns2:AcctProperty><ns2:AcctProperty><ns2:Code>C_REF_A</ns2:Code><ns2:Value></ns2:Value></ns2:AcctProperty><ns2:AcctProperty><ns2:Code>C_BILL_DISPATCH_CODE</ns2:Code><ns2:Value></ns2:Value></ns2:AcctProperty><ns2:AcctProperty><ns2:Code>C_REF_B</ns2:Code><ns2:Value></ns2:Value></ns2:AcctProperty><ns2:AcctProperty><ns2:Code>C_ACCTCYCLELENGTH</ns2:Code><ns2:Value>1</ns2:Value></ns2:AcctProperty><ns2:AcctProperty><ns2:Code>C_PRI_SUB_IDENTIFIER</ns2:Code><ns2:Value></ns2:Value></ns2:AcctProperty><ns2:AcctProperty><ns2:Code>C_DCA_NAME</ns2:Code><ns2:Value></ns2:Value></ns2:AcctProperty><ns2:AcctProperty><ns2:Code>C_ACCT_ID</ns2:Code><ns2:Value>100090000000353323</ns2:Value></ns2:AcctProperty></ns3:AcctBasicInfo><ns3:BillCycleType>01</ns3:BillCycleType><ns3:AcctType>1</ns3:AcctType><ns3:PaymentType>0</ns3:PaymentType><ns3:AcctClass>1</ns3:AcctClass><ns3:CurrencyID>1032</ns3:CurrencyID><ns3:AcctPayMethod>1</ns3:AcctPayMethod><ns3:AddressInfo><ns2:AddressKey>fda3d0b5b6f3587de60621cc4e706f1a</ns2:AddressKey><ns2:Address1>Carrera 48 55-23</ns2:Address1><ns2:Address5>70742</ns2:Address5><ns2:Address6>70</ns2:Address6><ns2:Address7>Centro</ns2:Address7><ns2:Address8>Colombia</ns2:Address8></ns3:AddressInfo><ns3:BillCycleOpenDate>20220501000000</ns3:BillCycleOpenDate><ns3:BillCycleEndDate>20220601000000</ns3:BillCycleEndDate></ns3:AcctInfo></ns3:Account></QueryCustomerInfoResult></return></ns4:queryCustomerInfoResponse></S:Body></S:Envelope>"
14:50:11.473 [Test worker] DEBUG org.apache.http.wire -  << "[\r][\n]"
14:50:11.473 [Test worker] DEBUG org.apache.http.wire -  << "0000[\r][\n]"
14:50:11.473 [Test worker] DEBUG org.apache.http.wire -  << "[\r][\n]"
14:50:11.473 [Test worker] DEBUG org.apache.http.impl.conn.BasicClientConnectionManager - Releasing connection org.apache.http.impl.conn.ManagedClientConnectionImpl@5e840658
14:50:11.473 [Test worker] DEBUG org.apache.http.impl.conn.BasicClientConnectionManager - Connection can be kept alive indefinitely
14:50:11.481 [Test worker] DEBUG org.apache.http.impl.conn.BasicClientConnectionManager - Get connection for route {}->http://10.65.45.12:9001
14:50:11.481 [Test worker] DEBUG org.apache.http.impl.conn.DefaultClientConnectionOperator - Connecting to 10.65.45.12:9001
14:50:11.528 [Test worker] DEBUG org.apache.http.client.protocol.RequestAddCookies - CookieSpec selected: ignoreCookies
14:50:11.529 [Test worker] DEBUG org.apache.http.client.protocol.RequestAuthCache - Auth cache not set in the context
14:50:11.529 [Test worker] DEBUG org.apache.http.client.protocol.RequestTargetAuthentication - Target auth state: UNCHALLENGED
14:50:11.529 [Test worker] DEBUG org.apache.http.client.protocol.RequestProxyAuthentication - Proxy auth state: UNCHALLENGED
14:50:11.529 [Test worker] DEBUG org.apache.http.impl.client.DefaultHttpClient - Attempt 1 to execute request
14:50:11.529 [Test worker] DEBUG org.apache.http.impl.conn.DefaultClientConnection - Sending request: POST /gatewaymgint/GatewayMGWSInt HTTP/1.1
14:50:11.529 [Test worker] DEBUG org.apache.http.wire -  >> "POST /gatewaymgint/GatewayMGWSInt HTTP/1.1[\r][\n]"
14:50:11.529 [Test worker] DEBUG org.apache.http.wire -  >> "Accept: */*[\r][\n]"
14:50:11.529 [Test worker] DEBUG org.apache.http.wire -  >> "Content-Type: text/xml;charset=UTF-8[\r][\n]"
14:50:11.529 [Test worker] DEBUG org.apache.http.wire -  >> "Content-Length: 479[\r][\n]"
14:50:11.529 [Test worker] DEBUG org.apache.http.wire -  >> "Host: 10.65.45.12:9001[\r][\n]"
14:50:11.529 [Test worker] DEBUG org.apache.http.wire -  >> "Connection: Keep-Alive[\r][\n]"
14:50:11.529 [Test worker] DEBUG org.apache.http.wire -  >> "User-Agent: Apache-HttpClient/4.5.9 (Java/1.8.0_301)[\r][\n]"
14:50:11.529 [Test worker] DEBUG org.apache.http.wire -  >> "Accept-Encoding: gzip,deflate[\r][\n]"
14:50:11.529 [Test worker] DEBUG org.apache.http.wire -  >> "[\r][\n]"
14:50:11.529 [Test worker] DEBUG org.apache.http.headers - >> POST /gatewaymgint/GatewayMGWSInt HTTP/1.1
14:50:11.529 [Test worker] DEBUG org.apache.http.headers - >> Accept: */*
14:50:11.529 [Test worker] DEBUG org.apache.http.headers - >> Content-Type: text/xml;charset=UTF-8
14:50:11.529 [Test worker] DEBUG org.apache.http.headers - >> Content-Length: 479
14:50:11.529 [Test worker] DEBUG org.apache.http.headers - >> Host: 10.65.45.12:9001
14:50:11.529 [Test worker] DEBUG org.apache.http.headers - >> Connection: Keep-Alive
14:50:11.529 [Test worker] DEBUG org.apache.http.headers - >> User-Agent: Apache-HttpClient/4.5.9 (Java/1.8.0_301)
14:50:11.529 [Test worker] DEBUG org.apache.http.headers - >> Accept-Encoding: gzip,deflate
14:50:11.530 [Test worker] DEBUG org.apache.http.wire -  >> "<soapenv:Envelope xmlns:soapenv="http://schemas.xmlsoap.org/soap/envelope/" xmlns:web="http://webservices.gatewaymg.tigo.com.co/">[\n]"
14:50:11.530 [Test worker] DEBUG org.apache.http.wire -  >> "   <soapenv:Header/>[\n]"
14:50:11.530 [Test worker] DEBUG org.apache.http.wire -  >> "   <soapenv:Body>[\n]"
14:50:11.530 [Test worker] DEBUG org.apache.http.wire -  >> "      <web:uninstallSubscription>[\n]"
14:50:11.530 [Test worker] DEBUG org.apache.http.wire -  >> "         <!--Optional:-->[\n]"
14:50:11.530 [Test worker] DEBUG org.apache.http.wire -  >> "         <arg0>[\n]"
14:50:11.530 [Test worker] DEBUG org.apache.http.wire -  >> "            <!--Optional:-->[\n]"
14:50:11.530 [Test worker] DEBUG org.apache.http.wire -  >> "            <msisdn>3045981670</msisdn>[\n]"
14:50:11.530 [Test worker] DEBUG org.apache.http.wire -  >> "            <!--Optional:-->[\n]"
14:50:11.530 [Test worker] DEBUG org.apache.http.wire -  >> "            <transactionId>?</transactionId>[\n]"
14:50:11.530 [Test worker] DEBUG org.apache.http.wire -  >> "         </arg0>[\n]"
14:50:11.530 [Test worker] DEBUG org.apache.http.wire -  >> "      </web:uninstallSubscription>[\n]"
14:50:11.530 [Test worker] DEBUG org.apache.http.wire -  >> "   </soapenv:Body>[\n]"
14:50:11.530 [Test worker] DEBUG org.apache.http.wire -  >> "</soapenv:Envelope>"
14:50:11.699 [Test worker] DEBUG org.apache.http.wire -  << "HTTP/1.1 200 OK[\r][\n]"
14:50:11.699 [Test worker] DEBUG org.apache.http.wire -  << "Date: Wed, 18 May 2022 19:50:11 GMT[\r][\n]"
14:50:11.699 [Test worker] DEBUG org.apache.http.wire -  << "Transfer-Encoding: chunked[\r][\n]"
14:50:11.699 [Test worker] DEBUG org.apache.http.wire -  << "Content-Type: text/xml; charset=utf-8[\r][\n]"
14:50:11.699 [Test worker] DEBUG org.apache.http.wire -  << "[\r][\n]"
14:50:11.699 [Test worker] DEBUG org.apache.http.impl.conn.DefaultClientConnection - Receiving response: HTTP/1.1 200 OK
14:50:11.699 [Test worker] DEBUG org.apache.http.headers - << HTTP/1.1 200 OK
14:50:11.699 [Test worker] DEBUG org.apache.http.headers - << Date: Wed, 18 May 2022 19:50:11 GMT
14:50:11.700 [Test worker] DEBUG org.apache.http.headers - << Transfer-Encoding: chunked
14:50:11.700 [Test worker] DEBUG org.apache.http.headers - << Content-Type: text/xml; charset=utf-8
14:50:11.700 [Test worker] DEBUG org.apache.http.impl.client.DefaultHttpClient - Connection can be kept alive indefinitely
14:50:11.700 [Test worker] DEBUG io.restassured.internal.RequestSpecificationImpl$RestAssuredHttpBuilder - Parsing response as: text/xml; charset=utf-8
14:50:11.700 [Test worker] DEBUG io.restassured.internal.RequestSpecificationImpl$RestAssuredHttpBuilder - Parsed data to instance of: class org.apache.http.conn.EofSensorInputStream
14:50:11.701 [Test worker] DEBUG org.apache.http.wire -  << "006e[\r][\n]"
14:50:11.701 [Test worker] DEBUG org.apache.http.wire -  << "<?xml version='1.0' encoding='UTF-8'?><S:Envelope xmlns:S="http://schemas.xmlsoap.org/soap/envelope/"><S:Body>"
14:50:11.701 [Test worker] DEBUG org.apache.http.wire -  << "[\r][\n]"
14:50:11.701 [Test worker] DEBUG org.apache.http.wire -  << "00df[\r][\n]"
14:50:11.701 [Test worker] DEBUG org.apache.http.wire -  << "<ns2:uninstallSubscriptionResponse xmlns:ns2="http://webservices.gatewaymg.tigo.com.co/"><return><authorizationNumber>3411743122544581</authorizationNumber></return></ns2:uninstallSubscriptionResponse></S:Body></S:Envelope>"
14:50:11.701 [Test worker] DEBUG org.apache.http.wire -  << "[\r][\n]"
14:50:11.701 [Test worker] DEBUG org.apache.http.wire -  << "0000[\r][\n]"
14:50:11.701 [Test worker] DEBUG org.apache.http.wire -  << "[\r][\n]"
14:50:11.701 [Test worker] DEBUG org.apache.http.impl.conn.BasicClientConnectionManager - Releasing connection org.apache.http.impl.conn.ManagedClientConnectionImpl@1ac4e37e
14:50:11.701 [Test worker] DEBUG org.apache.http.impl.conn.BasicClientConnectionManager - Connection can be kept alive indefinitely
14:50:12.009 [Finalizer] DEBUG org.apache.http.impl.conn.DefaultClientConnection - Connection 0.0.0.0:53191<->10.65.45.12:9001 closed
14:50:12.011 [Finalizer] DEBUG org.apache.http.impl.conn.DefaultClientConnection - Connection 0.0.0.0:53190<->10.65.45.12:9001 closed
se ejecuta correctamente DB Activator
se ejecuta correctamente  DB EPOS
se ejecuta correctamente DB Siebel
se ejecuta correctamente DB Postale
14:50:23.292 [Test worker] DEBUG org.apache.http.impl.conn.BasicClientConnectionManager - Get connection for route {}->http://10.65.45.12:9001
14:50:23.292 [Test worker] DEBUG org.apache.http.impl.conn.DefaultClientConnectionOperator - Connecting to 10.65.45.12:9001
14:50:23.338 [Test worker] DEBUG org.apache.http.client.protocol.RequestAddCookies - CookieSpec selected: ignoreCookies
14:50:23.338 [Test worker] DEBUG org.apache.http.client.protocol.RequestAuthCache - Auth cache not set in the context
14:50:23.338 [Test worker] DEBUG org.apache.http.client.protocol.RequestTargetAuthentication - Target auth state: UNCHALLENGED
14:50:23.338 [Test worker] DEBUG org.apache.http.client.protocol.RequestProxyAuthentication - Proxy auth state: UNCHALLENGED
14:50:23.338 [Test worker] DEBUG org.apache.http.impl.client.DefaultHttpClient - Attempt 1 to execute request
14:50:23.338 [Test worker] DEBUG org.apache.http.impl.conn.DefaultClientConnection - Sending request: POST /gatewaycbs/BcServicesInt HTTP/1.1
14:50:23.338 [Test worker] DEBUG org.apache.http.wire -  >> "POST /gatewaycbs/BcServicesInt HTTP/1.1[\r][\n]"
14:50:23.338 [Test worker] DEBUG org.apache.http.wire -  >> "Accept: */*[\r][\n]"
14:50:23.338 [Test worker] DEBUG org.apache.http.wire -  >> "Content-Type: text/xml;charset=UTF-8[\r][\n]"
14:50:23.338 [Test worker] DEBUG org.apache.http.wire -  >> "Content-Length: 748[\r][\n]"
14:50:23.339 [Test worker] DEBUG org.apache.http.wire -  >> "Host: 10.65.45.12:9001[\r][\n]"
14:50:23.339 [Test worker] DEBUG org.apache.http.wire -  >> "Connection: Keep-Alive[\r][\n]"
14:50:23.339 [Test worker] DEBUG org.apache.http.wire -  >> "User-Agent: Apache-HttpClient/4.5.9 (Java/1.8.0_301)[\r][\n]"
14:50:23.339 [Test worker] DEBUG org.apache.http.wire -  >> "Accept-Encoding: gzip,deflate[\r][\n]"
14:50:23.339 [Test worker] DEBUG org.apache.http.wire -  >> "[\r][\n]"
14:50:23.339 [Test worker] DEBUG org.apache.http.headers - >> POST /gatewaycbs/BcServicesInt HTTP/1.1
14:50:23.339 [Test worker] DEBUG org.apache.http.headers - >> Accept: */*
14:50:23.339 [Test worker] DEBUG org.apache.http.headers - >> Content-Type: text/xml;charset=UTF-8
14:50:23.339 [Test worker] DEBUG org.apache.http.headers - >> Content-Length: 748
14:50:23.339 [Test worker] DEBUG org.apache.http.headers - >> Host: 10.65.45.12:9001
14:50:23.339 [Test worker] DEBUG org.apache.http.headers - >> Connection: Keep-Alive
14:50:23.339 [Test worker] DEBUG org.apache.http.headers - >> User-Agent: Apache-HttpClient/4.5.9 (Java/1.8.0_301)
14:50:23.339 [Test worker] DEBUG org.apache.http.headers - >> Accept-Encoding: gzip,deflate
14:50:23.340 [Test worker] DEBUG org.apache.http.wire -  >> "<soapenv:Envelope xmlns:bcc="http://www.huawei.com/bme/cbsinterface/bccommon" xmlns:bcs="http://www.huawei.com/bme/cbsinterface/bcservices" xmlns:ws="http://ws.web.gatewaycbs.tigo.com.co/" xmlns:soapenv="http://schemas.xmlsoap.org/soap/envelope/">[\n]"
14:50:23.340 [Test worker] DEBUG org.apache.http.wire -  >> "   <soapenv:Header/>[\n]"
14:50:23.340 [Test worker] DEBUG org.apache.http.wire -  >> "   <soapenv:Body>[\n]"
14:50:23.340 [Test worker] DEBUG org.apache.http.wire -  >> "      <ws:queryCustomerInfo>[\n]"
14:50:23.340 [Test worker] DEBUG org.apache.http.wire -  >> "         <!--Optional:-->[\n]"
14:50:23.340 [Test worker] DEBUG org.apache.http.wire -  >> "         <QueryCustomerInfoRequest>[\n]"
14:50:23.340 [Test worker] DEBUG org.apache.http.wire -  >> "            <bcs:QueryObj>[\n]"
14:50:23.340 [Test worker] DEBUG org.apache.http.wire -  >> "               <!--Optional:-->[\n]"
14:50:23.340 [Test worker] DEBUG org.apache.http.wire -  >> "               <bcs:SubAccessCode>[\n]"
14:50:23.340 [Test worker] DEBUG org.apache.http.wire -  >> "                  <!--Optional:-->[\n]"
14:50:23.340 [Test worker] DEBUG org.apache.http.wire -  >> "                  <bcc:PrimaryIdentity>3046010569</bcc:PrimaryIdentity>[\n]"
14:50:23.340 [Test worker] DEBUG org.apache.http.wire -  >> "               </bcs:SubAccessCode>[\n]"
14:50:23.340 [Test worker] DEBUG org.apache.http.wire -  >> "            </bcs:QueryObj>[\n]"
14:50:23.340 [Test worker] DEBUG org.apache.http.wire -  >> "         </QueryCustomerInfoRequest>[\n]"
14:50:23.340 [Test worker] DEBUG org.apache.http.wire -  >> "      </ws:queryCustomerInfo>[\n]"
14:50:23.340 [Test worker] DEBUG org.apache.http.wire -  >> "   </soapenv:Body>[\n]"
14:50:23.340 [Test worker] DEBUG org.apache.http.wire -  >> "</soapenv:Envelope>"
14:50:23.428 [Test worker] DEBUG org.apache.http.wire -  << "HTTP/1.1 200 OK[\r][\n]"
14:50:23.428 [Test worker] DEBUG org.apache.http.wire -  << "Date: Wed, 18 May 2022 19:50:23 GMT[\r][\n]"
14:50:23.428 [Test worker] DEBUG org.apache.http.wire -  << "Transfer-Encoding: chunked[\r][\n]"
14:50:23.428 [Test worker] DEBUG org.apache.http.wire -  << "Content-Type: text/xml; charset=utf-8[\r][\n]"
14:50:23.428 [Test worker] DEBUG org.apache.http.wire -  << "[\r][\n]"
14:50:23.428 [Test worker] DEBUG org.apache.http.impl.conn.DefaultClientConnection - Receiving response: HTTP/1.1 200 OK
14:50:23.428 [Test worker] DEBUG org.apache.http.headers - << HTTP/1.1 200 OK
14:50:23.428 [Test worker] DEBUG org.apache.http.headers - << Date: Wed, 18 May 2022 19:50:23 GMT
14:50:23.428 [Test worker] DEBUG org.apache.http.headers - << Transfer-Encoding: chunked
14:50:23.428 [Test worker] DEBUG org.apache.http.headers - << Content-Type: text/xml; charset=utf-8
14:50:23.428 [Test worker] DEBUG org.apache.http.impl.client.DefaultHttpClient - Connection can be kept alive indefinitely
14:50:23.428 [Test worker] DEBUG io.restassured.internal.RequestSpecificationImpl$RestAssuredHttpBuilder - Parsing response as: text/xml; charset=utf-8
14:50:23.428 [Test worker] DEBUG io.restassured.internal.RequestSpecificationImpl$RestAssuredHttpBuilder - Parsed data to instance of: class org.apache.http.conn.EofSensorInputStream
14:50:23.429 [Test worker] DEBUG org.apache.http.wire -  << "006e[\r][\n]"
14:50:23.429 [Test worker] DEBUG org.apache.http.wire -  << "<?xml version='1.0' encoding='UTF-8'?><S:Envelope xmlns:S="http://schemas.xmlsoap.org/soap/envelope/"><S:Body>"
14:50:23.429 [Test worker] DEBUG org.apache.http.wire -  << "[\r][\n]"
14:50:23.429 [Test worker] DEBUG org.apache.http.wire -  << "01f8[\r][\n]"
14:50:23.430 [Test worker] DEBUG org.apache.http.wire -  << "<ns4:queryCustomerInfoResponse xmlns:ns2="http://www.huawei.com/bme/cbsinterface/bccommon" xmlns:ns3="http://www.huawei.com/bme/cbsinterface/bcservices" xmlns:ns4="http://ws.web.gatewaycbs.tigo.com.co/" xmlns:ns5="http://www.huawei.com/bme/cbsinterface/cbscommon"><return><ResultHeader><ns5:Version>1</ns5:Version><ns5:ResultCode>118030260</ns5:ResultCode><ns5:ResultDesc>Subscriber 3046010569 does not exist.</ns5:ResultDesc></ResultHeader></return></ns4:queryCustomerInfoResponse></S:Body></S:Envelope>"
14:50:23.430 [Test worker] DEBUG org.apache.http.wire -  << "[\r][\n]"
14:50:23.430 [Test worker] DEBUG org.apache.http.wire -  << "0000[\r][\n]"
14:50:23.430 [Test worker] DEBUG org.apache.http.wire -  << "[\r][\n]"
14:50:23.430 [Test worker] DEBUG org.apache.http.impl.conn.BasicClientConnectionManager - Releasing connection org.apache.http.impl.conn.ManagedClientConnectionImpl@12515198
14:50:23.430 [Test worker] DEBUG org.apache.http.impl.conn.BasicClientConnectionManager - Connection can be kept alive indefinitely
La linea 3046010569 no esta activa
se ejecuta correctamente DB Activator
se ejecuta correctamente  DB EPOS
14:50:27.347 [Finalizer] DEBUG org.apache.http.impl.conn.DefaultClientConnection - Connection 0.0.0.0:53200<->10.65.45.12:9001 closed
se ejecuta correctamente DB Siebel
se ejecuta correctamente DB Postale
14:50:28.510 [Test worker] DEBUG org.apache.http.impl.conn.BasicClientConnectionManager - Get connection for route {}->http://10.65.45.12:9001
14:50:28.511 [Test worker] DEBUG org.apache.http.impl.conn.DefaultClientConnectionOperator - Connecting to 10.65.45.12:9001
14:50:28.557 [Test worker] DEBUG org.apache.http.client.protocol.RequestAddCookies - CookieSpec selected: ignoreCookies
14:50:28.559 [Test worker] DEBUG org.apache.http.client.protocol.RequestAuthCache - Auth cache not set in the context
14:50:28.559 [Test worker] DEBUG org.apache.http.client.protocol.RequestTargetAuthentication - Target auth state: UNCHALLENGED
14:50:28.559 [Test worker] DEBUG org.apache.http.client.protocol.RequestProxyAuthentication - Proxy auth state: UNCHALLENGED
14:50:28.559 [Test worker] DEBUG org.apache.http.impl.client.DefaultHttpClient - Attempt 1 to execute request
14:50:28.559 [Test worker] DEBUG org.apache.http.impl.conn.DefaultClientConnection - Sending request: POST /gatewaycbs/BcServicesInt HTTP/1.1
14:50:28.559 [Test worker] DEBUG org.apache.http.wire -  >> "POST /gatewaycbs/BcServicesInt HTTP/1.1[\r][\n]"
14:50:28.559 [Test worker] DEBUG org.apache.http.wire -  >> "Accept: */*[\r][\n]"
14:50:28.559 [Test worker] DEBUG org.apache.http.wire -  >> "Content-Type: text/xml;charset=UTF-8[\r][\n]"
14:50:28.559 [Test worker] DEBUG org.apache.http.wire -  >> "Content-Length: 748[\r][\n]"
14:50:28.559 [Test worker] DEBUG org.apache.http.wire -  >> "Host: 10.65.45.12:9001[\r][\n]"
14:50:28.559 [Test worker] DEBUG org.apache.http.wire -  >> "Connection: Keep-Alive[\r][\n]"
14:50:28.559 [Test worker] DEBUG org.apache.http.wire -  >> "User-Agent: Apache-HttpClient/4.5.9 (Java/1.8.0_301)[\r][\n]"
14:50:28.559 [Test worker] DEBUG org.apache.http.wire -  >> "Accept-Encoding: gzip,deflate[\r][\n]"
14:50:28.559 [Test worker] DEBUG org.apache.http.wire -  >> "[\r][\n]"
14:50:28.559 [Test worker] DEBUG org.apache.http.headers - >> POST /gatewaycbs/BcServicesInt HTTP/1.1
14:50:28.559 [Test worker] DEBUG org.apache.http.headers - >> Accept: */*
14:50:28.559 [Test worker] DEBUG org.apache.http.headers - >> Content-Type: text/xml;charset=UTF-8
14:50:28.559 [Test worker] DEBUG org.apache.http.headers - >> Content-Length: 748
14:50:28.559 [Test worker] DEBUG org.apache.http.headers - >> Host: 10.65.45.12:9001
14:50:28.559 [Test worker] DEBUG org.apache.http.headers - >> Connection: Keep-Alive
14:50:28.559 [Test worker] DEBUG org.apache.http.headers - >> User-Agent: Apache-HttpClient/4.5.9 (Java/1.8.0_301)
14:50:28.559 [Test worker] DEBUG org.apache.http.headers - >> Accept-Encoding: gzip,deflate
14:50:28.560 [Test worker] DEBUG org.apache.http.wire -  >> "<soapenv:Envelope xmlns:bcc="http://www.huawei.com/bme/cbsinterface/bccommon" xmlns:bcs="http://www.huawei.com/bme/cbsinterface/bcservices" xmlns:ws="http://ws.web.gatewaycbs.tigo.com.co/" xmlns:soapenv="http://schemas.xmlsoap.org/soap/envelope/">[\n]"
14:50:28.560 [Test worker] DEBUG org.apache.http.wire -  >> "   <soapenv:Header/>[\n]"
14:50:28.560 [Test worker] DEBUG org.apache.http.wire -  >> "   <soapenv:Body>[\n]"
14:50:28.560 [Test worker] DEBUG org.apache.http.wire -  >> "      <ws:queryCustomerInfo>[\n]"
14:50:28.560 [Test worker] DEBUG org.apache.http.wire -  >> "         <!--Optional:-->[\n]"
14:50:28.560 [Test worker] DEBUG org.apache.http.wire -  >> "         <QueryCustomerInfoRequest>[\n]"
14:50:28.560 [Test worker] DEBUG org.apache.http.wire -  >> "            <bcs:QueryObj>[\n]"
14:50:28.560 [Test worker] DEBUG org.apache.http.wire -  >> "               <!--Optional:-->[\n]"
14:50:28.560 [Test worker] DEBUG org.apache.http.wire -  >> "               <bcs:SubAccessCode>[\n]"
14:50:28.560 [Test worker] DEBUG org.apache.http.wire -  >> "                  <!--Optional:-->[\n]"
14:50:28.560 [Test worker] DEBUG org.apache.http.wire -  >> "                  <bcc:PrimaryIdentity>3045981670</bcc:PrimaryIdentity>[\n]"
14:50:28.560 [Test worker] DEBUG org.apache.http.wire -  >> "               </bcs:SubAccessCode>[\n]"
14:50:28.560 [Test worker] DEBUG org.apache.http.wire -  >> "            </bcs:QueryObj>[\n]"
14:50:28.560 [Test worker] DEBUG org.apache.http.wire -  >> "         </QueryCustomerInfoRequest>[\n]"
14:50:28.560 [Test worker] DEBUG org.apache.http.wire -  >> "      </ws:queryCustomerInfo>[\n]"
14:50:28.560 [Test worker] DEBUG org.apache.http.wire -  >> "   </soapenv:Body>[\n]"
14:50:28.560 [Test worker] DEBUG org.apache.http.wire -  >> "</soapenv:Envelope>"
14:50:28.639 [Test worker] DEBUG org.apache.http.wire -  << "HTTP/1.1 200 OK[\r][\n]"
14:50:28.639 [Test worker] DEBUG org.apache.http.wire -  << "Date: Wed, 18 May 2022 19:50:28 GMT[\r][\n]"
14:50:28.639 [Test worker] DEBUG org.apache.http.wire -  << "Transfer-Encoding: chunked[\r][\n]"
14:50:28.639 [Test worker] DEBUG org.apache.http.wire -  << "Content-Type: text/xml; charset=utf-8[\r][\n]"
14:50:28.639 [Test worker] DEBUG org.apache.http.wire -  << "[\r][\n]"
14:50:28.639 [Test worker] DEBUG org.apache.http.impl.conn.DefaultClientConnection - Receiving response: HTTP/1.1 200 OK
14:50:28.639 [Test worker] DEBUG org.apache.http.headers - << HTTP/1.1 200 OK
14:50:28.639 [Test worker] DEBUG org.apache.http.headers - << Date: Wed, 18 May 2022 19:50:28 GMT
14:50:28.639 [Test worker] DEBUG org.apache.http.headers - << Transfer-Encoding: chunked
14:50:28.639 [Test worker] DEBUG org.apache.http.headers - << Content-Type: text/xml; charset=utf-8
14:50:28.639 [Test worker] DEBUG org.apache.http.impl.client.DefaultHttpClient - Connection can be kept alive indefinitely
14:50:28.640 [Test worker] DEBUG io.restassured.internal.RequestSpecificationImpl$RestAssuredHttpBuilder - Parsing response as: text/xml; charset=utf-8
14:50:28.640 [Test worker] DEBUG io.restassured.internal.RequestSpecificationImpl$RestAssuredHttpBuilder - Parsed data to instance of: class org.apache.http.conn.EofSensorInputStream
14:50:28.641 [Test worker] DEBUG org.apache.http.wire -  << "006e[\r][\n]"
14:50:28.641 [Test worker] DEBUG org.apache.http.wire -  << "<?xml version='1.0' encoding='UTF-8'?><S:Envelope xmlns:S="http://schemas.xmlsoap.org/soap/envelope/"><S:Body>"
14:50:28.641 [Test worker] DEBUG org.apache.http.wire -  << "[\r][\n]"
14:50:28.641 [Test worker] DEBUG org.apache.http.wire -  << "01f8[\r][\n]"
14:50:28.641 [Test worker] DEBUG org.apache.http.wire -  << "<ns4:queryCustomerInfoResponse xmlns:ns2="http://www.huawei.com/bme/cbsinterface/bccommon" xmlns:ns3="http://www.huawei.com/bme/cbsinterface/bcservices" xmlns:ns4="http://ws.web.gatewaycbs.tigo.com.co/" xmlns:ns5="http://www.huawei.com/bme/cbsinterface/cbscommon"><return><ResultHeader><ns5:Version>1</ns5:Version><ns5:ResultCode>118030260</ns5:ResultCode><ns5:ResultDesc>Subscriber 3045981670 does not exist.</ns5:ResultDesc></ResultHeader></return></ns4:queryCustomerInfoResponse></S:Body></S:Envelope>"
14:50:28.641 [Test worker] DEBUG org.apache.http.wire -  << "[\r][\n]"
14:50:28.641 [Test worker] DEBUG org.apache.http.wire -  << "0000[\r][\n]"
14:50:28.641 [Test worker] DEBUG org.apache.http.wire -  << "[\r][\n]"
14:50:28.641 [Test worker] DEBUG org.apache.http.impl.conn.BasicClientConnectionManager - Releasing connection org.apache.http.impl.conn.ManagedClientConnectionImpl@7c9fe60
14:50:28.641 [Test worker] DEBUG org.apache.http.impl.conn.BasicClientConnectionManager - Connection can be kept alive indefinitely
La linea 3045981670 no esta activa
se ejecuta correctamente DB Activator
se ejecuta correctamente  DB EPOS
se ejecuta correctamente DB Siebel
se ejecuta correctamente DB Postale
14:50:34.231 [Test worker] DEBUG org.apache.http.impl.conn.BasicClientConnectionManager - Get connection for route {}->http://10.65.45.12:9001
14:50:34.231 [Test worker] DEBUG org.apache.http.impl.conn.DefaultClientConnectionOperator - Connecting to 10.65.45.12:9001
14:50:34.276 [Test worker] DEBUG org.apache.http.client.protocol.RequestAddCookies - CookieSpec selected: ignoreCookies
14:50:34.276 [Test worker] DEBUG org.apache.http.client.protocol.RequestAuthCache - Auth cache not set in the context
14:50:34.277 [Test worker] DEBUG org.apache.http.client.protocol.RequestTargetAuthentication - Target auth state: UNCHALLENGED
14:50:34.277 [Test worker] DEBUG org.apache.http.client.protocol.RequestProxyAuthentication - Proxy auth state: UNCHALLENGED
14:50:34.277 [Test worker] DEBUG org.apache.http.impl.client.DefaultHttpClient - Attempt 1 to execute request
14:50:34.277 [Test worker] DEBUG org.apache.http.impl.conn.DefaultClientConnection - Sending request: POST /gatewaycbs/BcServicesInt HTTP/1.1
14:50:34.277 [Test worker] DEBUG org.apache.http.wire -  >> "POST /gatewaycbs/BcServicesInt HTTP/1.1[\r][\n]"
14:50:34.277 [Test worker] DEBUG org.apache.http.wire -  >> "Accept: */*[\r][\n]"
14:50:34.277 [Test worker] DEBUG org.apache.http.wire -  >> "Content-Type: text/xml;charset=UTF-8[\r][\n]"
14:50:34.277 [Test worker] DEBUG org.apache.http.wire -  >> "Content-Length: 748[\r][\n]"
14:50:34.277 [Test worker] DEBUG org.apache.http.wire -  >> "Host: 10.65.45.12:9001[\r][\n]"
14:50:34.277 [Test worker] DEBUG org.apache.http.wire -  >> "Connection: Keep-Alive[\r][\n]"
14:50:34.277 [Test worker] DEBUG org.apache.http.wire -  >> "User-Agent: Apache-HttpClient/4.5.9 (Java/1.8.0_301)[\r][\n]"
14:50:34.278 [Test worker] DEBUG org.apache.http.wire -  >> "Accept-Encoding: gzip,deflate[\r][\n]"
14:50:34.278 [Test worker] DEBUG org.apache.http.wire -  >> "[\r][\n]"
14:50:34.278 [Test worker] DEBUG org.apache.http.headers - >> POST /gatewaycbs/BcServicesInt HTTP/1.1
14:50:34.278 [Test worker] DEBUG org.apache.http.headers - >> Accept: */*
14:50:34.278 [Test worker] DEBUG org.apache.http.headers - >> Content-Type: text/xml;charset=UTF-8
14:50:34.278 [Test worker] DEBUG org.apache.http.headers - >> Content-Length: 748
14:50:34.278 [Test worker] DEBUG org.apache.http.headers - >> Host: 10.65.45.12:9001
14:50:34.278 [Test worker] DEBUG org.apache.http.headers - >> Connection: Keep-Alive
14:50:34.278 [Test worker] DEBUG org.apache.http.headers - >> User-Agent: Apache-HttpClient/4.5.9 (Java/1.8.0_301)
14:50:34.278 [Test worker] DEBUG org.apache.http.headers - >> Accept-Encoding: gzip,deflate
14:50:34.279 [Test worker] DEBUG org.apache.http.wire -  >> "<soapenv:Envelope xmlns:bcc="http://www.huawei.com/bme/cbsinterface/bccommon" xmlns:bcs="http://www.huawei.com/bme/cbsinterface/bcservices" xmlns:ws="http://ws.web.gatewaycbs.tigo.com.co/" xmlns:soapenv="http://schemas.xmlsoap.org/soap/envelope/">[\n]"
14:50:34.279 [Test worker] DEBUG org.apache.http.wire -  >> "   <soapenv:Header/>[\n]"
14:50:34.279 [Test worker] DEBUG org.apache.http.wire -  >> "   <soapenv:Body>[\n]"
14:50:34.279 [Test worker] DEBUG org.apache.http.wire -  >> "      <ws:queryCustomerInfo>[\n]"
14:50:34.279 [Test worker] DEBUG org.apache.http.wire -  >> "         <!--Optional:-->[\n]"
14:50:34.279 [Test worker] DEBUG org.apache.http.wire -  >> "         <QueryCustomerInfoRequest>[\n]"
14:50:34.279 [Test worker] DEBUG org.apache.http.wire -  >> "            <bcs:QueryObj>[\n]"
14:50:34.279 [Test worker] DEBUG org.apache.http.wire -  >> "               <!--Optional:-->[\n]"
14:50:34.279 [Test worker] DEBUG org.apache.http.wire -  >> "               <bcs:SubAccessCode>[\n]"
14:50:34.279 [Test worker] DEBUG org.apache.http.wire -  >> "                  <!--Optional:-->[\n]"
14:50:34.279 [Test worker] DEBUG org.apache.http.wire -  >> "                  <bcc:PrimaryIdentity>3046010523</bcc:PrimaryIdentity>[\n]"
14:50:34.279 [Test worker] DEBUG org.apache.http.wire -  >> "               </bcs:SubAccessCode>[\n]"
14:50:34.279 [Test worker] DEBUG org.apache.http.wire -  >> "            </bcs:QueryObj>[\n]"
14:50:34.279 [Test worker] DEBUG org.apache.http.wire -  >> "         </QueryCustomerInfoRequest>[\n]"
14:50:34.279 [Test worker] DEBUG org.apache.http.wire -  >> "      </ws:queryCustomerInfo>[\n]"
14:50:34.280 [Test worker] DEBUG org.apache.http.wire -  >> "   </soapenv:Body>[\n]"
14:50:34.280 [Test worker] DEBUG org.apache.http.wire -  >> "</soapenv:Envelope>"
14:50:34.363 [Test worker] DEBUG org.apache.http.wire -  << "HTTP/1.1 200 OK[\r][\n]"
14:50:34.364 [Test worker] DEBUG org.apache.http.wire -  << "Date: Wed, 18 May 2022 19:50:34 GMT[\r][\n]"
14:50:34.364 [Test worker] DEBUG org.apache.http.wire -  << "Transfer-Encoding: chunked[\r][\n]"
14:50:34.364 [Test worker] DEBUG org.apache.http.wire -  << "Content-Type: text/xml; charset=utf-8[\r][\n]"
14:50:34.364 [Test worker] DEBUG org.apache.http.wire -  << "[\r][\n]"
14:50:34.364 [Test worker] DEBUG org.apache.http.impl.conn.DefaultClientConnection - Receiving response: HTTP/1.1 200 OK
14:50:34.364 [Test worker] DEBUG org.apache.http.headers - << HTTP/1.1 200 OK
14:50:34.364 [Test worker] DEBUG org.apache.http.headers - << Date: Wed, 18 May 2022 19:50:34 GMT
14:50:34.364 [Test worker] DEBUG org.apache.http.headers - << Transfer-Encoding: chunked
14:50:34.364 [Test worker] DEBUG org.apache.http.headers - << Content-Type: text/xml; charset=utf-8
14:50:34.364 [Test worker] DEBUG org.apache.http.impl.client.DefaultHttpClient - Connection can be kept alive indefinitely
14:50:34.365 [Test worker] DEBUG io.restassured.internal.RequestSpecificationImpl$RestAssuredHttpBuilder - Parsing response as: text/xml; charset=utf-8
14:50:34.365 [Test worker] DEBUG io.restassured.internal.RequestSpecificationImpl$RestAssuredHttpBuilder - Parsed data to instance of: class org.apache.http.conn.EofSensorInputStream
14:50:34.366 [Test worker] DEBUG org.apache.http.wire -  << "006e[\r][\n]"
14:50:34.366 [Test worker] DEBUG org.apache.http.wire -  << "<?xml version='1.0' encoding='UTF-8'?><S:Envelope xmlns:S="http://schemas.xmlsoap.org/soap/envelope/"><S:Body>"
14:50:34.366 [Test worker] DEBUG org.apache.http.wire -  << "[\r][\n]"
14:50:34.366 [Test worker] DEBUG org.apache.http.wire -  << "01f8[\r][\n]"
14:50:34.366 [Test worker] DEBUG org.apache.http.wire -  << "<ns4:queryCustomerInfoResponse xmlns:ns2="http://www.huawei.com/bme/cbsinterface/bccommon" xmlns:ns3="http://www.huawei.com/bme/cbsinterface/bcservices" xmlns:ns4="http://ws.web.gatewaycbs.tigo.com.co/" xmlns:ns5="http://www.huawei.com/bme/cbsinterface/cbscommon"><return><ResultHeader><ns5:Version>1</ns5:Version><ns5:ResultCode>118030260</ns5:ResultCode><ns5:ResultDesc>Subscriber 3046010523 does not exist.</ns5:ResultDesc></ResultHeader></return></ns4:queryCustomerInfoResponse></S:Body></S:Envelope>"
14:50:34.366 [Test worker] DEBUG org.apache.http.wire -  << "[\r][\n]"
14:50:34.366 [Test worker] DEBUG org.apache.http.wire -  << "0000[\r][\n]"
14:50:34.367 [Test worker] DEBUG org.apache.http.wire -  << "[\r][\n]"
[...]
14:51:34.864 [Darkroom Processing Line] DEBUG net.serenitybdd.core.photography.DarkroomProcessingLine - Processing screenshot image in /var/screenshots/screenshot-3406691806575699157
14:51:34.864 [Darkroom Processing Line] DEBUG net.serenitybdd.core.photography.DarkroomProcessingLine - Saving screenshot to C:\SanitySemilla2\target\site\serenity\b3067aa1871339dcb7654ade8c4f91bb6a2b58e69a3938af82d071aa297cc083.png
14:51:35.417 [Test worker] DEBUG net.serenitybdd.core.photography.Darkroom - Send negative for processing for C:\SanitySemilla2\target\site\serenity\ebd00744b1670e8cc57c09ca2bc27540324f6e820c917cd7cc91b4be6e1fdc3f.png
14:51:35.418 [Darkroom Processing Line] DEBUG net.serenitybdd.core.photography.DarkroomProcessingLine - Processing screenshot image in /var/screenshots/screenshot-6683585617872891162
14:51:35.419 [Darkroom Processing Line] DEBUG net.serenitybdd.core.photography.DarkroomProcessingLine - Saving screenshot to C:\SanitySemilla2\target\site\serenity\ebd00744b1670e8cc57c09ca2bc27540324f6e820c917cd7cc91b4be6e1fdc3f.png
14:51:39.461 [Test worker] DEBUG net.serenitybdd.core.photography.Darkroom - Send negative for processing for C:\SanitySemilla2\target\site\serenity\ec763b7c3915e691aa75707b36e940d02cd983744f71383dc8c6e162758fa195.png
14:51:40.879 [Test worker] INFO net.thucydides.core.steps.ConsoleLoggingListener - ?[92m
        __    _____ _____ ____ _____   ____   _    ____  ____  _____ ____  
  _     \ \  |_   _| ____/ ___|_   _| |  _ \ / \  / ___|/ ___|| ____|  _ \ 
 (_)_____| |   | | |  _| \___ \ | |   | |_) / _ \ \___ \\___ \|  _| | | | |
  _|_____| |   | | | |___ ___) || |   |  __/ ___ \ ___) |___) | |___| |_| |
 (_)     | |   |_| |_____|____/ |_|   |_| /_/   \_\____/|____/|_____|____/ 
        /_/                                                                

TEST PASSED: realizar el cargue de inventario
----------------------------------------------------------------------------?[0m
14:52:02.022 [Test worker] INFO net.thucydides.core.steps.ConsoleLoggingListener - ?[92m
        __    _____ _____ ____ _____   ____   _    ____  ____  _____ ____  
  _     \ \  |_   _| ____/ ___|_   _| |  _ \ / \  / ___|/ ___|| ____|  _ \ 
 (_)_____| |   | | |  _| \___ \ | |   | |_) / _ \ \___ \\___ \|  _| | | | |
  _|_____| |   | | | |___ ___) || |   |  __/ ___ \ ___) |___) | |___| |_| |
 (_)     | |   |_| |_____|____/ |_|   |_| /_/   \_\____/|____/|_____|____/ 
        /_/                                                                

TEST PASSED: realizar la confirmacion de inventario
----------------------------------------------------------------------------?[0m
14:52:02.216 [Test worker] INFO net.serenitybdd.core.webdriver.driverproviders.ProvideNewDriver - Instantiating driver
14:52:02.216 [Test worker] INFO net.serenitybdd.core.webdriver.driverproviders.ProvideNewDriver - Driver capabilities: Capabilities {acceptInsecureCerts: true, browserName: firefox, firefox_profile: org.openqa.selenium.firefox..., headless: false, loggingPrefs: org.openqa.selenium.logging..., marionette: true, moz:firefoxOptions: {}, platform: ANY, version: }
14:52:05.774 [Test worker] DEBUG net.serenitybdd.core.photography.Darkroom - Send negative for processing for C:\SanitySemilla2\target\site\serenity\c2ea742650c01d836ba4626126eb07c2f18cc7ec51d076b6193bdd5f68e46287.png
14:52:06.094 [Test worker] DEBUG net.serenitybdd.core.photography.Darkroom - Send negative for processing for C:\SanitySemilla2\target\site\serenity\0a3508a7c3b796b85ac8dcb4d5597b76962fa4dba51040067ad2e1aaeca862e4.png
14:52:10.571 [Test worker] DEBUG net.serenitybdd.core.photography.Darkroom - Send negative for processing for C:\SanitySemilla2\target\site\serenity\f4a33e7bb343c7ce77aa22e98421e3d8c4b809afc3d034ec89850b0f51fb1624.png
14:52:11.965 [Test worker] DEBUG net.serenitybdd.core.photography.Darkroom - Send negative for processing for C:\SanitySemilla2\target\site\serenity\65b7758c86911bc18f5168d5e9d937d21624ba5ffef392989ac5162565de2ce8.png
14:52:12.435 [Test worker] DEBUG net.serenitybdd.core.photography.Darkroom - Send negative for processing for C:\SanitySemilla2\target\site\serenity\16a9c34e77a46abbee600b6359306d6add43e8d99b128e0bafd2f78897da3e5b.png
14:52:12.917 [Test worker] DEBUG net.serenitybdd.core.photography.Darkroom - Send negative for processing for C:\SanitySemilla2\target\site\serenity\988eb2145ad4221a2a66d0c79df80f0053e8f68c39b1e511cf300edf10080ff1.png
14:52:13.407 [Test worker] DEBUG net.serenitybdd.core.photography.Darkroom - Send negative for processing for C:\SanitySemilla2\target\site\serenity\dcac2701f830a9346c45fdaa6f44d8e2397baf835e0d6ef991c2c1594235c082.png
14:52:14.713 [Test worker] DEBUG net.serenitybdd.core.photography.Darkroom - Send negative for processing for C:\SanitySemilla2\target\site\serenity\363cab563772090334a0a02b34e184e4adf176b7e3568ab4f7088bc88086fd74.png
14:52:15.902 [Test worker] DEBUG net.serenitybdd.core.photography.Darkroom - Send negative for processing for C:\SanitySemilla2\target\site\serenity\e6f9909ec52d016843bea41fe8b9c3769a7b70f5e8d194e3dd49ec98fe1a02fd.png
14:52:16.220 [Test worker] DEBUG net.serenitybdd.core.photography.Darkroom - Send negative for processing for C:\SanitySemilla2\target\site\serenity\e8a0108248c6f6ece28badb95e89e65c0dd9c18d81c117936b96292929690520.png
14:52:16.682 [Test worker] DEBUG net.serenitybdd.core.photography.Darkroom - Send negative for processing for C:\SanitySemilla2\target\site\serenity\09d414d64207f29f762ff08c39989fe13de8e0132589f5f4ab74976828897313.png
14:52:17.148 [Test worker] DEBUG net.serenitybdd.core.photography.Darkroom - Send negative for processing for C:\SanitySemilla2\target\site\serenity\f49926ec31f0792797d1587c80aa028bf0aafe00052fda52c66274cf67136a5e.png
14:52:17.461 [Test worker] DEBUG net.serenitybdd.core.photography.Darkroom - Send negative for processing for C:\SanitySemilla2\target\site\serenity\a65e2a74cd1e1c6d09a7a3fac9a6ce0d43ee636dd5fc47ad4bd901ec9c796dfe.png
14:52:17.755 [Test worker] DEBUG net.serenitybdd.core.photography.Darkroom - Send negative for processing for C:\SanitySemilla2\target\site\serenity\9a8191b14cac7548ff1798e1dbda25cde24aee787015c401c3a32aaee84229bb.png
14:52:18.218 [Test worker] DEBUG net.serenitybdd.core.photography.Darkroom - Send negative for processing for C:\SanitySemilla2\target\site\serenity\e235e6802d4067df5a699a10dbf8ea641788e63ba4f2a271e9342e28ee275db8.png
14:52:19.100 [Test worker] DEBUG net.serenitybdd.core.photography.Darkroom - Send negative for processing for C:\SanitySemilla2\target\site\serenity\804696203c0e9023660e90447e62cfbf688070404de8133c2081170bf66edcc8.png
14:52:19.401 [Test worker] DEBUG net.serenitybdd.core.photography.Darkroom - Send negative for processing for C:\SanitySemilla2\target\site\serenity\3d593d1cc81c7f755c35642dbc25e356a96966a6330ae55f9dde21c3458693f6.png
14:52:19.832 [Test worker] DEBUG net.serenitybdd.core.photography.Darkroom - Send negative for processing for C:\SanitySemilla2\target\site\serenity\273f9c10be1206c024f79374702c3296df4a72867ba075069d33fbaf9cf09dc6.png
14:52:20.262 [Test worker] DEBUG net.serenitybdd.core.photography.Darkroom - Send negative for processing for C:\SanitySemilla2\target\site\serenity\273f9c10be1206c024f79374702c3296df4a72867ba075069d33fbaf9cf09dc6.png
14:52:25.366 [Test worker] DEBUG net.serenitybdd.core.photography.Darkroom - Send negative for processing for C:\SanitySemilla2\target\site\serenity\9fdb8477ca78f19a3b6389e4f2ad84cb4c3601f511f24bb4fcb7dea969ba89aa.png
14:52:28.776 [Test worker] DEBUG net.serenitybdd.core.photography.Darkroom - Send negative for processing for C:\SanitySemilla2\target\site\serenity\e8a43b2157a7d5b2a90a426624e94407f91f758505ea455b0e31cfc5ce3f39b0.png
14:52:29.223 [Test worker] DEBUG net.serenitybdd.core.photography.Darkroom - Send negative for processing for C:\SanitySemilla2\target\site\serenity\05d46084a7c8081db320286a1eeaeb36ab178005dcefe9ecd9f6deb247ffd458.png
14:52:29.698 [Test worker] DEBUG net.serenitybdd.core.photography.Darkroom - Send negative for processing for C:\SanitySemilla2\target\site\serenity\05d46084a7c8081db320286a1eeaeb36ab178005dcefe9ecd9f6deb247ffd458.png
14:52:30.140 [Test worker] DEBUG net.serenitybdd.core.photography.Darkroom - Send negative for processing for C:\SanitySemilla2\target\site\serenity\05d46084a7c8081db320286a1eeaeb36ab178005dcefe9ecd9f6deb247ffd458.png
14:52:30.608 [Test worker] DEBUG net.serenitybdd.core.photography.Darkroom - Send negative for processing for C:\SanitySemilla2\target\site\serenity\fb967e8bb27d39db3a216f7fde1af3fee11d50324829cbe15e8bdea8d45b4917.png
14:52:30.919 [Test worker] DEBUG net.serenitybdd.core.photography.Darkroom - Send negative for processing for C:\SanitySemilla2\target\site\serenity\05d46084a7c8081db320286a1eeaeb36ab178005dcefe9ecd9f6deb247ffd458.png
14:52:31.490 [Test worker] DEBUG net.serenitybdd.core.photography.Darkroom - Send negative for processing for C:\SanitySemilla2\target\site\serenity\b80310ef7ac2bc5123dcafecca555f964680199911867b8e4ba3adad795b05f5.png
14:52:31.955 [Test worker] DEBUG net.serenitybdd.core.photography.Darkroom - Send negative for processing for C:\SanitySemilla2\target\site\serenity\81905a14f30b3f9f2fa523d27ba4642d573c52657da7ae5c891c9d27376a2c5c.png
14:52:31.957 [Darkroom Processing Line] DEBUG net.serenitybdd.core.photography.DarkroomProcessingLine - Processing screenshot image in /var/screenshots/screenshot-1456636714084383052
14:52:31.958 [Darkroom Processing Line] DEBUG net.serenitybdd.core.photography.DarkroomProcessingLine - Saving screenshot to C:\SanitySemilla2\target\site\serenity\81905a14f30b3f9f2fa523d27ba4642d573c52657da7ae5c891c9d27376a2c5c.png
*****************************************************Codigo y Descripcion***********************************************************************************


Código: 047
Descripción: Falla tecnica; Error activando servicios; intenta nuevamente o comunicate con el *343 opcion 0 desde tu movil de dotacion


*****************************************************************************************************************************************
14:53:17.379 [Test worker] DEBUG net.serenitybdd.core.photography.Darkroom - Send negative for processing for C:\SanitySemilla2\target\site\serenity\76ceb0618c1d7eee641051e0e7a3b2c3ea8dc8ddd8ed92e2cc79200aa8990612.png
14:53:18.717 [Test worker] ERROR net.thucydides.core.steps.ConsoleLoggingListener - ?[91m
           __  _____ _____ ____ _____   _____ _    ___ _     _____ ____  
  _       / / |_   _| ____/ ___|_   _| |  ___/ \  |_ _| |   | ____|  _ \ 
 (_)_____| |    | | |  _| \___ \ | |   | |_ / _ \  | || |   |  _| | | | |
  _|_____| |    | | | |___ ___) || |   |  _/ ___ \ | || |___| |___| |_| |
 (_)     | |    |_| |_____|____/ |_|   |_|/_/   \_\___|_____|_____|____/ 
          \_\                                                            

TEST FAILED: se requiere realizar una activacion prepago
--------------------------------------------------------------------------?[0m
14:53:18.720 [Test worker] DEBUG net.thucydides.core.steps.ConsoleLoggingListener - RELATED ISSUES: 
14:53:18.783 [Test worker] ERROR net.thucydides.core.steps.ConsoleLoggingListener - ?[91mTEST FAILED AT STEP When Se hace activacion de una linea en prepago?[0m
14:53:18.783 [Test worker] ERROR net.thucydides.core.steps.ConsoleLoggingListener - La activacion fue exitosaExpected: "ACTIVACION EXITOSA" but: was "Ha ocurrido un error"
]]></system-out>
  <system-err><![CDATA[may 18, 2022 2:50:49 PM org.openqa.selenium.remote.DesiredCapabilities firefox
INFORMACIÓN: Using `new FirefoxOptions()` is preferred to `DesiredCapabilities.firefox()`
may 18, 2022 2:50:49 PM org.openqa.selenium.remote.DesiredCapabilities firefox
INFORMACIÓN: Using `new FirefoxOptions()` is preferred to `DesiredCapabilities.firefox()`
1652903449955	geckodriver	INFO	Listening on 127.0.0.1:43611
1652903450638	mozrunner::runner	INFO	Running command: "C:\\Program Files\\Mozilla Firefox\\firefox.exe" "--marionette" "-foreground" "-no-remote" "-profile" "C:\\Users\\PROJEC~1\\AppData\\Local\\Temp\\rust_mozprofilep8fxpR"
1652903451334	addons.webextension.doh-rollout@mozilla.org	WARN	Loading extension 'doh-rollout@mozilla.org': Reading manifest: Invalid extension permission: networkStatus
1652903451366	addons.webextension.screenshots@mozilla.org	WARN	Loading extension 'screenshots@mozilla.org': Reading manifest: Invalid extension permission: mozillaAddons
1652903451366	addons.webextension.screenshots@mozilla.org	WARN	Loading extension 'screenshots@mozilla.org': Reading manifest: Invalid extension permission: telemetry
1652903451366	addons.webextension.screenshots@mozilla.org	WARN	Loading extension 'screenshots@mozilla.org': Reading manifest: Invalid extension permission: resource://pdf.js/
1652903451366	addons.webextension.screenshots@mozilla.org	WARN	Loading extension 'screenshots@mozilla.org': Reading manifest: Invalid extension permission: about:reader*
JavaScript error: resource://gre/modules/XULStore.jsm, line 66: Error: Can't find profile directory.
1652903453310	Marionette	INFO	Listening on port 53234
1652903453814	Marionette	WARN	TLS certificate errors will be ignored for this session
may 18, 2022 2:50:53 PM org.openqa.selenium.remote.ProtocolHandshake createSession
INFORMACIÓN: Detected dialect: W3C
1652903471644	Marionette	INFO	Stopped listening on port 53234

###!!! [Child][RunMessage] Error: Channel closing: too late to send/recv, messages will be lost


###!!! [Child][MessageChannel::SendAndWait] Error: Channel error: cannot send/recv

may 18, 2022 2:51:13 PM org.openqa.selenium.remote.DesiredCapabilities firefox
INFORMACIÓN: Using `new FirefoxOptions()` is preferred to `DesiredCapabilities.firefox()`
may 18, 2022 2:51:13 PM org.openqa.selenium.remote.DesiredCapabilities firefox
INFORMACIÓN: Using `new FirefoxOptions()` is preferred to `DesiredCapabilities.firefox()`
1652903473410	geckodriver	INFO	Listening on 127.0.0.1:8361
1652903473849	mozrunner::runner	INFO	Running command: "C:\\Program Files\\Mozilla Firefox\\firefox.exe" "--marionette" "-foreground" "-no-remote" "-profile" "C:\\Users\\PROJEC~1\\AppData\\Local\\Temp\\rust_mozprofileDPEblB"
1652903474279	addons.webextension.doh-rollout@mozilla.org	WARN	Loading extension 'doh-rollout@mozilla.org': Reading manifest: Invalid extension permission: networkStatus
1652903474301	addons.webextension.screenshots@mozilla.org	WARN	Loading extension 'screenshots@mozilla.org': Reading manifest: Invalid extension permission: mozillaAddons
1652903474301	addons.webextension.screenshots@mozilla.org	WARN	Loading extension 'screenshots@mozilla.org': Reading manifest: Invalid extension permission: telemetry
1652903474301	addons.webextension.screenshots@mozilla.org	WARN	Loading extension 'screenshots@mozilla.org': Reading manifest: Invalid extension permission: resource://pdf.js/
1652903474301	addons.webextension.screenshots@mozilla.org	WARN	Loading extension 'screenshots@mozilla.org': Reading manifest: Invalid extension permission: about:reader*
JavaScript error: resource://gre/modules/XULStore.jsm, line 66: Error: Can't find profile directory.
1652903475842	Marionette	INFO	Listening on port 53276
1652903475899	Marionette	WARN	TLS certificate errors will be ignored for this session
may 18, 2022 2:51:15 PM org.openqa.selenium.remote.ProtocolHandshake createSession
INFORMACIÓN: Detected dialect: W3C
JavaScript error: http://10.69.60.57:8180/tigo-pos-web-ii/a4j_3_2_0.SR1-SNAPSHOTorg/ajax4jsf/javascript/scripts/form.js.jsf, line 11: TypeError: element is null
JavaScript error: http://10.69.60.57:8180/tigo-pos-web-ii/a4j_3_2_0.SR1-SNAPSHOTorg/ajax4jsf/javascript/scripts/form.js.jsf, line 11: TypeError: element is null
1652903499577	Marionette	INFO	Stopped listening on port 53276

###!!! [Child][RunMessage] Error: Channel closing: too late to send/recv, messages will be lost


###!!! [Child][MessageChannel::SendAndWait] Error: Channel error: cannot send/recv

may 18, 2022 2:52:02 PM org.openqa.selenium.remote.DesiredCapabilities firefox
INFORMACIÓN: Using `new FirefoxOptions()` is preferred to `DesiredCapabilities.firefox()`
may 18, 2022 2:52:02 PM org.openqa.selenium.remote.DesiredCapabilities firefox
INFORMACIÓN: Using `new FirefoxOptions()` is preferred to `DesiredCapabilities.firefox()`
1652903522412	geckodriver	INFO	Listening on 127.0.0.1:31908
1652903522831	mozrunner::runner	INFO	Running command: "C:\\Program Files\\Mozilla Firefox\\firefox.exe" "--marionette" "-foreground" "-no-remote" "-profile" "C:\\Users\\PROJEC~1\\AppData\\Local\\Temp\\rust_mozprofileFtX15V"
1652903523257	addons.webextension.doh-rollout@mozilla.org	WARN	Loading extension 'doh-rollout@mozilla.org': Reading manifest: Invalid extension permission: networkStatus
1652903523278	addons.webextension.screenshots@mozilla.org	WARN	Loading extension 'screenshots@mozilla.org': Reading manifest: Invalid extension permission: mozillaAddons
1652903523278	addons.webextension.screenshots@mozilla.org	WARN	Loading extension 'screenshots@mozilla.org': Reading manifest: Invalid extension permission: telemetry
1652903523278	addons.webextension.screenshots@mozilla.org	WARN	Loading extension 'screenshots@mozilla.org': Reading manifest: Invalid extension permission: resource://pdf.js/
1652903523278	addons.webextension.screenshots@mozilla.org	WARN	Loading extension 'screenshots@mozilla.org': Reading manifest: Invalid extension permission: about:reader*
JavaScript error: resource://gre/modules/XULStore.jsm, line 66: Error: Can't find profile directory.
1652903524755	Marionette	INFO	Listening on port 53335
1652903524878	Marionette	WARN	TLS certificate errors will be ignored for this session
may 18, 2022 2:52:04 PM org.openqa.selenium.remote.ProtocolHandshake createSession
INFORMACIÓN: Detected dialect: W3C
JavaScript warning: http://10.69.60.61:8280/portal/CRMPortal/Consultas?portal:windowState=normal&portal:componentId=gtnc323725e-6efe-4037-9f93-1bc06edfa941&portal:resourceID=/org.rf.res/org/richfaces/ui.pack.js&portal:cacheLevel=PAGE&portal:type=resource&portal:portletMode=view, line 10431: unreachable code after return statement
JavaScript warning: http://10.69.60.61:8280/portal/CRMPortal/Consultas?portal:windowState=normal&portal:componentId=gtnc323725e-6efe-4037-9f93-1bc06edfa941&portal:resourceID=/org.rf.res/org/richfaces/ui.pack.js&portal:cacheLevel=PAGE&portal:type=resource&portal:portletMode=view, line 10431: unreachable code after return statement
JavaScript error: http://10.69.60.61:8280/portal/CRMPortal/Consultas, line 1: ReferenceError: setIframeListeners is not defined
JavaScript warning: http://10.69.60.61:8280/portal/CRMPortal/Venta?portal:windowState=normal&portal:componentId=gtn1dfca009-52ed-45cd-a543-6660573bef81&portal:resourceID=/org.rf.res/org/richfaces/ui.pack.js&portal:cacheLevel=PAGE&portal:type=resource&portal:portletMode=view, line 10431: unreachable code after return statement
JavaScript warning: http://10.69.60.61:8280/portal/CRMPortal/Venta?portal:windowState=normal&portal:componentId=gtn1dfca009-52ed-45cd-a543-6660573bef81&portal:resourceID=/org.rf.res/org/richfaces/ui.pack.js&portal:cacheLevel=PAGE&portal:type=resource&portal:portletMode=view, line 10431: unreachable code after return statement
JavaScript error: http://10.69.60.61:8280/portal/CRMPortal/Venta, line 1: ReferenceError: setIframeListeners is not defined
JavaScript error: http://10.69.60.61:8280/portal/CRMPortal/Venta, line 1: ReferenceError: setIframeListeners is not defined
JavaScript error: http://10.69.60.61:8280/portal/CRMPortal/Venta, line 1: ReferenceError: setIframeListeners is not defined
JavaScript error: http://10.69.60.61:8280/portal/CRMPortal/Venta, line 1: ReferenceError: setIframeListeners is not defined
1652903597511	Marionette	INFO	Stopped listening on port 53335

###!!! [Child][RunMessage] Error: Channel closing: too late to send/recv, messages will be lost


###!!! [Child][MessageChannel::SendAndWait] Error: Channel error: cannot send/recv

]]></system-err>
</testsuite>
