<!DOCTYPE html>
<html>
<head>
<meta http-equiv="Content-Type" content="text/html; charset=utf-8"/>
<meta http-equiv="x-ua-compatible" content="IE=edge"/>
<title>Test results - Class Sanity limpieza y aprovisionamiento de recursos</title>
<link href="../css/base-style.css" rel="stylesheet" type="text/css"/>
<link href="../css/style.css" rel="stylesheet" type="text/css"/>
<script src="../js/report.js" type="text/javascript"></script>
</head>
<body>
<div id="content">
<h1>Class Sanity limpieza y aprovisionamiento de recursos</h1>
<div class="breadcrumbs">
<a href="../index.html">all</a> &gt; 
<a href="../packages/default-package.html">default-package</a> &gt; Sanity limpieza y aprovisionamiento de recursos</div>
<div id="summary">
<table>
<tr>
<td>
<div class="summaryGroup">
<table>
<tr>
<td>
<div class="infoBox" id="tests">
<div class="counter">1</div>
<p>tests</p>
</div>
</td>
<td>
<div class="infoBox" id="failures">
<div class="counter">1</div>
<p>failures</p>
</div>
</td>
<td>
<div class="infoBox" id="ignored">
<div class="counter">0</div>
<p>ignored</p>
</div>
</td>
<td>
<div class="infoBox" id="duration">
<div class="counter">2m21.02s</div>
<p>duration</p>
</div>
</td>
</tr>
</table>
</div>
</td>
<td>
<div class="infoBox failures" id="successRate">
<div class="percent">0%</div>
<p>successful</p>
</div>
</td>
</tr>
</table>
</div>
<div id="tabs">
<ul class="tabLinks">
<li>
<a href="#tab0">Failed tests</a>
</li>
<li>
<a href="#tab1">Tests</a>
</li>
<li>
<a href="#tab2">Standard output</a>
</li>
<li>
<a href="#tab3">Standard error</a>
</li>
</ul>
<div id="tab0" class="tab">
<h2>Failed tests</h2>
<div class="test">
<a name="se requiere realizar una portabilidad prepago"></a>
<h3 class="failures">se requiere realizar una portabilidad prepago</h3>
<span class="code">
<pre>org.openqa.selenium.NoSuchElementException: Unable to locate element: #j_id135\:j_id161
For documentation on this error, please visit: https://www.seleniumhq.org/exceptions/no_such_element.html
Build info: version: '3.141.59', revision: 'e82be7d358', time: '2018-11-14T08:17:03'
System info: host: '22LAP5CD1195R94', ip: '192.168.0.10', os.name: 'Windows 10', os.arch: 'amd64', os.version: '10.0', java.version: '1.8.0_301'
Driver info: org.openqa.selenium.firefox.FirefoxDriver
Capabilities {acceptInsecureCerts: true, browserName: firefox, browserVersion: 72.0.2, javascriptEnabled: true, moz:accessibilityChecks: false, moz:buildID: 20200117190643, moz:geckodriverVersion: 0.29.0, moz:headless: false, moz:processID: 25524, moz:profile: C:\Users\ProjectSupport\App..., moz:shutdownTimeout: 60000, moz:useNonSpecCompliantPointerOrigin: false, moz:webdriverClick: true, pageLoadStrategy: normal, platform: WINDOWS, platformName: WINDOWS, platformVersion: 10.0, rotatable: false, setWindowRect: true, strictFileInteractability: false, timeouts: {implicit: 0, pageLoad: 300000, script: 30000}, unhandledPromptBehavior: dismiss and notify}
Session ID: b47a4f9f-5efe-44db-94ca-c631ec7e2173
*** Element info: {Using=id, value=j_id135:j_id161}
	at sun.reflect.NativeConstructorAccessorImpl.newInstance0(Native Method)
	at sun.reflect.NativeConstructorAccessorImpl.newInstance(NativeConstructorAccessorImpl.java:62)
	at sun.reflect.DelegatingConstructorAccessorImpl.newInstance(DelegatingConstructorAccessorImpl.java:45)
	at java.lang.reflect.Constructor.newInstance(Constructor.java:423)
	at org.openqa.selenium.remote.http.W3CHttpResponseCodec.createException(W3CHttpResponseCodec.java:187)
	at org.openqa.selenium.remote.http.W3CHttpResponseCodec.decode(W3CHttpResponseCodec.java:122)
	at org.openqa.selenium.remote.http.W3CHttpResponseCodec.decode(W3CHttpResponseCodec.java:49)
	at org.openqa.selenium.remote.HttpCommandExecutor.execute(HttpCommandExecutor.java:158)
	at org.openqa.selenium.remote.service.DriverCommandExecutor.execute(DriverCommandExecutor.java:83)
	at org.openqa.selenium.remote.RemoteWebDriver.execute(RemoteWebDriver.java:552)
	at org.openqa.selenium.remote.RemoteWebDriver.findElement(RemoteWebDriver.java:323)
	at org.openqa.selenium.remote.RemoteWebDriver.findElementById(RemoteWebDriver.java:372)
	at org.openqa.selenium.By$ById.findElement(By.java:188)
	at org.openqa.selenium.remote.RemoteWebDriver.findElement(RemoteWebDriver.java:315)
	at net.thucydides.core.webdriver.WebDriverFacade.findElement(WebDriverFacade.java:222)
	at com.indra.actions.PortabilityPrepaidActions.consultSingleScreen2(PortabilityPrepaidActions.java:436)
	at com.indra.actions.PortabilityPrepaidActions.validateLineTemporal1(PortabilityPrepaidActions.java:418)
	at com.indra.steps_definitions.SanitySteps.seDeberiaVerEnPantallaUnicaLaLineaEnEstadoActivadoLaLineaPrepagoPortada(SanitySteps.java:311)
	at ✽.Se deberia ver en pantalla unica la linea en estado activado la linea prepago portada(src/test/resources/features/execute.feature:100)
</pre>
</span>
</div>
</div>
<div id="tab1" class="tab">
<h2>Tests</h2>
<table>
<thead>
<tr>
<th>Test</th>
<th>Duration</th>
<th>Result</th>
</tr>
</thead>
<tr>
<td class="failures">se requiere realizar una portabilidad prepago</td>
<td class="failures">2m21.02s</td>
<td class="failures">failed</td>
</tr>
</table>
</div>
<div id="tab2" class="tab">
<h2>Standard output</h2>
<span class="code">
<pre>14:12:00.431 [Test worker] INFO net.serenitybdd.core.webdriver.driverproviders.ProvideNewDriver - Instantiating driver
14:12:00.432 [Test worker] INFO net.serenitybdd.core.webdriver.driverproviders.ProvideNewDriver - Driver capabilities: Capabilities {acceptInsecureCerts: true, browserName: firefox, firefox_profile: org.openqa.selenium.firefox..., headless: false, loggingPrefs: org.openqa.selenium.logging..., marionette: true, moz:firefoxOptions: {}, platform: ANY, version: }
14:12:04.873 [Test worker] DEBUG net.serenitybdd.core.photography.Darkroom - Opening darkroom
14:12:04.874 [Darkroom Processing Line] DEBUG net.serenitybdd.core.photography.DarkroomProcessingLine - Darkroom processing line starting up
14:12:04.997 [Test worker] DEBUG net.serenitybdd.core.photography.Darkroom - Send negative for processing for C:\SanitySemilla2\target\site\serenity\505e6849a59f23caa50316930ba0fe99aae7daaf3ede0ae10996fa27772f375a.png
14:12:05.422 [Test worker] DEBUG net.serenitybdd.core.photography.Darkroom - Send negative for processing for C:\SanitySemilla2\target\site\serenity\560b47e9bdb8e6dab7dab102bf305b29920e56c82a8683e0cf7c7940b0c2e543.png
14:12:09.037 [Test worker] DEBUG net.serenitybdd.core.photography.Darkroom - Send negative for processing for C:\SanitySemilla2\target\site\serenity\e4d9e2a6b4c520ce1aab1e170872071fb67350a4da473fbd7aa660516f07003f.png
14:12:09.182 [Test worker] DEBUG net.serenitybdd.core.photography.Darkroom - Send negative for processing for C:\SanitySemilla2\target\site\serenity\e4d9e2a6b4c520ce1aab1e170872071fb67350a4da473fbd7aa660516f07003f.png
14:12:09.857 [Test worker] DEBUG net.serenitybdd.core.photography.Darkroom - Send negative for processing for C:\SanitySemilla2\target\site\serenity\e4d9e2a6b4c520ce1aab1e170872071fb67350a4da473fbd7aa660516f07003f.png
14:12:28.114 [Test worker] DEBUG net.serenitybdd.core.photography.Darkroom - Send negative for processing for C:\SanitySemilla2\target\site\serenity\db445a72e05c4e521a248ee96476f24f1f3bde79a9f3a8dd34ae2a5c6a22bf38.png
14:12:28.972 [Test worker] DEBUG net.serenitybdd.core.photography.Darkroom - Send negative for processing for C:\SanitySemilla2\target\site\serenity\70e5becf227114471b62bae4d21091c0c42965d26f6a1f0b3dcb3d503b5e88fe.png
14:12:29.459 [Test worker] DEBUG net.serenitybdd.core.photography.Darkroom - Send negative for processing for C:\SanitySemilla2\target\site\serenity\3daffafb97cb82f8f5f81428702ac6ec494b894953d08ba74fc675a6e127a659.png
14:13:16.003 [Test worker] DEBUG net.serenitybdd.core.photography.Darkroom - Send negative for processing for C:\SanitySemilla2\target\site\serenity\756766a25c85c55b11426103afef235f6803cf1edb7df1dc2e1d7ee48069adde.png
14:13:16.004 [Darkroom Processing Line] DEBUG net.serenitybdd.core.photography.DarkroomProcessingLine - Processing screenshot image in /var/screenshots/screenshot-5474423733437265746
14:13:16.004 [Darkroom Processing Line] DEBUG net.serenitybdd.core.photography.DarkroomProcessingLine - Saving screenshot to C:\SanitySemilla2\target\site\serenity\756766a25c85c55b11426103afef235f6803cf1edb7df1dc2e1d7ee48069adde.png
14:13:17.510 [Test worker] DEBUG net.serenitybdd.core.photography.Darkroom - Send negative for processing for C:\SanitySemilla2\target\site\serenity\b5dcc96b84edee4a5ccf2f9c3e51b62a517bd0693338ac193ff30529577fcef3.png
14:13:19.403 [Test worker] DEBUG net.serenitybdd.core.photography.Darkroom - Send negative for processing for C:\SanitySemilla2\target\site\serenity\84298dcdcfb02f92a785506d9e55d5b289e408337cdd838d84ad9d3564cc4d55.png
14:13:19.405 [Darkroom Processing Line] DEBUG net.serenitybdd.core.photography.DarkroomProcessingLine - Processing screenshot image in /var/screenshots/screenshot-3264363952410863970
14:13:19.405 [Darkroom Processing Line] DEBUG net.serenitybdd.core.photography.DarkroomProcessingLine - Saving screenshot to C:\SanitySemilla2\target\site\serenity\84298dcdcfb02f92a785506d9e55d5b289e408337cdd838d84ad9d3564cc4d55.png
aca esta el msisdn *****3045984642
Update PORT_IN_ACK_RECIBIDO - Exitoso
Update PORT_ID - Exitoso
USSDWP684D4B37BA
14:13:21.008 [Test worker] DEBUG net.serenitybdd.core.photography.Darkroom - Send negative for processing for C:\SanitySemilla2\target\site\serenity\84298dcdcfb02f92a785506d9e55d5b289e408337cdd838d84ad9d3564cc4d55.png
14:13:23.996 [Test worker] DEBUG org.apache.http.impl.conn.BasicClientConnectionManager - Get connection for route {}-&gt;http://10.69.60.56:8080
14:13:24.005 [Test worker] DEBUG org.apache.http.impl.conn.DefaultClientConnectionOperator - Connecting to 10.69.60.56:8080
14:13:24.052 [Test worker] DEBUG org.apache.http.client.protocol.RequestAddCookies - CookieSpec selected: ignoreCookies
14:13:24.053 [Test worker] DEBUG org.apache.http.client.protocol.RequestAuthCache - Auth cache not set in the context
14:13:24.053 [Test worker] DEBUG org.apache.http.client.protocol.RequestTargetAuthentication - Target auth state: UNCHALLENGED
14:13:24.054 [Test worker] DEBUG org.apache.http.client.protocol.RequestProxyAuthentication - Proxy auth state: UNCHALLENGED
14:13:24.054 [Test worker] DEBUG org.apache.http.impl.client.DefaultHttpClient - Attempt 1 to execute request
14:13:24.054 [Test worker] DEBUG org.apache.http.impl.conn.DefaultClientConnection - Sending request: POST /PortabilidadServiceEAR-HPNPCommunicationsDelegateEJB/NPCRMWSImpl HTTP/1.1
14:13:24.054 [Test worker] DEBUG org.apache.http.wire -  &gt;&gt; &quot;POST /PortabilidadServiceEAR-HPNPCommunicationsDelegateEJB/NPCRMWSImpl HTTP/1.1[\r][\n]&quot;
14:13:24.055 [Test worker] DEBUG org.apache.http.wire -  &gt;&gt; &quot;Accept: */*[\r][\n]&quot;
14:13:24.055 [Test worker] DEBUG org.apache.http.wire -  &gt;&gt; &quot;Content-Type: text/xml;charset=UTF-8[\r][\n]&quot;
14:13:24.055 [Test worker] DEBUG org.apache.http.wire -  &gt;&gt; &quot;Content-Length: 973[\r][\n]&quot;
14:13:24.055 [Test worker] DEBUG org.apache.http.wire -  &gt;&gt; &quot;Host: 10.69.60.56:8080[\r][\n]&quot;
14:13:24.055 [Test worker] DEBUG org.apache.http.wire -  &gt;&gt; &quot;Connection: Keep-Alive[\r][\n]&quot;
14:13:24.055 [Test worker] DEBUG org.apache.http.wire -  &gt;&gt; &quot;User-Agent: Apache-HttpClient/4.5.9 (Java/1.8.0_301)[\r][\n]&quot;
14:13:24.055 [Test worker] DEBUG org.apache.http.wire -  &gt;&gt; &quot;Accept-Encoding: gzip,deflate[\r][\n]&quot;
14:13:24.055 [Test worker] DEBUG org.apache.http.wire -  &gt;&gt; &quot;[\r][\n]&quot;
14:13:24.055 [Test worker] DEBUG org.apache.http.headers - &gt;&gt; POST /PortabilidadServiceEAR-HPNPCommunicationsDelegateEJB/NPCRMWSImpl HTTP/1.1
14:13:24.056 [Test worker] DEBUG org.apache.http.headers - &gt;&gt; Accept: */*
14:13:24.056 [Test worker] DEBUG org.apache.http.headers - &gt;&gt; Content-Type: text/xml;charset=UTF-8
14:13:24.056 [Test worker] DEBUG org.apache.http.headers - &gt;&gt; Content-Length: 973
14:13:24.056 [Test worker] DEBUG org.apache.http.headers - &gt;&gt; Host: 10.69.60.56:8080
14:13:24.056 [Test worker] DEBUG org.apache.http.headers - &gt;&gt; Connection: Keep-Alive
14:13:24.056 [Test worker] DEBUG org.apache.http.headers - &gt;&gt; User-Agent: Apache-HttpClient/4.5.9 (Java/1.8.0_301)
14:13:24.056 [Test worker] DEBUG org.apache.http.headers - &gt;&gt; Accept-Encoding: gzip,deflate
14:13:24.057 [Test worker] DEBUG org.apache.http.wire -  &gt;&gt; &quot;&lt;soapenv:Envelope xmlns:soapenv=&quot;http://schemas.xmlsoap.org/soap/envelope/&quot; xmlns:npc=&quot;http://NPCRMWS.hp.com/&quot;&gt;[\n]&quot;
14:13:24.057 [Test worker] DEBUG org.apache.http.wire -  &gt;&gt; &quot;&lt;soapenv:Header/&gt;[\n]&quot;
14:13:24.057 [Test worker] DEBUG org.apache.http.wire -  &gt;&gt; &quot;&lt;soapenv:Body&gt;[\n]&quot;
14:13:24.057 [Test worker] DEBUG org.apache.http.wire -  &gt;&gt; &quot;&lt;npc:processRequest&gt;[\n]&quot;
14:13:24.057 [Test worker] DEBUG org.apache.http.wire -  &gt;&gt; &quot;&lt;inputXML&gt;&lt;![CDATA[&lt;urn:GenericNPMessage xmlns:urn=&quot;urn:ngn:mnp&quot;&gt;[\n]&quot;
14:13:24.057 [Test worker] DEBUG org.apache.http.wire -  &gt;&gt; &quot;&lt;urn:MessageHeader&gt;[\n]&quot;
14:13:24.057 [Test worker] DEBUG org.apache.http.wire -  &gt;&gt; &quot;&lt;urn:MessageID&gt;132&lt;/urn:MessageID&gt;[\n]&quot;
14:13:24.057 [Test worker] DEBUG org.apache.http.wire -  &gt;&gt; &quot;&lt;urn:MessageTimeStamp&gt;2022-03-08T05:43:10.021-05:00&lt;/urn:MessageTimeStamp&gt;[\n]&quot;
14:13:24.057 [Test worker] DEBUG org.apache.http.wire -  &gt;&gt; &quot;&lt;urn:LSAID&gt;101&lt;/urn:LSAID&gt;[\n]&quot;
14:13:24.057 [Test worker] DEBUG org.apache.http.wire -  &gt;&gt; &quot;&lt;urn:OperatorTrxID&gt;1654110073455&lt;/urn:OperatorTrxID&gt;[\n]&quot;
14:13:24.057 [Test worker] DEBUG org.apache.http.wire -  &gt;&gt; &quot;&lt;urn:NPTrxID&gt;null&lt;/urn:NPTrxID&gt;[\n]&quot;
14:13:24.057 [Test worker] DEBUG org.apache.http.wire -  &gt;&gt; &quot;&lt;urn:ClearingHouseID&gt;1&lt;/urn:ClearingHouseID&gt;[\n]&quot;
14:13:24.057 [Test worker] DEBUG org.apache.http.wire -  &gt;&gt; &quot;&lt;/urn:MessageHeader&gt;&lt;urn:MessageContent&gt;[\n]&quot;
14:13:24.057 [Test worker] DEBUG org.apache.http.wire -  &gt;&gt; &quot;&lt;urn:GenServiceActivationRequest&gt;[\n]&quot;
14:13:24.057 [Test worker] DEBUG org.apache.http.wire -  &gt;&gt; &quot;&lt;urn:TNList&gt;[\n]&quot;
14:13:24.057 [Test worker] DEBUG org.apache.http.wire -  &gt;&gt; &quot;&lt;urn:NumberFrom&gt;3045984642&lt;/urn:NumberFrom&gt;[\n]&quot;
14:13:24.057 [Test worker] DEBUG org.apache.http.wire -  &gt;&gt; &quot;&lt;urn:NumberTo&gt;3045984642&lt;/urn:NumberTo&gt;[\n]&quot;
14:13:24.057 [Test worker] DEBUG org.apache.http.wire -  &gt;&gt; &quot;&lt;urn:PortID&gt;00002201108240184642&lt;/urn:PortID&gt;[\n]&quot;
14:13:24.057 [Test worker] DEBUG org.apache.http.wire -  &gt;&gt; &quot;&lt;/urn:TNList&gt;[\n]&quot;
14:13:24.057 [Test worker] DEBUG org.apache.http.wire -  &gt;&gt; &quot;&lt;urn:DonorID&gt;104&lt;/urn:DonorID&gt;[\n]&quot;
14:13:24.057 [Test worker] DEBUG org.apache.http.wire -  &gt;&gt; &quot;&lt;urn:RecipientID&gt;102&lt;/urn:RecipientID&gt;[\n]&quot;
14:13:24.057 [Test worker] DEBUG org.apache.http.wire -  &gt;&gt; &quot;&lt;/urn:GenServiceActivationRequest&gt;[\n]&quot;
14:13:24.057 [Test worker] DEBUG org.apache.http.wire -  &gt;&gt; &quot;&lt;/urn:MessageContent&gt;[\n]&quot;
14:13:24.057 [Test worker] DEBUG org.apache.http.wire -  &gt;&gt; &quot;&lt;/urn:GenericNPMessage&gt;]]&gt;&lt;/inputXML&gt;[\n]&quot;
14:13:24.057 [Test worker] DEBUG org.apache.http.wire -  &gt;&gt; &quot;&lt;/npc:processRequest&gt;[\n]&quot;
14:13:24.057 [Test worker] DEBUG org.apache.http.wire -  &gt;&gt; &quot;&lt;/soapenv:Body&gt;[\n]&quot;
14:13:24.057 [Test worker] DEBUG org.apache.http.wire -  &gt;&gt; &quot;&lt;/soapenv:Envelope&gt;&quot;
14:13:24.389 [Test worker] DEBUG org.apache.http.wire -  &lt;&lt; &quot;HTTP/1.1 200 OK[\r][\n]&quot;
14:13:24.392 [Test worker] DEBUG org.apache.http.wire -  &lt;&lt; &quot;Server: Apache-Coyote/1.1[\r][\n]&quot;
14:13:24.392 [Test worker] DEBUG org.apache.http.wire -  &lt;&lt; &quot;X-Powered-By: Servlet 2.4; JBoss-4.2.3.GA (build: SVNTag=JBoss_4_2_3_GA date=200807181417)/JBossWeb-2.0[\r][\n]&quot;
14:13:24.392 [Test worker] DEBUG org.apache.http.wire -  &lt;&lt; &quot;Content-Type: text/xml;charset=UTF-8[\r][\n]&quot;
14:13:24.392 [Test worker] DEBUG org.apache.http.wire -  &lt;&lt; &quot;Transfer-Encoding: chunked[\r][\n]&quot;
14:13:24.392 [Test worker] DEBUG org.apache.http.wire -  &lt;&lt; &quot;Date: Wed, 01 Jun 2022 19:14:00 GMT[\r][\n]&quot;
14:13:24.393 [Test worker] DEBUG org.apache.http.wire -  &lt;&lt; &quot;[\r][\n]&quot;
14:13:24.393 [Test worker] DEBUG org.apache.http.impl.conn.DefaultClientConnection - Receiving response: HTTP/1.1 200 OK
14:13:24.393 [Test worker] DEBUG org.apache.http.headers - &lt;&lt; HTTP/1.1 200 OK
14:13:24.393 [Test worker] DEBUG org.apache.http.headers - &lt;&lt; Server: Apache-Coyote/1.1
14:13:24.393 [Test worker] DEBUG org.apache.http.headers - &lt;&lt; X-Powered-By: Servlet 2.4; JBoss-4.2.3.GA (build: SVNTag=JBoss_4_2_3_GA date=200807181417)/JBossWeb-2.0
14:13:24.393 [Test worker] DEBUG org.apache.http.headers - &lt;&lt; Content-Type: text/xml;charset=UTF-8
14:13:24.394 [Test worker] DEBUG org.apache.http.headers - &lt;&lt; Transfer-Encoding: chunked
14:13:24.394 [Test worker] DEBUG org.apache.http.headers - &lt;&lt; Date: Wed, 01 Jun 2022 19:14:00 GMT
14:13:24.398 [Test worker] DEBUG org.apache.http.impl.client.DefaultHttpClient - Connection can be kept alive indefinitely
14:13:24.414 [Test worker] DEBUG io.restassured.internal.RequestSpecificationImpl$RestAssuredHttpBuilder - Parsing response as: text/xml;charset=UTF-8
14:13:24.414 [Test worker] DEBUG io.restassured.internal.RequestSpecificationImpl$RestAssuredHttpBuilder - Parsed data to instance of: class org.apache.http.conn.EofSensorInputStream
14:13:24.463 [Test worker] DEBUG org.apache.http.wire -  &lt;&lt; &quot;ef[\r][\n]&quot;
14:13:24.463 [Test worker] DEBUG org.apache.http.wire -  &lt;&lt; &quot;&lt;env:Envelope xmlns:env='http://schemas.xmlsoap.org/soap/envelope/'&gt;&lt;env:Header&gt;&lt;/env:Header&gt;&lt;env:Body&gt;&lt;ns1:processRequestResponse xmlns:ns1=&quot;http://NPCRMWS.hp.com/&quot;&gt;&lt;return&gt;0&lt;/return&gt;&lt;/ns1:processRequestResponse&gt;&lt;/env:Body&gt;&lt;/env:Envelope&gt;&quot;
14:13:24.464 [Test worker] DEBUG org.apache.http.wire -  &lt;&lt; &quot;[\r][\n]&quot;
14:13:24.464 [Test worker] DEBUG org.apache.http.wire -  &lt;&lt; &quot;0[\r][\n]&quot;
14:13:24.464 [Test worker] DEBUG org.apache.http.wire -  &lt;&lt; &quot;[\r][\n]&quot;
14:13:24.464 [Test worker] DEBUG org.apache.http.impl.conn.BasicClientConnectionManager - Releasing connection org.apache.http.impl.conn.ManagedClientConnectionImpl@85a9147
14:13:24.464 [Test worker] DEBUG org.apache.http.impl.conn.BasicClientConnectionManager - Connection can be kept alive indefinitely
null
14:13:24.787 [Test worker] DEBUG net.serenitybdd.core.photography.Darkroom - Send negative for processing for C:\SanitySemilla2\target\site\serenity\84298dcdcfb02f92a785506d9e55d5b289e408337cdd838d84ad9d3564cc4d55.png
conexion iniciada
comando ejecutado
comando no logro ejecucion
comando no ejecutado
comando no ejecutado
comando no ejecutado
14:13:25.469 [Test worker] DEBUG net.serenitybdd.core.photography.Darkroom - Send negative for processing for C:\SanitySemilla2\target\site\serenity\84298dcdcfb02f92a785506d9e55d5b289e408337cdd838d84ad9d3564cc4d55.png
14:13:31.467 [Test worker] DEBUG net.serenitybdd.core.photography.Darkroom - Send negative for processing for C:\SanitySemilla2\target\site\serenity\d1a29ba9ed0d97404427667be05c29bc082e4544a33652a61c803fb1ac707afd.png
14:13:31.468 [Darkroom Processing Line] DEBUG net.serenitybdd.core.photography.DarkroomProcessingLine - Processing screenshot image in /var/screenshots/screenshot-5552809424187405470
14:13:31.468 [Darkroom Processing Line] DEBUG net.serenitybdd.core.photography.DarkroomProcessingLine - Saving screenshot to C:\SanitySemilla2\target\site\serenity\d1a29ba9ed0d97404427667be05c29bc082e4544a33652a61c803fb1ac707afd.png
14:13:31.968 [Test worker] DEBUG net.serenitybdd.core.photography.Darkroom - Send negative for processing for C:\SanitySemilla2\target\site\serenity\17f00774fdd2c417e306d367e8dbadac97855b202d593d5ad439becf710e6afb.png
14:13:32.356 [Test worker] DEBUG net.serenitybdd.core.photography.Darkroom - Send negative for processing for C:\SanitySemilla2\target\site\serenity\2e434a84a5528cbbca89a10c3682c02930e1aee001abbfa9c6d063c9f2799ac1.png
14:13:32.357 [Darkroom Processing Line] DEBUG net.serenitybdd.core.photography.DarkroomProcessingLine - Processing screenshot image in /var/screenshots/screenshot-2618779020763155690
14:13:32.357 [Darkroom Processing Line] DEBUG net.serenitybdd.core.photography.DarkroomProcessingLine - Saving screenshot to C:\SanitySemilla2\target\site\serenity\2e434a84a5528cbbca89a10c3682c02930e1aee001abbfa9c6d063c9f2799ac1.png
14:13:32.917 [Test worker] DEBUG net.serenitybdd.core.photography.Darkroom - Send negative for processing for C:\SanitySemilla2\target\site\serenity\53774b9af10fe626f140ab2a03cef7edebb64200c4dee4222cc40f50bcb0bb69.png
14:13:32.917 [Darkroom Processing Line] DEBUG net.serenitybdd.core.photography.DarkroomProcessingLine - Processing screenshot image in /var/screenshots/screenshot-9160216903525891802
14:13:32.917 [Darkroom Processing Line] DEBUG net.serenitybdd.core.photography.DarkroomProcessingLine - Saving screenshot to C:\SanitySemilla2\target\site\serenity\53774b9af10fe626f140ab2a03cef7edebb64200c4dee4222cc40f50bcb0bb69.png
14:14:18.690 [Test worker] DEBUG net.serenitybdd.core.photography.Darkroom - Send negative for processing for C:\SanitySemilla2\target\site\serenity\5316654b5319eeb2fbfc329c91059bbd6b263dfe657de78e16c3763e5f0a10b5.png
14:14:18.693 [Darkroom Processing Line] DEBUG net.serenitybdd.core.photography.DarkroomProcessingLine - Processing screenshot image in /var/screenshots/screenshot-8321337903559845628
14:14:18.693 [Darkroom Processing Line] DEBUG net.serenitybdd.core.photography.DarkroomProcessingLine - Saving screenshot to C:\SanitySemilla2\target\site\serenity\5316654b5319eeb2fbfc329c91059bbd6b263dfe657de78e16c3763e5f0a10b5.png
14:14:20.433 [Test worker] ERROR net.thucydides.core.steps.ConsoleLoggingListener - ?[91m
           __  _____ _____ ____ _____   _____ _    ___ _     _____ ____  
  _       / / |_   _| ____/ ___|_   _| |  ___/ \  |_ _| |   | ____|  _ \ 
 (_)_____| |    | | |  _| \___ \ | |   | |_ / _ \  | || |   |  _| | | | |
  _|_____| |    | | | |___ ___) || |   |  _/ ___ \ | || |___| |___| |_| |
 (_)     | |    |_| |_____|____/ |_|   |_|/_/   \_\___|_____|_____|____/ 
          \_\                                                            

TEST FAILED WITH ERROR: se requiere realizar una portabilidad prepago
---------------------------------------------------------------------?[0m
14:14:20.436 [Test worker] DEBUG net.thucydides.core.steps.ConsoleLoggingListener - RELATED ISSUES: 
14:14:20.500 [Test worker] ERROR net.thucydides.core.steps.ConsoleLoggingListener - ?[91mTEST FAILED AT STEP Then Se deberia ver en pantalla unica la linea en estado activado la linea prepago portada?[0m
14:14:20.500 [Test worker] ERROR net.thucydides.core.steps.ConsoleLoggingListener - Unable to locate element: #j_id135\:j_id161
</pre>
</span>
</div>
<div id="tab3" class="tab">
<h2>Standard error</h2>
<span class="code">
<pre>jun 01, 2022 2:12:00 PM org.openqa.selenium.remote.DesiredCapabilities firefox
INFORMACIÓN: Using `new FirefoxOptions()` is preferred to `DesiredCapabilities.firefox()`
jun 01, 2022 2:12:00 PM org.openqa.selenium.remote.DesiredCapabilities firefox
INFORMACIÓN: Using `new FirefoxOptions()` is preferred to `DesiredCapabilities.firefox()`
1654110721372	geckodriver	INFO	Listening on 127.0.0.1:33857
1654110721845	mozrunner::runner	INFO	Running command: &quot;C:\\Program Files\\Mozilla Firefox\\firefox.exe&quot; &quot;--marionette&quot; &quot;-foreground&quot; &quot;-no-remote&quot; &quot;-profile&quot; &quot;C:\\Users\\PROJEC~1\\AppData\\Local\\Temp\\rust_mozprofileHG0rBz&quot;
1654110722176	addons.webextension.doh-rollout@mozilla.org	WARN	Loading extension 'doh-rollout@mozilla.org': Reading manifest: Invalid extension permission: networkStatus
1654110722196	addons.webextension.screenshots@mozilla.org	WARN	Loading extension 'screenshots@mozilla.org': Reading manifest: Invalid extension permission: mozillaAddons
1654110722196	addons.webextension.screenshots@mozilla.org	WARN	Loading extension 'screenshots@mozilla.org': Reading manifest: Invalid extension permission: telemetry
1654110722196	addons.webextension.screenshots@mozilla.org	WARN	Loading extension 'screenshots@mozilla.org': Reading manifest: Invalid extension permission: resource://pdf.js/
1654110722196	addons.webextension.screenshots@mozilla.org	WARN	Loading extension 'screenshots@mozilla.org': Reading manifest: Invalid extension permission: about:reader*
JavaScript error: resource://gre/modules/XULStore.jsm, line 66: Error: Can't find profile directory.
1654110723559	Marionette	INFO	Listening on port 58016
1654110723882	Marionette	WARN	TLS certificate errors will be ignored for this session
jun 01, 2022 2:12:03 PM org.openqa.selenium.remote.ProtocolHandshake createSession
INFORMACIÓN: Detected dialect: W3C
JavaScript error: http://10.69.60.61:8280/portal/scripts/3.8.16.Final-redhat-1/SHARED/bootstrap-min.js, line 7: Error: Script error for: SHARED/jquery
http://requirejs.org/docs/errors.html#scripterror
JavaScript error: http://10.69.60.61:8280/portal/scripts/3.8.16.Final-redhat-1/SHARED/bootstrap-min.js, line 7: Error: Script error for: SHARED/navigation
http://requirejs.org/docs/errors.html#scripterror
JavaScript error: http://10.69.60.61:8280/portal/scripts/3.8.16.Final-redhat-1/SHARED/bootstrap-min.js, line 7: Error: Script error for: SHARED/base
http://requirejs.org/docs/errors.html#scripterror
JavaScript warning: http://10.69.60.61:8280/portal/CRMPortal/Consultas?portal:windowState=normal&amp;portal:componentId=gtnc323725e-6efe-4037-9f93-1bc06edfa941&amp;portal:resourceID=/org.rf.res/org/richfaces/ui.pack.js&amp;portal:cacheLevel=PAGE&amp;portal:type=resource&amp;portal:portletMode=view, line 10431: unreachable code after return statement
JavaScript warning: http://10.69.60.61:8280/portal/CRMPortal/Consultas?portal:windowState=normal&amp;portal:componentId=gtnc323725e-6efe-4037-9f93-1bc06edfa941&amp;portal:resourceID=/org.rf.res/org/richfaces/ui.pack.js&amp;portal:cacheLevel=PAGE&amp;portal:type=resource&amp;portal:portletMode=view, line 10431: unreachable code after return statement
JavaScript error: http://10.69.60.61:8280/portal/CRMPortal/Consultas, line 1: ReferenceError: setIframeListeners is not defined
JavaScript warning: http://10.69.60.61:8280/portal/CRMPortal/Consultas?portal:windowState=normal&amp;portal:componentId=gtnc323725e-6efe-4037-9f93-1bc06edfa941&amp;portal:resourceID=/org.rf.res/org/richfaces/ui.pack.js&amp;portal:cacheLevel=PAGE&amp;portal:type=resource&amp;portal:portletMode=view, line 10431: unreachable code after return statement
JavaScript warning: http://10.69.60.61:8280/portal/CRMPortal/Consultas?portal:windowState=normal&amp;portal:componentId=gtnc323725e-6efe-4037-9f93-1bc06edfa941&amp;portal:resourceID=/org.rf.res/org/richfaces/ui.pack.js&amp;portal:cacheLevel=PAGE&amp;portal:type=resource&amp;portal:portletMode=view, line 10431: unreachable code after return statement
JavaScript error: http://10.69.60.61:8280/portal/CRMPortal/Consultas, line 1: ReferenceError: setIframeListeners is not defined
JavaScript error: http://10.69.60.61:8280/portal/CRMPortal/Consultas, line 1: ReferenceError: setIframeListeners is not defined
JavaScript warning: http://10.69.60.61:8280/portal/CRMPortal/Consultas?portal:windowState=normal&amp;portal:componentId=gtnc323725e-6efe-4037-9f93-1bc06edfa941&amp;portal:resourceID=/org.rf.res/org/richfaces/ui.pack.js&amp;portal:cacheLevel=PAGE&amp;portal:type=resource&amp;portal:portletMode=view, line 10431: unreachable code after return statement
JavaScript warning: http://10.69.60.61:8280/portal/CRMPortal/Consultas?portal:windowState=normal&amp;portal:componentId=gtnc323725e-6efe-4037-9f93-1bc06edfa941&amp;portal:resourceID=/org.rf.res/org/richfaces/ui.pack.js&amp;portal:cacheLevel=PAGE&amp;portal:type=resource&amp;portal:portletMode=view, line 10431: unreachable code after return statement
JavaScript error: http://10.69.60.61:8280/portal/CRMPortal/Consultas, line 1: ReferenceError: setIframeListeners is not defined
JavaScript error: http://10.69.60.61:8280/portal/CRMPortal/Consultas, line 1: ReferenceError: setIframeListeners is not defined
1654110858832	Marionette	INFO	Stopped listening on port 58016

###!!! [Child][MessageChannel::SendAndWait] Error: Channel error: cannot send/recv

</pre>
</span>
</div>
</div>
<div id="footer">
<p>
<div>
<label class="hidden" id="label-for-line-wrapping-toggle" for="line-wrapping-toggle">Wrap lines
<input id="line-wrapping-toggle" type="checkbox" autocomplete="off"/>
</label>
</div>Generated by 
<a href="http://www.gradle.org">Gradle 7.1</a> at 1/06/2022 02:14:21 PM</p>
</div>
</div>
</body>
</html>
